Logfile created: 2019/04/18 13:51:20
Setting the device to never fall asleep.
Opening the panel
Starting panel animation
OnApplicationFocus(True) started
Reading XML file at 'C:/Users/Ryan/Documents/Polymoney/Assets/StreamingAssets\lang/eng.xml'
Panel animation complete
Opening the panel is complete
Closing the panel
Starting panel animation
Opening the panel
Starting panel animation
Panel animation complete
Closing the panel is complete
Panel animation complete
Opening the panel is complete
OnStartHost()
Server: Setting broadcast data to 'PolymoneyGame::192.168.1.155:20120'
OnLobbyStartHost()
OnStartServer()
OnLobbyStartServer()
Server: A new client has connected.
OnStartClient(client=UnityEngine.Networking.LocalClient) for server at 
OnLobbyStartClient(client=UnityEngine.Networking.LocalClient)
OnClientConnect(conn=hostId: -1 connectionId: 0 isReady: False channel count: 0)
OnLobbyClientConnect(conn=hostId: -1 connectionId: 0 isReady: False channel count: 0) with address localServer)
Opening the panel
Starting panel animation
Closing the panel
Starting panel animation
Server: A player was added.
OnLobbyServerCreateLobbyPlayer(conn=hostId: -1 connectionId: 0 isReady: True channel count: 0, controllerId=0)
Panel animation complete
Opening the panel is complete
Panel animation complete
Closing the panel is complete
OnLobbyServerPlayersReady()
OnClientNotReady(conn=hostId: -1 connectionId: 0 isReady: True channel count: 0)
The initial state will be 'FlowPhase(0x1, INTRO_WORLD)'
OnLobbyServerCreateGamePlayer(conn=hostId: -1 connectionId: 0 isReady: False channel count: 0, controllerId=0)
The player Player would like to run for mayor.
Game unpaused
Player 'Player' (netid: 2) was registered
The authoritative player's name is 'Player'
Closing the panel
Starting panel animation
Building 'Industrial' (netid: 3) was registered
The luminance was changed to 0.3
Building 'Lake' (netid: 4) was registered
The luminance was changed to 0.3
Building 'Building (7)' (netid: 5) was registered
The luminance was changed to 0.2
Building 'Tree' (netid: 6) was registered
The luminance was changed to 0.3
Building 'Administration' (netid: 7) was registered
The luminance was changed to 0.7
Building 'Garden' (netid: 8) was registered
The luminance was changed to 0.3
Building 'Building (9)' (netid: 9) was registered
The luminance was changed to 0.2
Building 'Villa' (netid: 10) was registered
The luminance was changed to 0.3
Building 'Park' (netid: 11) was registered
The luminance was changed to 0.3
Building 'School' (netid: 12) was registered
The luminance was changed to 0.7
Building 'Building (5)' (netid: 13) was registered
The luminance was changed to 0.2
Building 'Offices' (netid: 14) was registered
The luminance was changed to 0.7
Building 'Building (2)' (netid: 15) was registered
The luminance was changed to 0.2
Building 'City Hall' (netid: 16) was registered
The luminance was changed to 0.1
Building 'Building (3)' (netid: 17) was registered
The luminance was changed to 0.2
Building 'Building (4)' (netid: 18) was registered
The luminance was changed to 0.2
Server: Adding myself as exit condition to the state 'PLAYER_EVENTS'
Server: Adding myself as exit condition to the state 'INTRO_WORLD'
Server: Adding myself as exit condition to the state 'PLAYER_TRADE'
Server: Adding myself as exit condition to the state 'END_MONTH_DISPLAY'
Server: Adding myself as exit condition to the state 'Q_INTRODUCTION'
Server: Adding myself as exit condition to the state 'MOVEMENT_TUTO'
Server: Adding myself as exit condition to the state 'Q_MARKET'
Server: Adding myself as exit condition to the state 'PLAYER_INTRODUCTION'
Server: Adding myself as exit condition to the state 'END'
Server: Adding myself as exit condition to the state 'GAMEOVER'
Server: Adding myself as exit condition to the state 'SUMMARY'
Opening the panel
Starting panel animation
Loaded level data from leveldata.json
Rpc: Set Guid of Offer 'IndustrialBuildingDeed' to '56074f02-4521-408c-ae83-b3d56dfb0884'
Rpc: Set Guid of Offer 'VillaDeed' to '07d7cda4-1462-4996-90bc-0747c305a752'
Rpc: Set Guid of Offer 'ParkDeed' to '3e17cc51-f371-44a3-bef8-430452af540e'
Rpc: Set Guid of Offer 'LakeDeed' to 'fd4f6403-250a-43a2-88fe-1310162ba552'
Rpc: Set Guid of Offer 'TreeDeed' to 'bb661dca-de43-4f99-9089-e0e246d83634'
Rpc: Set Guid of Offer 'GardenDeed' to 'b7e33911-482d-4046-89dd-4c69aefcabbc'
All player objects are initialized on this client and the level data is available
Cmd: A client has completed loading the player objects.
Rpc: All clients have completed loading their player objects.
Server: Running character generation
Closing the panel
Starting panel animation
Found NetworkIdentity NLobbyPlayer(Clone) - 1
Found NetworkIdentity Player - 2
Found NetworkIdentity Industrial - 3
Found NetworkIdentity Lake - 4
Found NetworkIdentity Building (7) - 5
Found NetworkIdentity Tree - 6
Found NetworkIdentity Administration - 7
Found NetworkIdentity Garden - 8
Found NetworkIdentity Building (9) - 9
Found NetworkIdentity Villa - 10
Found NetworkIdentity Park - 11
Found NetworkIdentity School - 12
Found NetworkIdentity Building (5) - 13
Found NetworkIdentity Offices - 14
Found NetworkIdentity Building (2) - 15
Found NetworkIdentity City Hall - 16
Found NetworkIdentity Building (3) - 17
Found NetworkIdentity Building (4) - 18
Found NetworkIdentity NLevel - 19
Rpc: The player (netid: 2) is now called 'Player'.
Rpc: The player (netid: 2) is now mayor: True
Rpc: The player 'Player' (netid: 2) now has the person Person(i=0, t=mayorPerson0Name).
Rpc: The player 'Player' (netid: 2) now has the home Home(i=0, t=mayorHome0Title, r=0).
Rpc: The player 'Player' (netid: 2) now has the job Job(i=0, t=mayorJob0Title, s=0).
Rpc: Adding a talent: Talent(i=0, t=mayorTalent0Title, d=mayorTalent0Description, ty=mayorTalent0Type, tags=[Infrastructure]) (json: {"title":"mayorTalent0Title","description":"mayorTalent0Description","id":0,"type":"mayorTalent0Type","tags":["Infrastructure"]})
Rpc: Market d4b1d06d-9466-45cf-81e8-4f6891c9252b has a new seller: Player.
Rpc: The player Player now owns the marketplace d4b1d06d-9466-45cf-81e8-4f6891c9252b.
Rpc: Market 680ceaff-b9aa-45ff-9c39-cb026e389b78 has a new seller: Player.
Loading the character model for player 'Player' (netid: 2, mayor: True).
started for major
Panel animation complete
Closing the panel is complete
Panel animation complete
Opening the panel is complete
Panel animation complete
Closing the panel is complete
Opening the panel
Starting panel animation
Panel animation complete
Opening the panel is complete
Closing the panel
Starting panel animation
Panel animation complete
Closing the panel is complete
Opening the panel
Starting panel animation
Panel animation complete
Opening the panel is complete
Closing the panel
Starting panel animation
Panel animation complete
Closing the panel is complete
Opening the panel
Starting panel animation
Panel animation complete
Opening the panel is complete
Closing the panel
Starting panel animation
Panel animation complete
Closing the panel is complete
Server: A player has completed their turn
Server: All players have completed their turn
Exit flow state to: FlowPhase(0x4, PLAYER_INTRODUCTION)
Server: Resetting the end-turn flow condition
Opening the panel
Starting panel animation
Panel animation complete
Opening the panel is complete
Closing the panel
Starting panel animation
Panel animation complete
Closing the panel is complete
Opening the panel
Starting panel animation
Panel animation complete
Opening the panel is complete
Closing the panel
Starting panel animation
Panel animation complete
Closing the panel is complete
Opening the panel
Starting panel animation
Panel animation complete
Opening the panel is complete
Closing the panel
Starting panel animation
Panel animation complete
Closing the panel is complete
Opening the panel
Starting panel animation
Panel animation complete
Opening the panel is complete
Closing the panel
Starting panel animation
Panel animation complete
Closing the panel is complete
Opening the panel
Starting panel animation
Panel animation complete
Opening the panel is complete
Closing the panel
Starting panel animation
Panel animation complete
Closing the panel is complete
Server: A player has completed their turn
Server: All players have completed their turn
Exit flow state to: FlowPhase(0x2000, MOVEMENT_TUTO)
Server: Resetting the end-turn flow condition
movement start
Opening the panel
Starting panel animation
Panel animation complete
Opening the panel is complete
Closing the panel
Starting panel animation
Panel animation complete
Closing the panel is complete
check movement
Opening the panel
Starting panel animation
Panel animation complete
Opening the panel is complete
Closing the panel
Starting panel animation
Panel animation complete
Closing the panel is complete
Server: A player has completed their turn
Server: All players have completed their turn
Exit flow state to: FlowPhase(0x8, BEGIN_MONTH)
Server: Adding recurrent incidents to each player
Server: Resetting the end-turn flow condition
movement end
maintenance start
Rpc: Adding an incident: Incident(id=33, title='incident33Title', state=UNTOUCHED, instanceId=b7a9e8d2-9fbd-449a-b042-98501fdbfe15) (json: {"instanceId":{"Value":"b7a9e8d2-9fbd-449a-b042-98501fdbfe15"},"id":33,"title":"incident33Title","description":"incident33Description","state":0,"ignorable":true,"immediate":false,"influenceable":true,"pickPoolSize":0,"month":0,"type":"RecurrentCity","tags":["A","Recurrent","City","Infrastructure"],"addSerializedOffer":"","applicationCost":{"expenses":[{"currency":"FIAT","value":0}],"breakBuilding":4294967295,"time":0},"applicationBenefit":{"removeIncident":[],"addTalent":[],"fairyDust":0,"income":[],"repairBuilding":4294967295},"ignoranceCost":{"expenses":[],"breakBuilding":4294967295,"time":0}})
Linking the incident Incident(id=33, title='incident33Title', state=UNTOUCHED, instanceId=b7a9e8d2-9fbd-449a-b042-98501fdbfe15) to the building
Cmd: The player Player requests to update an incident.
Rpc: Adding an incident: Incident(id=34, title='incident34Title', state=UNTOUCHED, instanceId=d467f7a3-3924-497f-be86-8af46d081590) (json: {"instanceId":{"Value":"d467f7a3-3924-497f-be86-8af46d081590"},"id":34,"title":"incident34Title","description":"incident34Description","state":0,"ignorable":true,"immediate":false,"influenceable":true,"pickPoolSize":0,"month":0,"type":"RecurrentCity","tags":["B","Recurrent","City","Infrastructure"],"addSerializedOffer":"","applicationCost":{"expenses":[{"currency":"FIAT","value":0}],"breakBuilding":4294967295,"time":0},"applicationBenefit":{"removeIncident":[],"addTalent":[],"fairyDust":0,"income":[],"repairBuilding":4294967295},"ignoranceCost":{"expenses":[],"breakBuilding":4294967295,"time":0}})
Linking the incident Incident(id=34, title='incident34Title', state=UNTOUCHED, instanceId=d467f7a3-3924-497f-be86-8af46d081590) to the building
Cmd: The player Player requests to update an incident.
Rpc: Adding an incident: Incident(id=35, title='incident35Title', state=UNTOUCHED, instanceId=f7c9f03c-d4db-44f2-bedc-6897ca12324a) (json: {"instanceId":{"Value":"f7c9f03c-d4db-44f2-bedc-6897ca12324a"},"id":35,"title":"incident35Title","description":"incident35Description","state":0,"ignorable":true,"immediate":false,"influenceable":true,"pickPoolSize":0,"month":0,"type":"RecurrentCity","tags":["C","Recurrent","City","Infrastructure"],"addSerializedOffer":"","applicationCost":{"expenses":[{"currency":"FIAT","value":0}],"breakBuilding":4294967295,"time":0},"applicationBenefit":{"removeIncident":[],"addTalent":[],"fairyDust":0,"income":[],"repairBuilding":4294967295},"ignoranceCost":{"expenses":[],"breakBuilding":4294967295,"time":0}})
Linking the incident Incident(id=35, title='incident35Title', state=UNTOUCHED, instanceId=f7c9f03c-d4db-44f2-bedc-6897ca12324a) to the building
Cmd: The player Player requests to update an incident.
Rpc: Adding an incident: Incident(id=36, title='incident36Title', state=UNTOUCHED, instanceId=d19d1eb1-c4a2-4f28-91ea-02da431af2a9) (json: {"instanceId":{"Value":"d19d1eb1-c4a2-4f28-91ea-02da431af2a9"},"id":36,"title":"incident36Title","description":"incident36Description","state":0,"ignorable":true,"immediate":false,"influenceable":true,"pickPoolSize":0,"month":0,"type":"RecurrentCity","tags":["D","Recurrent","City","Infrastructure"],"addSerializedOffer":"","applicationCost":{"expenses":[{"currency":"FIAT","value":0}],"breakBuilding":4294967295,"time":0},"applicationBenefit":{"removeIncident":[],"addTalent":[],"fairyDust":0,"income":[],"repairBuilding":4294967295},"ignoranceCost":{"expenses":[],"breakBuilding":4294967295,"time":0}})
Linking the incident Incident(id=36, title='incident36Title', state=UNTOUCHED, instanceId=d19d1eb1-c4a2-4f28-91ea-02da431af2a9) to the building
Cmd: The player Player requests to update an incident.
Rpc: Adding an incident: Incident(id=37, title='incident37Title', state=UNTOUCHED, instanceId=be1ce4c0-ddb8-4456-ad97-2d6b1aee3e1c) (json: {"instanceId":{"Value":"be1ce4c0-ddb8-4456-ad97-2d6b1aee3e1c"},"id":37,"title":"incident37Title","description":"incident37Description","state":0,"ignorable":true,"immediate":false,"influenceable":true,"pickPoolSize":0,"month":0,"type":"RecurrentCity","tags":["E","Recurrent","City","Infrastructure"],"addSerializedOffer":"","applicationCost":{"expenses":[{"currency":"FIAT","value":0}],"breakBuilding":4294967295,"time":0},"applicationBenefit":{"removeIncident":[],"addTalent":[],"fairyDust":0,"income":[],"repairBuilding":4294967295},"ignoranceCost":{"expenses":[],"breakBuilding":4294967295,"time":0}})
Linking the incident Incident(id=37, title='incident37Title', state=UNTOUCHED, instanceId=be1ce4c0-ddb8-4456-ad97-2d6b1aee3e1c) to the building
Cmd: The player Player requests to update an incident.
Rpc: Adding an incident: Incident(id=38, title='incident38Title', state=UNTOUCHED, instanceId=274d18ef-732a-4a92-b88b-400f3d2ddb82) (json: {"instanceId":{"Value":"274d18ef-732a-4a92-b88b-400f3d2ddb82"},"id":38,"title":"incident38Title","description":"incident38Description","state":0,"ignorable":true,"immediate":false,"influenceable":true,"pickPoolSize":0,"month":0,"type":"RecurrentCity","tags":["F","Recurrent","City","Infrastructure"],"addSerializedOffer":"","applicationCost":{"expenses":[{"currency":"FIAT","value":0}],"breakBuilding":4294967295,"time":0},"applicationBenefit":{"removeIncident":[],"addTalent":[],"fairyDust":0,"income":[],"repairBuilding":4294967295},"ignoranceCost":{"expenses":[],"breakBuilding":4294967295,"time":0}})
Linking the incident Incident(id=38, title='incident38Title', state=UNTOUCHED, instanceId=274d18ef-732a-4a92-b88b-400f3d2ddb82) to the building
Cmd: The player Player requests to update an incident.
Rpc: Adding an incident: Incident(id=39, title='incident39Title', state=UNTOUCHED, instanceId=47bdfadb-d996-47e3-9f28-905cab5ed670) (json: {"instanceId":{"Value":"47bdfadb-d996-47e3-9f28-905cab5ed670"},"id":39,"title":"incident39Title","description":"incident39Description","state":0,"ignorable":true,"immediate":false,"influenceable":true,"pickPoolSize":0,"month":0,"type":"RecurrentCity","tags":["G","Recurrent","City","Infrastructure"],"addSerializedOffer":"","applicationCost":{"expenses":[{"currency":"FIAT","value":0}],"breakBuilding":4294967295,"time":0},"applicationBenefit":{"removeIncident":[],"addTalent":[],"fairyDust":0,"income":[],"repairBuilding":4294967295},"ignoranceCost":{"expenses":[],"breakBuilding":4294967295,"time":0}})
Linking the incident Incident(id=39, title='incident39Title', state=UNTOUCHED, instanceId=47bdfadb-d996-47e3-9f28-905cab5ed670) to the building
Cmd: The player Player requests to update an incident.
Rpc: Adding an incident: Incident(id=40, title='incident40Title', state=UNTOUCHED, instanceId=b403d69c-b261-4070-98c9-4309c19b5aad) (json: {"instanceId":{"Value":"b403d69c-b261-4070-98c9-4309c19b5aad"},"id":40,"title":"incident40Title","description":"incident40Description","state":0,"ignorable":true,"immediate":false,"influenceable":true,"pickPoolSize":0,"month":0,"type":"RecurrentCity","tags":["H","Recurrent","City","Infrastructure"],"addSerializedOffer":"","applicationCost":{"expenses":[{"currency":"FIAT","value":0}],"breakBuilding":4294967295,"time":0},"applicationBenefit":{"removeIncident":[],"addTalent":[],"fairyDust":0,"income":[],"repairBuilding":4294967295},"ignoranceCost":{"expenses":[],"breakBuilding":4294967295,"time":0}})
Linking the incident Incident(id=40, title='incident40Title', state=UNTOUCHED, instanceId=b403d69c-b261-4070-98c9-4309c19b5aad) to the building
Cmd: The player Player requests to update an incident.
Rpc: Adding an incident: Incident(id=41, title='incident41Title', state=UNTOUCHED, instanceId=50380341-fcd8-455c-b489-5a008d44ef67) (json: {"instanceId":{"Value":"50380341-fcd8-455c-b489-5a008d44ef67"},"id":41,"title":"incident41Title","description":"incident41Description","state":0,"ignorable":true,"immediate":false,"influenceable":true,"pickPoolSize":0,"month":0,"type":"RecurrentCity","tags":["I","Recurrent","City","Infrastructure"],"addSerializedOffer":"","applicationCost":{"expenses":[{"currency":"FIAT","value":0}],"breakBuilding":4294967295,"time":0},"applicationBenefit":{"removeIncident":[],"addTalent":[],"fairyDust":0,"income":[],"repairBuilding":4294967295},"ignoranceCost":{"expenses":[],"breakBuilding":4294967295,"time":0}})
Linking the incident Incident(id=41, title='incident41Title', state=UNTOUCHED, instanceId=50380341-fcd8-455c-b489-5a008d44ef67) to the building
Cmd: The player Player requests to update an incident.
Exit flow state to: FlowPhase(0x10, PLAYER_EVENTS)
Opening the panel
Starting panel animation
Server: Resetting the end-turn flow condition
The mayor will not receive any events this month and thus completes their turn.
Server: A player has completed their turn
Server: All players have completed their turn
Exit flow state to: FlowPhase(0x20, PLAYER_TRADE)
Closing the panel
Starting panel animation
Panel animation complete
Closing the panel is complete
Server: Resetting the end-turn flow condition
Opening the panel
Starting panel animation
Panel animation complete
Opening the panel is complete
Closing the panel
Starting panel animation
Panel animation complete
Closing the panel is complete
The entry for key 'incident39Description' in 'eng' is empty. Consider adding text.
Opening the panel
Starting panel animation
Panel animation complete
Opening the panel is complete
Applying the incident Incident(id=39, title='incident39Title', state=UNTOUCHED, instanceId=47bdfadb-d996-47e3-9f28-905cab5ed670) to player Player (Polymoney.Player)
Cmd: The player Player requests to apply the incident Incident(id=39, title='incident39Title', state=UNTOUCHED, instanceId=47bdfadb-d996-47e3-9f28-905cab5ed670).
Server: Repairing the building
Closing the panel
Starting panel animation
Opening the panel
Starting panel animation
Panel animation complete
Opening the panel is complete
Closing the panel
Starting panel animation
Panel animation complete
Closing the panel is complete
The entry for key 'incident38Description' in 'eng' is empty. Consider adding text.
Opening the panel
Starting panel animation
Panel animation complete
Opening the panel is complete
Applying the incident Incident(id=38, title='incident38Title', state=UNTOUCHED, instanceId=274d18ef-732a-4a92-b88b-400f3d2ddb82) to player Player (Polymoney.Player)
Cmd: The player Player requests to apply the incident Incident(id=38, title='incident38Title', state=UNTOUCHED, instanceId=274d18ef-732a-4a92-b88b-400f3d2ddb82).
Server: Repairing the building
Closing the panel
Starting panel animation
Panel animation complete
Closing the panel is complete
The entry for key 'incident34Description' in 'eng' is empty. Consider adding text.
Opening the panel
Starting panel animation
Panel animation complete
Opening the panel is complete
Closing the panel
Starting panel animation
Panel animation complete
Closing the panel is complete
The entry for key 'incident34Description' in 'eng' is empty. Consider adding text.
Opening the panel
Starting panel animation
Panel animation complete
Opening the panel is complete
Applying the incident Incident(id=34, title='incident34Title', state=UNTOUCHED, instanceId=d467f7a3-3924-497f-be86-8af46d081590) to player Player (Polymoney.Player)
Cmd: The player Player requests to apply the incident Incident(id=34, title='incident34Title', state=UNTOUCHED, instanceId=d467f7a3-3924-497f-be86-8af46d081590).
Server: Repairing the building
Closing the panel
Starting panel animation
Panel animation complete
Closing the panel is complete
The entry for key 'incident37Description' in 'eng' is empty. Consider adding text.
Opening the panel
Starting panel animation
Panel animation complete
Opening the panel is complete
Applying the incident Incident(id=37, title='incident37Title', state=UNTOUCHED, instanceId=be1ce4c0-ddb8-4456-ad97-2d6b1aee3e1c) to player Player (Polymoney.Player)
Cmd: The player Player requests to apply the incident Incident(id=37, title='incident37Title', state=UNTOUCHED, instanceId=be1ce4c0-ddb8-4456-ad97-2d6b1aee3e1c).
Server: Repairing the building
Closing the panel
Starting panel animation
Panel animation complete
Closing the panel is complete
The entry for key 'incident36Description' in 'eng' is empty. Consider adding text.
Opening the panel
Starting panel animation
Panel animation complete
Opening the panel is complete
Applying the incident Incident(id=36, title='incident36Title', state=UNTOUCHED, instanceId=d19d1eb1-c4a2-4f28-91ea-02da431af2a9) to player Player (Polymoney.Player)
Cmd: The player Player requests to apply the incident Incident(id=36, title='incident36Title', state=UNTOUCHED, instanceId=d19d1eb1-c4a2-4f28-91ea-02da431af2a9).
Server: Repairing the building
Closing the panel
Starting panel animation
Panel animation complete
Closing the panel is complete
The entry for key 'incident33Description' in 'eng' is empty. Consider adding text.
Opening the panel
Starting panel animation
Panel animation complete
Opening the panel is complete
Applying the incident Incident(id=33, title='incident33Title', state=UNTOUCHED, instanceId=b7a9e8d2-9fbd-449a-b042-98501fdbfe15) to player Player (Polymoney.Player)
Cmd: The player Player requests to apply the incident Incident(id=33, title='incident33Title', state=UNTOUCHED, instanceId=b7a9e8d2-9fbd-449a-b042-98501fdbfe15).
Server: Repairing the building
Closing the panel
Starting panel animation
Panel animation complete
Closing the panel is complete
The entry for key 'incident41Description' in 'eng' is empty. Consider adding text.
Opening the panel
Starting panel animation
Panel animation complete
Opening the panel is complete
Applying the incident Incident(id=41, title='incident41Title', state=UNTOUCHED, instanceId=50380341-fcd8-455c-b489-5a008d44ef67) to player Player (Polymoney.Player)
Cmd: The player Player requests to apply the incident Incident(id=41, title='incident41Title', state=UNTOUCHED, instanceId=50380341-fcd8-455c-b489-5a008d44ef67).
Server: Repairing the building
Closing the panel
Starting panel animation
Panel animation complete
Closing the panel is complete
The entry for key 'incident40Description' in 'eng' is empty. Consider adding text.
Opening the panel
Starting panel animation
Panel animation complete
Opening the panel is complete
Applying the incident Incident(id=40, title='incident40Title', state=UNTOUCHED, instanceId=b403d69c-b261-4070-98c9-4309c19b5aad) to player Player (Polymoney.Player)
Cmd: The player Player requests to apply the incident Incident(id=40, title='incident40Title', state=UNTOUCHED, instanceId=b403d69c-b261-4070-98c9-4309c19b5aad).
Server: Repairing the building
Closing the panel
Starting panel animation
Panel animation complete
Closing the panel is complete
The entry for key 'incident35Description' in 'eng' is empty. Consider adding text.
Opening the panel
Starting panel animation
Panel animation complete
Opening the panel is complete
Applying the incident Incident(id=35, title='incident35Title', state=UNTOUCHED, instanceId=f7c9f03c-d4db-44f2-bedc-6897ca12324a) to player Player (Polymoney.Player)
Cmd: The player Player requests to apply the incident Incident(id=35, title='incident35Title', state=UNTOUCHED, instanceId=f7c9f03c-d4db-44f2-bedc-6897ca12324a).
Server: Repairing the building
Closing the panel
Starting panel animation
Opening the panel
Starting panel animation
Panel animation complete
Opening the panel is complete
Closing the panel
Starting panel animation
Panel animation complete
Closing the panel is complete
Opening the panel
Starting panel animation
Panel animation complete
Opening the panel is complete
Closing the panel
Starting panel animation
Panel animation complete
Closing the panel is complete
Opening the panel
Starting panel animation
Panel animation complete
Opening the panel is complete
Closing the panel
Starting panel animation
Panel animation complete
Closing the panel is complete
Opening the panel
Starting panel animation
Panel animation complete
Opening the panel is complete
Closing the panel
Starting panel animation
Panel animation complete
Closing the panel is complete
Opening the panel
Starting panel animation
Panel animation complete
Opening the panel is complete
Closing the panel
Starting panel animation
Panel animation complete
Closing the panel is complete
Server: A player has completed their turn
Server: All players have completed their turn
Exit flow state to: FlowPhase(0x40, END_MONTH)
Server: Applying each player's incidents, resetting their time, luminance and offers
update critical player mayorPerson0Name with fiat: 1000 and mayor: True and citystate: 1
Incrementing the month counter
Server: Resetting the end-turn flow condition
Exit flow state to: FlowPhase(0x20000, END_MONTH_DISPLAY)
Opening the panel
Starting panel animation
Server: Resetting the end-turn flow condition
[ENDMONTH] Enable Endturn
Panel animation complete
Opening the panel is complete
Server: A player has completed their turn
Server: All players have completed their turn
Exit flow state to: FlowPhase(0x200, FAIRYDUST_SHARING)
Closing the panel
Starting panel animation
Server: Resetting the end-turn flow condition
Exit flow state to: FlowPhase(0x8, BEGIN_MONTH)
Server: Adding recurrent incidents to each player
Server: Resetting the end-turn flow condition
Rpc: Adding an incident: Incident(id=33, title='incident33Title', state=UNTOUCHED, instanceId=07c5c336-5320-4b20-a3b9-72cfff8d31b0) (json: {"instanceId":{"Value":"07c5c336-5320-4b20-a3b9-72cfff8d31b0"},"id":33,"title":"incident33Title","description":"incident33Description","state":0,"ignorable":true,"immediate":false,"influenceable":true,"pickPoolSize":0,"month":0,"type":"RecurrentCity","tags":["A","Recurrent","City","Infrastructure"],"addSerializedOffer":"","applicationCost":{"expenses":[{"currency":"FIAT","value":0}],"breakBuilding":4294967295,"time":0},"applicationBenefit":{"removeIncident":[],"addTalent":[],"fairyDust":0,"income":[],"repairBuilding":4294967295},"ignoranceCost":{"expenses":[],"breakBuilding":4294967295,"time":0}})
Linking the incident Incident(id=33, title='incident33Title', state=UNTOUCHED, instanceId=07c5c336-5320-4b20-a3b9-72cfff8d31b0) to the building
Cmd: The player Player requests to update an incident.
Rpc: Adding an incident: Incident(id=34, title='incident34Title', state=UNTOUCHED, instanceId=82fd1e6b-9a47-4b7a-abeb-0f88b057043c) (json: {"instanceId":{"Value":"82fd1e6b-9a47-4b7a-abeb-0f88b057043c"},"id":34,"title":"incident34Title","description":"incident34Description","state":0,"ignorable":true,"immediate":false,"influenceable":true,"pickPoolSize":0,"month":0,"type":"RecurrentCity","tags":["B","Recurrent","City","Infrastructure"],"addSerializedOffer":"","applicationCost":{"expenses":[{"currency":"FIAT","value":0}],"breakBuilding":4294967295,"time":0},"applicationBenefit":{"removeIncident":[],"addTalent":[],"fairyDust":0,"income":[],"repairBuilding":4294967295},"ignoranceCost":{"expenses":[],"breakBuilding":4294967295,"time":0}})
Linking the incident Incident(id=34, title='incident34Title', state=UNTOUCHED, instanceId=82fd1e6b-9a47-4b7a-abeb-0f88b057043c) to the building
Cmd: The player Player requests to update an incident.
Rpc: Adding an incident: Incident(id=35, title='incident35Title', state=UNTOUCHED, instanceId=eaa5ac63-a0bb-4958-88cb-e60cb0971557) (json: {"instanceId":{"Value":"eaa5ac63-a0bb-4958-88cb-e60cb0971557"},"id":35,"title":"incident35Title","description":"incident35Description","state":0,"ignorable":true,"immediate":false,"influenceable":true,"pickPoolSize":0,"month":0,"type":"RecurrentCity","tags":["C","Recurrent","City","Infrastructure"],"addSerializedOffer":"","applicationCost":{"expenses":[{"currency":"FIAT","value":0}],"breakBuilding":4294967295,"time":0},"applicationBenefit":{"removeIncident":[],"addTalent":[],"fairyDust":0,"income":[],"repairBuilding":4294967295},"ignoranceCost":{"expenses":[],"breakBuilding":4294967295,"time":0}})
Linking the incident Incident(id=35, title='incident35Title', state=UNTOUCHED, instanceId=eaa5ac63-a0bb-4958-88cb-e60cb0971557) to the building
Cmd: The player Player requests to update an incident.
Rpc: Adding an incident: Incident(id=36, title='incident36Title', state=UNTOUCHED, instanceId=28901510-09a8-4a34-8d40-a99b814be45f) (json: {"instanceId":{"Value":"28901510-09a8-4a34-8d40-a99b814be45f"},"id":36,"title":"incident36Title","description":"incident36Description","state":0,"ignorable":true,"immediate":false,"influenceable":true,"pickPoolSize":0,"month":0,"type":"RecurrentCity","tags":["D","Recurrent","City","Infrastructure"],"addSerializedOffer":"","applicationCost":{"expenses":[{"currency":"FIAT","value":0}],"breakBuilding":4294967295,"time":0},"applicationBenefit":{"removeIncident":[],"addTalent":[],"fairyDust":0,"income":[],"repairBuilding":4294967295},"ignoranceCost":{"expenses":[],"breakBuilding":4294967295,"time":0}})
Linking the incident Incident(id=36, title='incident36Title', state=UNTOUCHED, instanceId=28901510-09a8-4a34-8d40-a99b814be45f) to the building
Cmd: The player Player requests to update an incident.
Rpc: Adding an incident: Incident(id=37, title='incident37Title', state=UNTOUCHED, instanceId=041a9e8d-e286-4e4b-92bb-8a41f20d5393) (json: {"instanceId":{"Value":"041a9e8d-e286-4e4b-92bb-8a41f20d5393"},"id":37,"title":"incident37Title","description":"incident37Description","state":0,"ignorable":true,"immediate":false,"influenceable":true,"pickPoolSize":0,"month":0,"type":"RecurrentCity","tags":["E","Recurrent","City","Infrastructure"],"addSerializedOffer":"","applicationCost":{"expenses":[{"currency":"FIAT","value":0}],"breakBuilding":4294967295,"time":0},"applicationBenefit":{"removeIncident":[],"addTalent":[],"fairyDust":0,"income":[],"repairBuilding":4294967295},"ignoranceCost":{"expenses":[],"breakBuilding":4294967295,"time":0}})
Linking the incident Incident(id=37, title='incident37Title', state=UNTOUCHED, instanceId=041a9e8d-e286-4e4b-92bb-8a41f20d5393) to the building
Cmd: The player Player requests to update an incident.
Rpc: Adding an incident: Incident(id=38, title='incident38Title', state=UNTOUCHED, instanceId=6a10c1fa-8d26-4376-bd65-53c129509eeb) (json: {"instanceId":{"Value":"6a10c1fa-8d26-4376-bd65-53c129509eeb"},"id":38,"title":"incident38Title","description":"incident38Description","state":0,"ignorable":true,"immediate":false,"influenceable":true,"pickPoolSize":0,"month":0,"type":"RecurrentCity","tags":["F","Recurrent","City","Infrastructure"],"addSerializedOffer":"","applicationCost":{"expenses":[{"currency":"FIAT","value":0}],"breakBuilding":4294967295,"time":0},"applicationBenefit":{"removeIncident":[],"addTalent":[],"fairyDust":0,"income":[],"repairBuilding":4294967295},"ignoranceCost":{"expenses":[],"breakBuilding":4294967295,"time":0}})
Linking the incident Incident(id=38, title='incident38Title', state=UNTOUCHED, instanceId=6a10c1fa-8d26-4376-bd65-53c129509eeb) to the building
Cmd: The player Player requests to update an incident.
Rpc: Adding an incident: Incident(id=39, title='incident39Title', state=UNTOUCHED, instanceId=13dc9888-af25-4b1a-ac8e-7f7c812a0473) (json: {"instanceId":{"Value":"13dc9888-af25-4b1a-ac8e-7f7c812a0473"},"id":39,"title":"incident39Title","description":"incident39Description","state":0,"ignorable":true,"immediate":false,"influenceable":true,"pickPoolSize":0,"month":0,"type":"RecurrentCity","tags":["G","Recurrent","City","Infrastructure"],"addSerializedOffer":"","applicationCost":{"expenses":[{"currency":"FIAT","value":0}],"breakBuilding":4294967295,"time":0},"applicationBenefit":{"removeIncident":[],"addTalent":[],"fairyDust":0,"income":[],"repairBuilding":4294967295},"ignoranceCost":{"expenses":[],"breakBuilding":4294967295,"time":0}})
Linking the incident Incident(id=39, title='incident39Title', state=UNTOUCHED, instanceId=13dc9888-af25-4b1a-ac8e-7f7c812a0473) to the building
Cmd: The player Player requests to update an incident.
Rpc: Adding an incident: Incident(id=40, title='incident40Title', state=UNTOUCHED, instanceId=1a4809f3-a085-454d-a9ee-04317c53d3d3) (json: {"instanceId":{"Value":"1a4809f3-a085-454d-a9ee-04317c53d3d3"},"id":40,"title":"incident40Title","description":"incident40Description","state":0,"ignorable":true,"immediate":false,"influenceable":true,"pickPoolSize":0,"month":0,"type":"RecurrentCity","tags":["H","Recurrent","City","Infrastructure"],"addSerializedOffer":"","applicationCost":{"expenses":[{"currency":"FIAT","value":0}],"breakBuilding":4294967295,"time":0},"applicationBenefit":{"removeIncident":[],"addTalent":[],"fairyDust":0,"income":[],"repairBuilding":4294967295},"ignoranceCost":{"expenses":[],"breakBuilding":4294967295,"time":0}})
Linking the incident Incident(id=40, title='incident40Title', state=UNTOUCHED, instanceId=1a4809f3-a085-454d-a9ee-04317c53d3d3) to the building
Cmd: The player Player requests to update an incident.
Rpc: Adding an incident: Incident(id=41, title='incident41Title', state=UNTOUCHED, instanceId=619bb25f-55fa-48ce-8d54-9b9c8c1dd351) (json: {"instanceId":{"Value":"619bb25f-55fa-48ce-8d54-9b9c8c1dd351"},"id":41,"title":"incident41Title","description":"incident41Description","state":0,"ignorable":true,"immediate":false,"influenceable":true,"pickPoolSize":0,"month":0,"type":"RecurrentCity","tags":["I","Recurrent","City","Infrastructure"],"addSerializedOffer":"","applicationCost":{"expenses":[{"currency":"FIAT","value":0}],"breakBuilding":4294967295,"time":0},"applicationBenefit":{"removeIncident":[],"addTalent":[],"fairyDust":0,"income":[],"repairBuilding":4294967295},"ignoranceCost":{"expenses":[],"breakBuilding":4294967295,"time":0}})
Linking the incident Incident(id=41, title='incident41Title', state=UNTOUCHED, instanceId=619bb25f-55fa-48ce-8d54-9b9c8c1dd351) to the building
Cmd: The player Player requests to update an incident.
Exit flow state to: FlowPhase(0x10, PLAYER_EVENTS)
Opening the panel
Starting panel animation
Server: Resetting the end-turn flow condition
The mayor will not receive any events this month and thus completes their turn.
Server: A player has completed their turn
Server: All players have completed their turn
Exit flow state to: FlowPhase(0x20, PLAYER_TRADE)
Closing the panel
Starting panel animation
Panel animation complete
Closing the panel is complete
Server: Resetting the end-turn flow condition
Panel animation complete
Closing the panel is complete
The entry for key 'incident34Description' in 'eng' is empty. Consider adding text.
Opening the panel
Starting panel animation
Panel animation complete
Opening the panel is complete
Applying the incident Incident(id=34, title='incident34Title', state=UNTOUCHED, instanceId=82fd1e6b-9a47-4b7a-abeb-0f88b057043c) to player Player (Polymoney.Player)
Cmd: The player Player requests to apply the incident Incident(id=34, title='incident34Title', state=UNTOUCHED, instanceId=82fd1e6b-9a47-4b7a-abeb-0f88b057043c).
Server: Repairing the building
Closing the panel
Starting panel animation
Panel animation complete
Closing the panel is complete
The entry for key 'incident37Description' in 'eng' is empty. Consider adding text.
Opening the panel
Starting panel animation
Panel animation complete
Opening the panel is complete
Applying the incident Incident(id=37, title='incident37Title', state=UNTOUCHED, instanceId=041a9e8d-e286-4e4b-92bb-8a41f20d5393) to player Player (Polymoney.Player)
Cmd: The player Player requests to apply the incident Incident(id=37, title='incident37Title', state=UNTOUCHED, instanceId=041a9e8d-e286-4e4b-92bb-8a41f20d5393).
Server: Repairing the building
Closing the panel
Starting panel animation
Panel animation complete
Closing the panel is complete
The entry for key 'incident36Description' in 'eng' is empty. Consider adding text.
Opening the panel
Starting panel animation
Panel animation complete
Opening the panel is complete
Applying the incident Incident(id=36, title='incident36Title', state=UNTOUCHED, instanceId=28901510-09a8-4a34-8d40-a99b814be45f) to player Player (Polymoney.Player)
Cmd: The player Player requests to apply the incident Incident(id=36, title='incident36Title', state=UNTOUCHED, instanceId=28901510-09a8-4a34-8d40-a99b814be45f).
Server: Repairing the building
Closing the panel
Starting panel animation
Panel animation complete
Closing the panel is complete
The entry for key 'incident33Description' in 'eng' is empty. Consider adding text.
Opening the panel
Starting panel animation
Panel animation complete
Opening the panel is complete
Applying the incident Incident(id=33, title='incident33Title', state=UNTOUCHED, instanceId=07c5c336-5320-4b20-a3b9-72cfff8d31b0) to player Player (Polymoney.Player)
Cmd: The player Player requests to apply the incident Incident(id=33, title='incident33Title', state=UNTOUCHED, instanceId=07c5c336-5320-4b20-a3b9-72cfff8d31b0).
Server: Repairing the building
Closing the panel
Starting panel animation
Panel animation complete
Closing the panel is complete
The entry for key 'incident41Description' in 'eng' is empty. Consider adding text.
Opening the panel
Starting panel animation
Panel animation complete
Opening the panel is complete
Applying the incident Incident(id=41, title='incident41Title', state=UNTOUCHED, instanceId=619bb25f-55fa-48ce-8d54-9b9c8c1dd351) to player Player (Polymoney.Player)
Cmd: The player Player requests to apply the incident Incident(id=41, title='incident41Title', state=UNTOUCHED, instanceId=619bb25f-55fa-48ce-8d54-9b9c8c1dd351).
Server: Repairing the building
Closing the panel
Starting panel animation
Panel animation complete
Closing the panel is complete
The entry for key 'incident39Description' in 'eng' is empty. Consider adding text.
Opening the panel
Starting panel animation
Panel animation complete
Opening the panel is complete
Applying the incident Incident(id=39, title='incident39Title', state=UNTOUCHED, instanceId=13dc9888-af25-4b1a-ac8e-7f7c812a0473) to player Player (Polymoney.Player)
Cmd: The player Player requests to apply the incident Incident(id=39, title='incident39Title', state=UNTOUCHED, instanceId=13dc9888-af25-4b1a-ac8e-7f7c812a0473).
Server: Repairing the building
Closing the panel
Starting panel animation
Panel animation complete
Closing the panel is complete
The entry for key 'incident38Description' in 'eng' is empty. Consider adding text.
Opening the panel
Starting panel animation
Panel animation complete
Opening the panel is complete
Applying the incident Incident(id=38, title='incident38Title', state=UNTOUCHED, instanceId=6a10c1fa-8d26-4376-bd65-53c129509eeb) to player Player (Polymoney.Player)
Cmd: The player Player requests to apply the incident Incident(id=38, title='incident38Title', state=UNTOUCHED, instanceId=6a10c1fa-8d26-4376-bd65-53c129509eeb).
Server: Repairing the building
Closing the panel
Starting panel animation
Panel animation complete
Closing the panel is complete
The entry for key 'incident35Description' in 'eng' is empty. Consider adding text.
Opening the panel
Starting panel animation
Panel animation complete
Opening the panel is complete
Applying the incident Incident(id=35, title='incident35Title', state=UNTOUCHED, instanceId=eaa5ac63-a0bb-4958-88cb-e60cb0971557) to player Player (Polymoney.Player)
Cmd: The player Player requests to apply the incident Incident(id=35, title='incident35Title', state=UNTOUCHED, instanceId=eaa5ac63-a0bb-4958-88cb-e60cb0971557).
Server: Repairing the building
Closing the panel
Starting panel animation
Panel animation complete
Closing the panel is complete
The entry for key 'incident40Description' in 'eng' is empty. Consider adding text.
Opening the panel
Starting panel animation
Panel animation complete
Opening the panel is complete
Applying the incident Incident(id=40, title='incident40Title', state=UNTOUCHED, instanceId=1a4809f3-a085-454d-a9ee-04317c53d3d3) to player Player (Polymoney.Player)
Cmd: The player Player requests to apply the incident Incident(id=40, title='incident40Title', state=UNTOUCHED, instanceId=1a4809f3-a085-454d-a9ee-04317c53d3d3).
Server: Repairing the building
Closing the panel
Starting panel animation
Panel animation complete
Closing the panel is complete
Server: A player has completed their turn
Server: All players have completed their turn
Exit flow state to: FlowPhase(0x40, END_MONTH)
Server: Applying each player's incidents, resetting their time, luminance and offers
update critical player mayorPerson0Name with fiat: 1000 and mayor: True and citystate: 1
Incrementing the month counter
Server: Resetting the end-turn flow condition
Exit flow state to: FlowPhase(0x20000, END_MONTH_DISPLAY)
Opening the panel
Starting panel animation
Server: Resetting the end-turn flow condition
[ENDMONTH] Enable Endturn
Panel animation complete
Opening the panel is complete
Server: A player has completed their turn
Server: All players have completed their turn
Exit flow state to: FlowPhase(0x200, FAIRYDUST_SHARING)
Closing the panel
Starting panel animation
Server: Resetting the end-turn flow condition
Exit flow state to: FlowPhase(0x8, BEGIN_MONTH)
Server: Adding recurrent incidents to each player
Server: Resetting the end-turn flow condition
Rpc: Adding an incident: Incident(id=33, title='incident33Title', state=UNTOUCHED, instanceId=77a924ca-39fe-4e44-9f08-574d7d489a93) (json: {"instanceId":{"Value":"77a924ca-39fe-4e44-9f08-574d7d489a93"},"id":33,"title":"incident33Title","description":"incident33Description","state":0,"ignorable":true,"immediate":false,"influenceable":true,"pickPoolSize":0,"month":0,"type":"RecurrentCity","tags":["A","Recurrent","City","Infrastructure"],"addSerializedOffer":"","applicationCost":{"expenses":[{"currency":"FIAT","value":0}],"breakBuilding":4294967295,"time":0},"applicationBenefit":{"removeIncident":[],"addTalent":[],"fairyDust":0,"income":[],"repairBuilding":4294967295},"ignoranceCost":{"expenses":[],"breakBuilding":4294967295,"time":0}})
Linking the incident Incident(id=33, title='incident33Title', state=UNTOUCHED, instanceId=77a924ca-39fe-4e44-9f08-574d7d489a93) to the building
Cmd: The player Player requests to update an incident.
Rpc: Adding an incident: Incident(id=34, title='incident34Title', state=UNTOUCHED, instanceId=1f849ad4-50cd-4b31-8eb8-c43da50d0f94) (json: {"instanceId":{"Value":"1f849ad4-50cd-4b31-8eb8-c43da50d0f94"},"id":34,"title":"incident34Title","description":"incident34Description","state":0,"ignorable":true,"immediate":false,"influenceable":true,"pickPoolSize":0,"month":0,"type":"RecurrentCity","tags":["B","Recurrent","City","Infrastructure"],"addSerializedOffer":"","applicationCost":{"expenses":[{"currency":"FIAT","value":0}],"breakBuilding":4294967295,"time":0},"applicationBenefit":{"removeIncident":[],"addTalent":[],"fairyDust":0,"income":[],"repairBuilding":4294967295},"ignoranceCost":{"expenses":[],"breakBuilding":4294967295,"time":0}})
Linking the incident Incident(id=34, title='incident34Title', state=UNTOUCHED, instanceId=1f849ad4-50cd-4b31-8eb8-c43da50d0f94) to the building
Cmd: The player Player requests to update an incident.
Rpc: Adding an incident: Incident(id=35, title='incident35Title', state=UNTOUCHED, instanceId=2f59ff28-7ef4-49f3-9bb9-e825f597cb9f) (json: {"instanceId":{"Value":"2f59ff28-7ef4-49f3-9bb9-e825f597cb9f"},"id":35,"title":"incident35Title","description":"incident35Description","state":0,"ignorable":true,"immediate":false,"influenceable":true,"pickPoolSize":0,"month":0,"type":"RecurrentCity","tags":["C","Recurrent","City","Infrastructure"],"addSerializedOffer":"","applicationCost":{"expenses":[{"currency":"FIAT","value":0}],"breakBuilding":4294967295,"time":0},"applicationBenefit":{"removeIncident":[],"addTalent":[],"fairyDust":0,"income":[],"repairBuilding":4294967295},"ignoranceCost":{"expenses":[],"breakBuilding":4294967295,"time":0}})
Linking the incident Incident(id=35, title='incident35Title', state=UNTOUCHED, instanceId=2f59ff28-7ef4-49f3-9bb9-e825f597cb9f) to the building
Cmd: The player Player requests to update an incident.
Rpc: Adding an incident: Incident(id=36, title='incident36Title', state=UNTOUCHED, instanceId=3c75c373-8a8f-4822-a10d-a9b70d146d67) (json: {"instanceId":{"Value":"3c75c373-8a8f-4822-a10d-a9b70d146d67"},"id":36,"title":"incident36Title","description":"incident36Description","state":0,"ignorable":true,"immediate":false,"influenceable":true,"pickPoolSize":0,"month":0,"type":"RecurrentCity","tags":["D","Recurrent","City","Infrastructure"],"addSerializedOffer":"","applicationCost":{"expenses":[{"currency":"FIAT","value":0}],"breakBuilding":4294967295,"time":0},"applicationBenefit":{"removeIncident":[],"addTalent":[],"fairyDust":0,"income":[],"repairBuilding":4294967295},"ignoranceCost":{"expenses":[],"breakBuilding":4294967295,"time":0}})
Linking the incident Incident(id=36, title='incident36Title', state=UNTOUCHED, instanceId=3c75c373-8a8f-4822-a10d-a9b70d146d67) to the building
Cmd: The player Player requests to update an incident.
Rpc: Adding an incident: Incident(id=37, title='incident37Title', state=UNTOUCHED, instanceId=9526e457-7ef0-46eb-9c31-6aa535a5f44f) (json: {"instanceId":{"Value":"9526e457-7ef0-46eb-9c31-6aa535a5f44f"},"id":37,"title":"incident37Title","description":"incident37Description","state":0,"ignorable":true,"immediate":false,"influenceable":true,"pickPoolSize":0,"month":0,"type":"RecurrentCity","tags":["E","Recurrent","City","Infrastructure"],"addSerializedOffer":"","applicationCost":{"expenses":[{"currency":"FIAT","value":0}],"breakBuilding":4294967295,"time":0},"applicationBenefit":{"removeIncident":[],"addTalent":[],"fairyDust":0,"income":[],"repairBuilding":4294967295},"ignoranceCost":{"expenses":[],"breakBuilding":4294967295,"time":0}})
Linking the incident Incident(id=37, title='incident37Title', state=UNTOUCHED, instanceId=9526e457-7ef0-46eb-9c31-6aa535a5f44f) to the building
Cmd: The player Player requests to update an incident.
Rpc: Adding an incident: Incident(id=38, title='incident38Title', state=UNTOUCHED, instanceId=e6f0e08f-3139-40bf-8340-81b3cc0e1470) (json: {"instanceId":{"Value":"e6f0e08f-3139-40bf-8340-81b3cc0e1470"},"id":38,"title":"incident38Title","description":"incident38Description","state":0,"ignorable":true,"immediate":false,"influenceable":true,"pickPoolSize":0,"month":0,"type":"RecurrentCity","tags":["F","Recurrent","City","Infrastructure"],"addSerializedOffer":"","applicationCost":{"expenses":[{"currency":"FIAT","value":0}],"breakBuilding":4294967295,"time":0},"applicationBenefit":{"removeIncident":[],"addTalent":[],"fairyDust":0,"income":[],"repairBuilding":4294967295},"ignoranceCost":{"expenses":[],"breakBuilding":4294967295,"time":0}})
Linking the incident Incident(id=38, title='incident38Title', state=UNTOUCHED, instanceId=e6f0e08f-3139-40bf-8340-81b3cc0e1470) to the building
Cmd: The player Player requests to update an incident.
Rpc: Adding an incident: Incident(id=39, title='incident39Title', state=UNTOUCHED, instanceId=3264949b-b609-4491-b515-8a8c6969c400) (json: {"instanceId":{"Value":"3264949b-b609-4491-b515-8a8c6969c400"},"id":39,"title":"incident39Title","description":"incident39Description","state":0,"ignorable":true,"immediate":false,"influenceable":true,"pickPoolSize":0,"month":0,"type":"RecurrentCity","tags":["G","Recurrent","City","Infrastructure"],"addSerializedOffer":"","applicationCost":{"expenses":[{"currency":"FIAT","value":0}],"breakBuilding":4294967295,"time":0},"applicationBenefit":{"removeIncident":[],"addTalent":[],"fairyDust":0,"income":[],"repairBuilding":4294967295},"ignoranceCost":{"expenses":[],"breakBuilding":4294967295,"time":0}})
Linking the incident Incident(id=39, title='incident39Title', state=UNTOUCHED, instanceId=3264949b-b609-4491-b515-8a8c6969c400) to the building
Cmd: The player Player requests to update an incident.
Rpc: Adding an incident: Incident(id=40, title='incident40Title', state=UNTOUCHED, instanceId=b98d2856-a5ca-45cd-9f2c-6211eebad0d4) (json: {"instanceId":{"Value":"b98d2856-a5ca-45cd-9f2c-6211eebad0d4"},"id":40,"title":"incident40Title","description":"incident40Description","state":0,"ignorable":true,"immediate":false,"influenceable":true,"pickPoolSize":0,"month":0,"type":"RecurrentCity","tags":["H","Recurrent","City","Infrastructure"],"addSerializedOffer":"","applicationCost":{"expenses":[{"currency":"FIAT","value":0}],"breakBuilding":4294967295,"time":0},"applicationBenefit":{"removeIncident":[],"addTalent":[],"fairyDust":0,"income":[],"repairBuilding":4294967295},"ignoranceCost":{"expenses":[],"breakBuilding":4294967295,"time":0}})
Linking the incident Incident(id=40, title='incident40Title', state=UNTOUCHED, instanceId=b98d2856-a5ca-45cd-9f2c-6211eebad0d4) to the building
Cmd: The player Player requests to update an incident.
Rpc: Adding an incident: Incident(id=41, title='incident41Title', state=UNTOUCHED, instanceId=e2e136b2-ed18-4058-9da9-74a58004713f) (json: {"instanceId":{"Value":"e2e136b2-ed18-4058-9da9-74a58004713f"},"id":41,"title":"incident41Title","description":"incident41Description","state":0,"ignorable":true,"immediate":false,"influenceable":true,"pickPoolSize":0,"month":0,"type":"RecurrentCity","tags":["I","Recurrent","City","Infrastructure"],"addSerializedOffer":"","applicationCost":{"expenses":[{"currency":"FIAT","value":0}],"breakBuilding":4294967295,"time":0},"applicationBenefit":{"removeIncident":[],"addTalent":[],"fairyDust":0,"income":[],"repairBuilding":4294967295},"ignoranceCost":{"expenses":[],"breakBuilding":4294967295,"time":0}})
Linking the incident Incident(id=41, title='incident41Title', state=UNTOUCHED, instanceId=e2e136b2-ed18-4058-9da9-74a58004713f) to the building
Cmd: The player Player requests to update an incident.
Exit flow state to: FlowPhase(0x10, PLAYER_EVENTS)
Opening the panel
Starting panel animation
Server: Resetting the end-turn flow condition
The mayor will not receive any events this month and thus completes their turn.
Server: A player has completed their turn
Server: All players have completed their turn
Exit flow state to: FlowPhase(0x20, PLAYER_TRADE)
Closing the panel
Starting panel animation
Panel animation complete
Closing the panel is complete
Server: Resetting the end-turn flow condition
Panel animation complete
Closing the panel is complete
The entry for key 'incident34Description' in 'eng' is empty. Consider adding text.
Opening the panel
Starting panel animation
Panel animation complete
Opening the panel is complete
Applying the incident Incident(id=34, title='incident34Title', state=UNTOUCHED, instanceId=1f849ad4-50cd-4b31-8eb8-c43da50d0f94) to player Player (Polymoney.Player)
Cmd: The player Player requests to apply the incident Incident(id=34, title='incident34Title', state=UNTOUCHED, instanceId=1f849ad4-50cd-4b31-8eb8-c43da50d0f94).
Server: Repairing the building
Closing the panel
Starting panel animation
Panel animation complete
Closing the panel is complete
The entry for key 'incident38Description' in 'eng' is empty. Consider adding text.
Opening the panel
Starting panel animation
Panel animation complete
Opening the panel is complete
Applying the incident Incident(id=38, title='incident38Title', state=UNTOUCHED, instanceId=e6f0e08f-3139-40bf-8340-81b3cc0e1470) to player Player (Polymoney.Player)
Cmd: The player Player requests to apply the incident Incident(id=38, title='incident38Title', state=UNTOUCHED, instanceId=e6f0e08f-3139-40bf-8340-81b3cc0e1470).
Server: Repairing the building
Closing the panel
Starting panel animation
Panel animation complete
Closing the panel is complete
The entry for key 'incident39Description' in 'eng' is empty. Consider adding text.
Opening the panel
Starting panel animation
Panel animation complete
Opening the panel is complete
Applying the incident Incident(id=39, title='incident39Title', state=UNTOUCHED, instanceId=3264949b-b609-4491-b515-8a8c6969c400) to player Player (Polymoney.Player)
Cmd: The player Player requests to apply the incident Incident(id=39, title='incident39Title', state=UNTOUCHED, instanceId=3264949b-b609-4491-b515-8a8c6969c400).
Server: Repairing the building
Closing the panel
Starting panel animation
Panel animation complete
Closing the panel is complete
The entry for key 'incident35Description' in 'eng' is empty. Consider adding text.
Opening the panel
Starting panel animation
Panel animation complete
Opening the panel is complete
Applying the incident Incident(id=35, title='incident35Title', state=UNTOUCHED, instanceId=2f59ff28-7ef4-49f3-9bb9-e825f597cb9f) to player Player (Polymoney.Player)
Cmd: The player Player requests to apply the incident Incident(id=35, title='incident35Title', state=UNTOUCHED, instanceId=2f59ff28-7ef4-49f3-9bb9-e825f597cb9f).
Server: Repairing the building
Closing the panel
Starting panel animation
Panel animation complete
Closing the panel is complete
The entry for key 'incident40Description' in 'eng' is empty. Consider adding text.
Opening the panel
Starting panel animation
Panel animation complete
Opening the panel is complete
Applying the incident Incident(id=40, title='incident40Title', state=UNTOUCHED, instanceId=b98d2856-a5ca-45cd-9f2c-6211eebad0d4) to player Player (Polymoney.Player)
Cmd: The player Player requests to apply the incident Incident(id=40, title='incident40Title', state=UNTOUCHED, instanceId=b98d2856-a5ca-45cd-9f2c-6211eebad0d4).
Server: Repairing the building
Closing the panel
Starting panel animation
Panel animation complete
Closing the panel is complete
The entry for key 'incident41Description' in 'eng' is empty. Consider adding text.
Opening the panel
Starting panel animation
Panel animation complete
Opening the panel is complete
Applying the incident Incident(id=41, title='incident41Title', state=UNTOUCHED, instanceId=e2e136b2-ed18-4058-9da9-74a58004713f) to player Player (Polymoney.Player)
Cmd: The player Player requests to apply the incident Incident(id=41, title='incident41Title', state=UNTOUCHED, instanceId=e2e136b2-ed18-4058-9da9-74a58004713f).
Server: Repairing the building
Closing the panel
Starting panel animation
Panel animation complete
Closing the panel is complete
The entry for key 'incident37Description' in 'eng' is empty. Consider adding text.
Opening the panel
Starting panel animation
Panel animation complete
Opening the panel is complete
Applying the incident Incident(id=37, title='incident37Title', state=UNTOUCHED, instanceId=9526e457-7ef0-46eb-9c31-6aa535a5f44f) to player Player (Polymoney.Player)
Cmd: The player Player requests to apply the incident Incident(id=37, title='incident37Title', state=UNTOUCHED, instanceId=9526e457-7ef0-46eb-9c31-6aa535a5f44f).
Server: Repairing the building
Closing the panel
Starting panel animation
Panel animation complete
Closing the panel is complete
Server: A player has completed their turn
Server: All players have completed their turn
Exit flow state to: FlowPhase(0x40, END_MONTH)
Server: Applying each player's incidents, resetting their time, luminance and offers
Server: Breaking the building
The luminance was changed to 0
Server: Breaking the building
The luminance was changed to 0
update critical player mayorPerson0Name with fiat: 1000 and mayor: True and citystate: 0.7777778
Incrementing the month counter
Server: Resetting the end-turn flow condition
Exit flow state to: FlowPhase(0x20000, END_MONTH_DISPLAY)
Opening the panel
Starting panel animation
Server: Resetting the end-turn flow condition
[ENDMONTH] Enable Endturn
Panel animation complete
Opening the panel is complete
Server: A player has completed their turn
Server: All players have completed their turn
Exit flow state to: FlowPhase(0x200, FAIRYDUST_SHARING)
Closing the panel
Starting panel animation
Server: Resetting the end-turn flow condition
Exit flow state to: FlowPhase(0x8, BEGIN_MONTH)
Server: Adding recurrent incidents to each player
Server: Resetting the end-turn flow condition
Rpc: Adding an incident: Incident(id=33, title='incident33Title', state=UNTOUCHED, instanceId=24f01a65-c893-421f-88c9-4b5e9152328d) (json: {"instanceId":{"Value":"24f01a65-c893-421f-88c9-4b5e9152328d"},"id":33,"title":"incident33Title","description":"incident33Description","state":0,"ignorable":true,"immediate":false,"influenceable":true,"pickPoolSize":0,"month":0,"type":"RecurrentCity","tags":["A","Recurrent","City","Infrastructure"],"addSerializedOffer":"","applicationCost":{"expenses":[{"currency":"FIAT","value":0}],"breakBuilding":4294967295,"time":0},"applicationBenefit":{"removeIncident":[],"addTalent":[],"fairyDust":0,"income":[],"repairBuilding":4294967295},"ignoranceCost":{"expenses":[],"breakBuilding":4294967295,"time":0}})
Linking the incident Incident(id=33, title='incident33Title', state=UNTOUCHED, instanceId=24f01a65-c893-421f-88c9-4b5e9152328d) to the building
Cmd: The player Player requests to update an incident.
Rpc: Adding an incident: Incident(id=34, title='incident34Title', state=UNTOUCHED, instanceId=30e03b2f-f196-4329-86b4-abda54fcefce) (json: {"instanceId":{"Value":"30e03b2f-f196-4329-86b4-abda54fcefce"},"id":34,"title":"incident34Title","description":"incident34Description","state":0,"ignorable":true,"immediate":false,"influenceable":true,"pickPoolSize":0,"month":0,"type":"RecurrentCity","tags":["B","Recurrent","City","Infrastructure"],"addSerializedOffer":"","applicationCost":{"expenses":[{"currency":"FIAT","value":0}],"breakBuilding":4294967295,"time":0},"applicationBenefit":{"removeIncident":[],"addTalent":[],"fairyDust":0,"income":[],"repairBuilding":4294967295},"ignoranceCost":{"expenses":[],"breakBuilding":4294967295,"time":0}})
Linking the incident Incident(id=34, title='incident34Title', state=UNTOUCHED, instanceId=30e03b2f-f196-4329-86b4-abda54fcefce) to the building
Cmd: The player Player requests to update an incident.
Rpc: Adding an incident: Incident(id=35, title='incident35Title', state=UNTOUCHED, instanceId=437e5313-2379-4af1-b28d-75146a4c96b8) (json: {"instanceId":{"Value":"437e5313-2379-4af1-b28d-75146a4c96b8"},"id":35,"title":"incident35Title","description":"incident35Description","state":0,"ignorable":true,"immediate":false,"influenceable":true,"pickPoolSize":0,"month":0,"type":"RecurrentCity","tags":["C","Recurrent","City","Infrastructure"],"addSerializedOffer":"","applicationCost":{"expenses":[{"currency":"FIAT","value":0}],"breakBuilding":4294967295,"time":0},"applicationBenefit":{"removeIncident":[],"addTalent":[],"fairyDust":0,"income":[],"repairBuilding":4294967295},"ignoranceCost":{"expenses":[],"breakBuilding":4294967295,"time":0}})
Linking the incident Incident(id=35, title='incident35Title', state=UNTOUCHED, instanceId=437e5313-2379-4af1-b28d-75146a4c96b8) to the building
Cmd: The player Player requests to update an incident.
Rpc: Adding an incident: Incident(id=36, title='incident36Title', state=UNTOUCHED, instanceId=8c7ee100-de23-47d8-aa4e-7989241fb2a5) (json: {"instanceId":{"Value":"8c7ee100-de23-47d8-aa4e-7989241fb2a5"},"id":36,"title":"incident36Title","description":"incident36Description","state":0,"ignorable":true,"immediate":false,"influenceable":true,"pickPoolSize":0,"month":0,"type":"RecurrentCity","tags":["D","Recurrent","City","Infrastructure"],"addSerializedOffer":"","applicationCost":{"expenses":[{"currency":"FIAT","value":0}],"breakBuilding":4294967295,"time":0},"applicationBenefit":{"removeIncident":[],"addTalent":[],"fairyDust":0,"income":[],"repairBuilding":4294967295},"ignoranceCost":{"expenses":[],"breakBuilding":4294967295,"time":0}})
Linking the incident Incident(id=36, title='incident36Title', state=UNTOUCHED, instanceId=8c7ee100-de23-47d8-aa4e-7989241fb2a5) to the building
Cmd: The player Player requests to update an incident.
Rpc: Adding an incident: Incident(id=37, title='incident37Title', state=UNTOUCHED, instanceId=1a480a11-e38c-4c2b-8a51-756e819d9ed6) (json: {"instanceId":{"Value":"1a480a11-e38c-4c2b-8a51-756e819d9ed6"},"id":37,"title":"incident37Title","description":"incident37Description","state":0,"ignorable":true,"immediate":false,"influenceable":true,"pickPoolSize":0,"month":0,"type":"RecurrentCity","tags":["E","Recurrent","City","Infrastructure"],"addSerializedOffer":"","applicationCost":{"expenses":[{"currency":"FIAT","value":0}],"breakBuilding":4294967295,"time":0},"applicationBenefit":{"removeIncident":[],"addTalent":[],"fairyDust":0,"income":[],"repairBuilding":4294967295},"ignoranceCost":{"expenses":[],"breakBuilding":4294967295,"time":0}})
Linking the incident Incident(id=37, title='incident37Title', state=UNTOUCHED, instanceId=1a480a11-e38c-4c2b-8a51-756e819d9ed6) to the building
Cmd: The player Player requests to update an incident.
Rpc: Adding an incident: Incident(id=38, title='incident38Title', state=UNTOUCHED, instanceId=f1ab1dc3-af77-4711-9ca7-4c4a9d2a33eb) (json: {"instanceId":{"Value":"f1ab1dc3-af77-4711-9ca7-4c4a9d2a33eb"},"id":38,"title":"incident38Title","description":"incident38Description","state":0,"ignorable":true,"immediate":false,"influenceable":true,"pickPoolSize":0,"month":0,"type":"RecurrentCity","tags":["F","Recurrent","City","Infrastructure"],"addSerializedOffer":"","applicationCost":{"expenses":[{"currency":"FIAT","value":0}],"breakBuilding":4294967295,"time":0},"applicationBenefit":{"removeIncident":[],"addTalent":[],"fairyDust":0,"income":[],"repairBuilding":4294967295},"ignoranceCost":{"expenses":[],"breakBuilding":4294967295,"time":0}})
Linking the incident Incident(id=38, title='incident38Title', state=UNTOUCHED, instanceId=f1ab1dc3-af77-4711-9ca7-4c4a9d2a33eb) to the building
Cmd: The player Player requests to update an incident.
Rpc: Adding an incident: Incident(id=39, title='incident39Title', state=UNTOUCHED, instanceId=97123295-310a-4ad4-9c03-55d24bfa8330) (json: {"instanceId":{"Value":"97123295-310a-4ad4-9c03-55d24bfa8330"},"id":39,"title":"incident39Title","description":"incident39Description","state":0,"ignorable":true,"immediate":false,"influenceable":true,"pickPoolSize":0,"month":0,"type":"RecurrentCity","tags":["G","Recurrent","City","Infrastructure"],"addSerializedOffer":"","applicationCost":{"expenses":[{"currency":"FIAT","value":0}],"breakBuilding":4294967295,"time":0},"applicationBenefit":{"removeIncident":[],"addTalent":[],"fairyDust":0,"income":[],"repairBuilding":4294967295},"ignoranceCost":{"expenses":[],"breakBuilding":4294967295,"time":0}})
Linking the incident Incident(id=39, title='incident39Title', state=UNTOUCHED, instanceId=97123295-310a-4ad4-9c03-55d24bfa8330) to the building
Cmd: The player Player requests to update an incident.
Rpc: Adding an incident: Incident(id=40, title='incident40Title', state=UNTOUCHED, instanceId=a762a942-696a-4498-93df-a83964ce8622) (json: {"instanceId":{"Value":"a762a942-696a-4498-93df-a83964ce8622"},"id":40,"title":"incident40Title","description":"incident40Description","state":0,"ignorable":true,"immediate":false,"influenceable":true,"pickPoolSize":0,"month":0,"type":"RecurrentCity","tags":["H","Recurrent","City","Infrastructure"],"addSerializedOffer":"","applicationCost":{"expenses":[{"currency":"FIAT","value":0}],"breakBuilding":4294967295,"time":0},"applicationBenefit":{"removeIncident":[],"addTalent":[],"fairyDust":0,"income":[],"repairBuilding":4294967295},"ignoranceCost":{"expenses":[],"breakBuilding":4294967295,"time":0}})
Linking the incident Incident(id=40, title='incident40Title', state=UNTOUCHED, instanceId=a762a942-696a-4498-93df-a83964ce8622) to the building
Cmd: The player Player requests to update an incident.
Rpc: Adding an incident: Incident(id=41, title='incident41Title', state=UNTOUCHED, instanceId=0c7fac35-aff2-4d78-b9df-3d2ada947e42) (json: {"instanceId":{"Value":"0c7fac35-aff2-4d78-b9df-3d2ada947e42"},"id":41,"title":"incident41Title","description":"incident41Description","state":0,"ignorable":true,"immediate":false,"influenceable":true,"pickPoolSize":0,"month":0,"type":"RecurrentCity","tags":["I","Recurrent","City","Infrastructure"],"addSerializedOffer":"","applicationCost":{"expenses":[{"currency":"FIAT","value":0}],"breakBuilding":4294967295,"time":0},"applicationBenefit":{"removeIncident":[],"addTalent":[],"fairyDust":0,"income":[],"repairBuilding":4294967295},"ignoranceCost":{"expenses":[],"breakBuilding":4294967295,"time":0}})
Linking the incident Incident(id=41, title='incident41Title', state=UNTOUCHED, instanceId=0c7fac35-aff2-4d78-b9df-3d2ada947e42) to the building
Cmd: The player Player requests to update an incident.
Exit flow state to: FlowPhase(0x10, PLAYER_EVENTS)
Opening the panel
Starting panel animation
Server: Resetting the end-turn flow condition
The mayor will not receive any events this month and thus completes their turn.
Server: A player has completed their turn
Server: All players have completed their turn
Exit flow state to: FlowPhase(0x20, PLAYER_TRADE)
Closing the panel
Starting panel animation
Server: Resetting the end-turn flow condition
Panel animation complete
Closing the panel is complete
Panel animation complete
Closing the panel is complete
The entry for key 'incident37Description' in 'eng' is empty. Consider adding text.
Opening the panel
Starting panel animation
Panel animation complete
Opening the panel is complete
Applying the incident Incident(id=37, title='incident37Title', state=UNTOUCHED, instanceId=1a480a11-e38c-4c2b-8a51-756e819d9ed6) to player Player (Polymoney.Player)
Cmd: The player Player requests to apply the incident Incident(id=37, title='incident37Title', state=UNTOUCHED, instanceId=1a480a11-e38c-4c2b-8a51-756e819d9ed6).
Server: Repairing the building
Closing the panel
Starting panel animation
Panel animation complete
Closing the panel is complete
The entry for key 'incident34Description' in 'eng' is empty. Consider adding text.
Opening the panel
Starting panel animation
Panel animation complete
Opening the panel is complete
Applying the incident Incident(id=34, title='incident34Title', state=UNTOUCHED, instanceId=30e03b2f-f196-4329-86b4-abda54fcefce) to player Player (Polymoney.Player)
Cmd: The player Player requests to apply the incident Incident(id=34, title='incident34Title', state=UNTOUCHED, instanceId=30e03b2f-f196-4329-86b4-abda54fcefce).
Server: Repairing the building
Closing the panel
Starting panel animation
Panel animation complete
Closing the panel is complete
The entry for key 'incident38Description' in 'eng' is empty. Consider adding text.
Opening the panel
Starting panel animation
Panel animation complete
Opening the panel is complete
Applying the incident Incident(id=38, title='incident38Title', state=UNTOUCHED, instanceId=f1ab1dc3-af77-4711-9ca7-4c4a9d2a33eb) to player Player (Polymoney.Player)
Cmd: The player Player requests to apply the incident Incident(id=38, title='incident38Title', state=UNTOUCHED, instanceId=f1ab1dc3-af77-4711-9ca7-4c4a9d2a33eb).
Server: Repairing the building
Closing the panel
Starting panel animation
Panel animation complete
Closing the panel is complete
The entry for key 'incident39Description' in 'eng' is empty. Consider adding text.
Opening the panel
Starting panel animation
Panel animation complete
Opening the panel is complete
Applying the incident Incident(id=39, title='incident39Title', state=UNTOUCHED, instanceId=97123295-310a-4ad4-9c03-55d24bfa8330) to player Player (Polymoney.Player)
Cmd: The player Player requests to apply the incident Incident(id=39, title='incident39Title', state=UNTOUCHED, instanceId=97123295-310a-4ad4-9c03-55d24bfa8330).
Server: Repairing the building
Closing the panel
Starting panel animation
Panel animation complete
Closing the panel is complete
The entry for key 'incident35Description' in 'eng' is empty. Consider adding text.
Opening the panel
Starting panel animation
Panel animation complete
Opening the panel is complete
Applying the incident Incident(id=35, title='incident35Title', state=UNTOUCHED, instanceId=437e5313-2379-4af1-b28d-75146a4c96b8) to player Player (Polymoney.Player)
Cmd: The player Player requests to apply the incident Incident(id=35, title='incident35Title', state=UNTOUCHED, instanceId=437e5313-2379-4af1-b28d-75146a4c96b8).
Server: Repairing the building
Closing the panel
Starting panel animation
Panel animation complete
Closing the panel is complete
Cannot open the marketplace, because no seller is set
The entry for key 'incident40Description' in 'eng' is empty. Consider adding text.
Opening the panel
Starting panel animation
Panel animation complete
Opening the panel is complete
Applying the incident Incident(id=40, title='incident40Title', state=UNTOUCHED, instanceId=a762a942-696a-4498-93df-a83964ce8622) to player Player (Polymoney.Player)
Cmd: The player Player requests to apply the incident Incident(id=40, title='incident40Title', state=UNTOUCHED, instanceId=a762a942-696a-4498-93df-a83964ce8622).
Server: Repairing the building
Closing the panel
Starting panel animation
Panel animation complete
Closing the panel is complete
The entry for key 'incident41Description' in 'eng' is empty. Consider adding text.
Opening the panel
Starting panel animation
Panel animation complete
Opening the panel is complete
Applying the incident Incident(id=41, title='incident41Title', state=UNTOUCHED, instanceId=0c7fac35-aff2-4d78-b9df-3d2ada947e42) to player Player (Polymoney.Player)
Cmd: The player Player requests to apply the incident Incident(id=41, title='incident41Title', state=UNTOUCHED, instanceId=0c7fac35-aff2-4d78-b9df-3d2ada947e42).
Server: Repairing the building
Closing the panel
Starting panel animation
Panel animation complete
Closing the panel is complete
Server: A player has completed their turn
Server: All players have completed their turn
Exit flow state to: FlowPhase(0x40, END_MONTH)
Server: Applying each player's incidents, resetting their time, luminance and offers
Server: Decreasing state of broken building
Server: Decreasing state of broken building
update critical player mayorPerson0Name with fiat: 1000 and mayor: True and citystate: 0.7777778
Incrementing the month counter
Server: Resetting the end-turn flow condition
Exit flow state to: FlowPhase(0x20000, END_MONTH_DISPLAY)
Opening the panel
Starting panel animation
Server: Resetting the end-turn flow condition
[ENDMONTH] Enable Endturn
Panel animation complete
Opening the panel is complete
Server: A player has completed their turn
Server: All players have completed their turn
Exit flow state to: FlowPhase(0x200, FAIRYDUST_SHARING)
Closing the panel
Starting panel animation
Server: Resetting the end-turn flow condition
Exit flow state to: FlowPhase(0x8, BEGIN_MONTH)
Server: Adding recurrent incidents to each player
Server: Resetting the end-turn flow condition
Rpc: Adding an incident: Incident(id=33, title='incident33Title', state=UNTOUCHED, instanceId=be4743e7-af75-481f-940a-11e4be75f8c2) (json: {"instanceId":{"Value":"be4743e7-af75-481f-940a-11e4be75f8c2"},"id":33,"title":"incident33Title","description":"incident33Description","state":0,"ignorable":true,"immediate":false,"influenceable":true,"pickPoolSize":0,"month":0,"type":"RecurrentCity","tags":["A","Recurrent","City","Infrastructure"],"addSerializedOffer":"","applicationCost":{"expenses":[{"currency":"FIAT","value":0}],"breakBuilding":4294967295,"time":0},"applicationBenefit":{"removeIncident":[],"addTalent":[],"fairyDust":0,"income":[],"repairBuilding":4294967295},"ignoranceCost":{"expenses":[],"breakBuilding":4294967295,"time":0}})
Linking the incident Incident(id=33, title='incident33Title', state=UNTOUCHED, instanceId=be4743e7-af75-481f-940a-11e4be75f8c2) to the building
Cmd: The player Player requests to update an incident.
Rpc: Adding an incident: Incident(id=34, title='incident34Title', state=UNTOUCHED, instanceId=7e27b2ff-7d7d-4d4d-9e5e-93863e2ae4ed) (json: {"instanceId":{"Value":"7e27b2ff-7d7d-4d4d-9e5e-93863e2ae4ed"},"id":34,"title":"incident34Title","description":"incident34Description","state":0,"ignorable":true,"immediate":false,"influenceable":true,"pickPoolSize":0,"month":0,"type":"RecurrentCity","tags":["B","Recurrent","City","Infrastructure"],"addSerializedOffer":"","applicationCost":{"expenses":[{"currency":"FIAT","value":0}],"breakBuilding":4294967295,"time":0},"applicationBenefit":{"removeIncident":[],"addTalent":[],"fairyDust":0,"income":[],"repairBuilding":4294967295},"ignoranceCost":{"expenses":[],"breakBuilding":4294967295,"time":0}})
Linking the incident Incident(id=34, title='incident34Title', state=UNTOUCHED, instanceId=7e27b2ff-7d7d-4d4d-9e5e-93863e2ae4ed) to the building
Cmd: The player Player requests to update an incident.
Rpc: Adding an incident: Incident(id=35, title='incident35Title', state=UNTOUCHED, instanceId=8c74c05a-91bd-49db-b411-4959c0b9ccbe) (json: {"instanceId":{"Value":"8c74c05a-91bd-49db-b411-4959c0b9ccbe"},"id":35,"title":"incident35Title","description":"incident35Description","state":0,"ignorable":true,"immediate":false,"influenceable":true,"pickPoolSize":0,"month":0,"type":"RecurrentCity","tags":["C","Recurrent","City","Infrastructure"],"addSerializedOffer":"","applicationCost":{"expenses":[{"currency":"FIAT","value":0}],"breakBuilding":4294967295,"time":0},"applicationBenefit":{"removeIncident":[],"addTalent":[],"fairyDust":0,"income":[],"repairBuilding":4294967295},"ignoranceCost":{"expenses":[],"breakBuilding":4294967295,"time":0}})
Linking the incident Incident(id=35, title='incident35Title', state=UNTOUCHED, instanceId=8c74c05a-91bd-49db-b411-4959c0b9ccbe) to the building
Cmd: The player Player requests to update an incident.
Rpc: Adding an incident: Incident(id=36, title='incident36Title', state=UNTOUCHED, instanceId=92f63140-cd09-455a-92aa-ef96811a7229) (json: {"instanceId":{"Value":"92f63140-cd09-455a-92aa-ef96811a7229"},"id":36,"title":"incident36Title","description":"incident36Description","state":0,"ignorable":true,"immediate":false,"influenceable":true,"pickPoolSize":0,"month":0,"type":"RecurrentCity","tags":["D","Recurrent","City","Infrastructure"],"addSerializedOffer":"","applicationCost":{"expenses":[{"currency":"FIAT","value":0}],"breakBuilding":4294967295,"time":0},"applicationBenefit":{"removeIncident":[],"addTalent":[],"fairyDust":0,"income":[],"repairBuilding":4294967295},"ignoranceCost":{"expenses":[],"breakBuilding":4294967295,"time":0}})
Linking the incident Incident(id=36, title='incident36Title', state=UNTOUCHED, instanceId=92f63140-cd09-455a-92aa-ef96811a7229) to the building
Cmd: The player Player requests to update an incident.
Rpc: Adding an incident: Incident(id=37, title='incident37Title', state=UNTOUCHED, instanceId=dd33620f-3349-4142-a1d4-9d5ffe4e94d9) (json: {"instanceId":{"Value":"dd33620f-3349-4142-a1d4-9d5ffe4e94d9"},"id":37,"title":"incident37Title","description":"incident37Description","state":0,"ignorable":true,"immediate":false,"influenceable":true,"pickPoolSize":0,"month":0,"type":"RecurrentCity","tags":["E","Recurrent","City","Infrastructure"],"addSerializedOffer":"","applicationCost":{"expenses":[{"currency":"FIAT","value":0}],"breakBuilding":4294967295,"time":0},"applicationBenefit":{"removeIncident":[],"addTalent":[],"fairyDust":0,"income":[],"repairBuilding":4294967295},"ignoranceCost":{"expenses":[],"breakBuilding":4294967295,"time":0}})
Linking the incident Incident(id=37, title='incident37Title', state=UNTOUCHED, instanceId=dd33620f-3349-4142-a1d4-9d5ffe4e94d9) to the building
Cmd: The player Player requests to update an incident.
Rpc: Adding an incident: Incident(id=38, title='incident38Title', state=UNTOUCHED, instanceId=329eaa3f-464c-4d5a-82ac-00a45ffe31bb) (json: {"instanceId":{"Value":"329eaa3f-464c-4d5a-82ac-00a45ffe31bb"},"id":38,"title":"incident38Title","description":"incident38Description","state":0,"ignorable":true,"immediate":false,"influenceable":true,"pickPoolSize":0,"month":0,"type":"RecurrentCity","tags":["F","Recurrent","City","Infrastructure"],"addSerializedOffer":"","applicationCost":{"expenses":[{"currency":"FIAT","value":0}],"breakBuilding":4294967295,"time":0},"applicationBenefit":{"removeIncident":[],"addTalent":[],"fairyDust":0,"income":[],"repairBuilding":4294967295},"ignoranceCost":{"expenses":[],"breakBuilding":4294967295,"time":0}})
Linking the incident Incident(id=38, title='incident38Title', state=UNTOUCHED, instanceId=329eaa3f-464c-4d5a-82ac-00a45ffe31bb) to the building
Cmd: The player Player requests to update an incident.
Rpc: Adding an incident: Incident(id=39, title='incident39Title', state=UNTOUCHED, instanceId=b28744c8-4de3-404b-a6c4-197a01bc6100) (json: {"instanceId":{"Value":"b28744c8-4de3-404b-a6c4-197a01bc6100"},"id":39,"title":"incident39Title","description":"incident39Description","state":0,"ignorable":true,"immediate":false,"influenceable":true,"pickPoolSize":0,"month":0,"type":"RecurrentCity","tags":["G","Recurrent","City","Infrastructure"],"addSerializedOffer":"","applicationCost":{"expenses":[{"currency":"FIAT","value":0}],"breakBuilding":4294967295,"time":0},"applicationBenefit":{"removeIncident":[],"addTalent":[],"fairyDust":0,"income":[],"repairBuilding":4294967295},"ignoranceCost":{"expenses":[],"breakBuilding":4294967295,"time":0}})
Linking the incident Incident(id=39, title='incident39Title', state=UNTOUCHED, instanceId=b28744c8-4de3-404b-a6c4-197a01bc6100) to the building
Cmd: The player Player requests to update an incident.
Rpc: Adding an incident: Incident(id=40, title='incident40Title', state=UNTOUCHED, instanceId=da81a947-b840-4796-b2da-4b9ec0fc05be) (json: {"instanceId":{"Value":"da81a947-b840-4796-b2da-4b9ec0fc05be"},"id":40,"title":"incident40Title","description":"incident40Description","state":0,"ignorable":true,"immediate":false,"influenceable":true,"pickPoolSize":0,"month":0,"type":"RecurrentCity","tags":["H","Recurrent","City","Infrastructure"],"addSerializedOffer":"","applicationCost":{"expenses":[{"currency":"FIAT","value":0}],"breakBuilding":4294967295,"time":0},"applicationBenefit":{"removeIncident":[],"addTalent":[],"fairyDust":0,"income":[],"repairBuilding":4294967295},"ignoranceCost":{"expenses":[],"breakBuilding":4294967295,"time":0}})
Linking the incident Incident(id=40, title='incident40Title', state=UNTOUCHED, instanceId=da81a947-b840-4796-b2da-4b9ec0fc05be) to the building
Cmd: The player Player requests to update an incident.
Rpc: Adding an incident: Incident(id=41, title='incident41Title', state=UNTOUCHED, instanceId=e4430ef2-fcea-497a-96df-239eb09aa2bd) (json: {"instanceId":{"Value":"e4430ef2-fcea-497a-96df-239eb09aa2bd"},"id":41,"title":"incident41Title","description":"incident41Description","state":0,"ignorable":true,"immediate":false,"influenceable":true,"pickPoolSize":0,"month":0,"type":"RecurrentCity","tags":["I","Recurrent","City","Infrastructure"],"addSerializedOffer":"","applicationCost":{"expenses":[{"currency":"FIAT","value":0}],"breakBuilding":4294967295,"time":0},"applicationBenefit":{"removeIncident":[],"addTalent":[],"fairyDust":0,"income":[],"repairBuilding":4294967295},"ignoranceCost":{"expenses":[],"breakBuilding":4294967295,"time":0}})
Linking the incident Incident(id=41, title='incident41Title', state=UNTOUCHED, instanceId=e4430ef2-fcea-497a-96df-239eb09aa2bd) to the building
Cmd: The player Player requests to update an incident.
Exit flow state to: FlowPhase(0x10, PLAYER_EVENTS)
Opening the panel
Starting panel animation
Server: Resetting the end-turn flow condition
Cmd: The player Player requests to add an incident.
Opening the panel
Starting panel animation
Rpc: Adding an incident: Incident(id=52, title='incident52Title', state=UNTOUCHED, instanceId=4d7c3291-05b1-4f85-be8b-53f96a17c029) (json: {"instanceId":{"Value":"4d7c3291-05b1-4f85-be8b-53f96a17c029"},"id":52,"title":"incident52Title","description":"incident52Description","state":0,"ignorable":false,"immediate":false,"influenceable":true,"pickPoolSize":0,"month":5,"type":"City","tags":["Storm"],"addSerializedOffer":"","applicationCost":{"expenses":[{"currency":"FIAT","value":100}],"breakBuilding":4294967295,"time":0},"applicationBenefit":{"removeIncident":[],"addTalent":[],"fairyDust":0,"income":[],"repairBuilding":4294967295},"ignoranceCost":{"expenses":[],"breakBuilding":4294967295,"time":0}})
Panel animation complete
Opening the panel is complete
Panel animation complete
Opening the panel is complete
Panel animation complete
Closing the panel is complete
Closing the panel
Starting panel animation
The player has seen all wheel incidents and thus completes their turn.
Server: A player has completed their turn
Server: All players have completed their turn
Exit flow state to: FlowPhase(0x20, PLAYER_TRADE)
Closing the panel
Starting panel animation
Server: Resetting the end-turn flow condition
Panel animation complete
Closing the panel is complete
Panel animation complete
Closing the panel is complete
Opening the panel
Starting panel animation
Panel animation complete
Opening the panel is complete
Applying the incident Incident(id=52, title='incident52Title', state=UNTOUCHED, instanceId=4d7c3291-05b1-4f85-be8b-53f96a17c029) to player Player (Polymoney.Player)
Cmd: The player Player requests to apply the incident Incident(id=52, title='incident52Title', state=UNTOUCHED, instanceId=4d7c3291-05b1-4f85-be8b-53f96a17c029).
Closing the panel
Starting panel animation
Panel animation complete
Closing the panel is complete
The entry for key 'incident38Description' in 'eng' is empty. Consider adding text.
Opening the panel
Starting panel animation
Panel animation complete
Opening the panel is complete
Applying the incident Incident(id=38, title='incident38Title', state=UNTOUCHED, instanceId=329eaa3f-464c-4d5a-82ac-00a45ffe31bb) to player Player (Polymoney.Player)
Cmd: The player Player requests to apply the incident Incident(id=38, title='incident38Title', state=UNTOUCHED, instanceId=329eaa3f-464c-4d5a-82ac-00a45ffe31bb).
Server: Repairing the building
Closing the panel
Starting panel animation
Panel animation complete
Closing the panel is complete
The entry for key 'incident39Description' in 'eng' is empty. Consider adding text.
Opening the panel
Starting panel animation
Panel animation complete
Opening the panel is complete
Applying the incident Incident(id=39, title='incident39Title', state=UNTOUCHED, instanceId=b28744c8-4de3-404b-a6c4-197a01bc6100) to player Player (Polymoney.Player)
Cmd: The player Player requests to apply the incident Incident(id=39, title='incident39Title', state=UNTOUCHED, instanceId=b28744c8-4de3-404b-a6c4-197a01bc6100).
Server: Repairing the building
Closing the panel
Starting panel animation
Panel animation complete
Closing the panel is complete
Server: A player has completed their turn
Server: All players have completed their turn
Exit flow state to: FlowPhase(0x40, END_MONTH)
Server: Applying each player's incidents, resetting their time, luminance and offers
Server: Breaking the building
The luminance was changed to 0
Server: Breaking the building
The luminance was changed to 0
Server: Breaking the building
The luminance was changed to 0
Server: Breaking the building
The luminance was changed to 0
Server: Breaking the building
The luminance was changed to 0
Server: Breaking the building
The luminance was changed to 0
Server: Breaking the building
The luminance was changed to 0
update critical player mayorPerson0Name with fiat: 900 and mayor: True and citystate: 0.2222222
add player to critical
Incrementing the month counter
Server: Resetting the end-turn flow condition
Exit flow state to: FlowPhase(0x20000, END_MONTH_DISPLAY)
Opening the panel
Starting panel animation
Server: Resetting the end-turn flow condition
Panel animation complete
Opening the panel is complete
Closing the panel
Starting panel animation
[ENDMONTH] Enable Endturn
Opening the panel
Starting panel animation
Panel animation complete
Closing the panel is complete
Panel animation complete
Opening the panel is complete
OnApplicationFocus(False) started
OnApplicationFocus(False) called on a client
Received message from client: NSM(source=CLIENT, event=FOCUS, status=False) (from: hostId: -1 connectionId: 0 isReady: True channel count: 0)
All clients are available; the game may unpause.
Received message from server: NSM(source=SERVER, event=BLOCK_SCREEN, status=False)
The block-screen status for this client has changed to False
Game unpaused
OnApplicationFocus(True) started
OnApplicationFocus(True) called on a client
Received message from client: NSM(source=CLIENT, event=FOCUS, status=True) (from: hostId: -1 connectionId: 0 isReady: True channel count: 0)
OnApplicationFocus(False) started
OnApplicationFocus(False) called on a client
Received message from client: NSM(source=CLIENT, event=FOCUS, status=False) (from: hostId: -1 connectionId: 0 isReady: True channel count: 0)
OnApplicationFocus(False) started
OnApplicationFocus(False) called on a client
Received message from client: NSM(source=CLIENT, event=FOCUS, status=False) (from: hostId: -1 connectionId: 0 isReady: True channel count: 0)
OnApplicationFocus(True) started
OnApplicationFocus(True) called on a client
Received message from client: NSM(source=CLIENT, event=FOCUS, status=True) (from: hostId: -1 connectionId: 0 isReady: True channel count: 0)
OnApplicationFocus(True) started
OnApplicationFocus(True) called on a client
Received message from client: NSM(source=CLIENT, event=FOCUS, status=True) (from: hostId: -1 connectionId: 0 isReady: True channel count: 0)
OnApplicationFocus(True) started
OnApplicationFocus(True) called on a client
Received message from client: NSM(source=CLIENT, event=FOCUS, status=True) (from: hostId: -1 connectionId: 0 isReady: True channel count: 0)
OnApplicationFocus(False) started
OnApplicationFocus(False) called on a client
Received message from client: NSM(source=CLIENT, event=FOCUS, status=False) (from: hostId: -1 connectionId: 0 isReady: True channel count: 0)
OnApplicationFocus(True) started
OnApplicationFocus(True) called on a client
Received message from client: NSM(source=CLIENT, event=FOCUS, status=True) (from: hostId: -1 connectionId: 0 isReady: True channel count: 0)
OnApplicationFocus(True) started
OnApplicationFocus(True) called on a client
Received message from client: NSM(source=CLIENT, event=FOCUS, status=True) (from: hostId: -1 connectionId: 0 isReady: True channel count: 0)
Server: A player has completed their turn
Server: All players have completed their turn
Exit flow state to: FlowPhase(0x800, Q_INTRODUCTION)
Closing the panel
Starting panel animation
Server: Resetting the end-turn flow condition
Opening the panel
Starting panel animation
Opening the panel
Starting panel animation
Closing the panel
Starting panel animation
Panel animation complete
Opening the panel is complete
Panel animation complete
Opening the panel is complete
Panel animation complete
Closing the panel is complete
Panel animation complete
Closing the panel is complete
Closing the panel
Starting panel animation
Panel animation complete
Closing the panel is complete
Opening the panel
Starting panel animation
Panel animation complete
Opening the panel is complete
Closing the panel
Starting panel animation
Panel animation complete
Closing the panel is complete
Opening the panel
Starting panel animation
Panel animation complete
Opening the panel is complete
Closing the panel
Starting panel animation
Panel animation complete
Closing the panel is complete
Opening the panel
Starting panel animation
Panel animation complete
Opening the panel is complete
Closing the panel
Starting panel animation
Panel animation complete
Closing the panel is complete
Server: A player has completed their turn
Server: All players have completed their turn
Exit flow state to: FlowPhase(0x1000, Q_MARKET)
Server: Resetting the end-turn flow condition
Opening the panel
Starting panel animation
Server: A player has completed their turn
Server: All players have completed their turn
Exit flow state to: FlowPhase(0x8, BEGIN_MONTH)
Server: Adding recurrent incidents to each player
Server: Resetting the end-turn flow condition
Closing the panel
Starting panel animation
Rpc: Adding an incident: Incident(id=33, title='incident33Title', state=UNTOUCHED, instanceId=b5ce3d8d-92ee-461c-8c0c-647a123c327d) (json: {"instanceId":{"Value":"b5ce3d8d-92ee-461c-8c0c-647a123c327d"},"id":33,"title":"incident33Title","description":"incident33Description","state":0,"ignorable":true,"immediate":false,"influenceable":true,"pickPoolSize":0,"month":0,"type":"RecurrentCity","tags":["A","Recurrent","City","Infrastructure"],"addSerializedOffer":"","applicationCost":{"expenses":[{"currency":"FIAT","value":0}],"breakBuilding":4294967295,"time":0},"applicationBenefit":{"removeIncident":[],"addTalent":[],"fairyDust":0,"income":[],"repairBuilding":4294967295},"ignoranceCost":{"expenses":[],"breakBuilding":4294967295,"time":0}})
Linking the incident Incident(id=33, title='incident33Title', state=UNTOUCHED, instanceId=b5ce3d8d-92ee-461c-8c0c-647a123c327d) to the building
Cmd: The player Player requests to update an incident.
Rpc: Adding an incident: Incident(id=34, title='incident34Title', state=UNTOUCHED, instanceId=4bc8e4a6-8079-4a46-b4fa-4fbb76bf0191) (json: {"instanceId":{"Value":"4bc8e4a6-8079-4a46-b4fa-4fbb76bf0191"},"id":34,"title":"incident34Title","description":"incident34Description","state":0,"ignorable":true,"immediate":false,"influenceable":true,"pickPoolSize":0,"month":0,"type":"RecurrentCity","tags":["B","Recurrent","City","Infrastructure"],"addSerializedOffer":"","applicationCost":{"expenses":[{"currency":"FIAT","value":0}],"breakBuilding":4294967295,"time":0},"applicationBenefit":{"removeIncident":[],"addTalent":[],"fairyDust":0,"income":[],"repairBuilding":4294967295},"ignoranceCost":{"expenses":[],"breakBuilding":4294967295,"time":0}})
Linking the incident Incident(id=34, title='incident34Title', state=UNTOUCHED, instanceId=4bc8e4a6-8079-4a46-b4fa-4fbb76bf0191) to the building
Cmd: The player Player requests to update an incident.
Rpc: Adding an incident: Incident(id=35, title='incident35Title', state=UNTOUCHED, instanceId=ea6ed2b8-b182-4464-ae9b-0a4900a83862) (json: {"instanceId":{"Value":"ea6ed2b8-b182-4464-ae9b-0a4900a83862"},"id":35,"title":"incident35Title","description":"incident35Description","state":0,"ignorable":true,"immediate":false,"influenceable":true,"pickPoolSize":0,"month":0,"type":"RecurrentCity","tags":["C","Recurrent","City","Infrastructure"],"addSerializedOffer":"","applicationCost":{"expenses":[{"currency":"FIAT","value":0}],"breakBuilding":4294967295,"time":0},"applicationBenefit":{"removeIncident":[],"addTalent":[],"fairyDust":0,"income":[],"repairBuilding":4294967295},"ignoranceCost":{"expenses":[],"breakBuilding":4294967295,"time":0}})
Linking the incident Incident(id=35, title='incident35Title', state=UNTOUCHED, instanceId=ea6ed2b8-b182-4464-ae9b-0a4900a83862) to the building
Cmd: The player Player requests to update an incident.
Rpc: Adding an incident: Incident(id=36, title='incident36Title', state=UNTOUCHED, instanceId=94581807-2cd1-4c23-9da5-cbc4d5faf985) (json: {"instanceId":{"Value":"94581807-2cd1-4c23-9da5-cbc4d5faf985"},"id":36,"title":"incident36Title","description":"incident36Description","state":0,"ignorable":true,"immediate":false,"influenceable":true,"pickPoolSize":0,"month":0,"type":"RecurrentCity","tags":["D","Recurrent","City","Infrastructure"],"addSerializedOffer":"","applicationCost":{"expenses":[{"currency":"FIAT","value":0}],"breakBuilding":4294967295,"time":0},"applicationBenefit":{"removeIncident":[],"addTalent":[],"fairyDust":0,"income":[],"repairBuilding":4294967295},"ignoranceCost":{"expenses":[],"breakBuilding":4294967295,"time":0}})
Linking the incident Incident(id=36, title='incident36Title', state=UNTOUCHED, instanceId=94581807-2cd1-4c23-9da5-cbc4d5faf985) to the building
Cmd: The player Player requests to update an incident.
Rpc: Adding an incident: Incident(id=37, title='incident37Title', state=UNTOUCHED, instanceId=fbde090d-c3ff-45ac-9c2c-b82ebd0f9360) (json: {"instanceId":{"Value":"fbde090d-c3ff-45ac-9c2c-b82ebd0f9360"},"id":37,"title":"incident37Title","description":"incident37Description","state":0,"ignorable":true,"immediate":false,"influenceable":true,"pickPoolSize":0,"month":0,"type":"RecurrentCity","tags":["E","Recurrent","City","Infrastructure"],"addSerializedOffer":"","applicationCost":{"expenses":[{"currency":"FIAT","value":0}],"breakBuilding":4294967295,"time":0},"applicationBenefit":{"removeIncident":[],"addTalent":[],"fairyDust":0,"income":[],"repairBuilding":4294967295},"ignoranceCost":{"expenses":[],"breakBuilding":4294967295,"time":0}})
Linking the incident Incident(id=37, title='incident37Title', state=UNTOUCHED, instanceId=fbde090d-c3ff-45ac-9c2c-b82ebd0f9360) to the building
Cmd: The player Player requests to update an incident.
Rpc: Adding an incident: Incident(id=38, title='incident38Title', state=UNTOUCHED, instanceId=56783d27-40bd-4e61-8567-16fc502d436d) (json: {"instanceId":{"Value":"56783d27-40bd-4e61-8567-16fc502d436d"},"id":38,"title":"incident38Title","description":"incident38Description","state":0,"ignorable":true,"immediate":false,"influenceable":true,"pickPoolSize":0,"month":0,"type":"RecurrentCity","tags":["F","Recurrent","City","Infrastructure"],"addSerializedOffer":"","applicationCost":{"expenses":[{"currency":"FIAT","value":0}],"breakBuilding":4294967295,"time":0},"applicationBenefit":{"removeIncident":[],"addTalent":[],"fairyDust":0,"income":[],"repairBuilding":4294967295},"ignoranceCost":{"expenses":[],"breakBuilding":4294967295,"time":0}})
Linking the incident Incident(id=38, title='incident38Title', state=UNTOUCHED, instanceId=56783d27-40bd-4e61-8567-16fc502d436d) to the building
Cmd: The player Player requests to update an incident.
Rpc: Adding an incident: Incident(id=39, title='incident39Title', state=UNTOUCHED, instanceId=5d8596af-b609-4133-98c2-1b601d4c021f) (json: {"instanceId":{"Value":"5d8596af-b609-4133-98c2-1b601d4c021f"},"id":39,"title":"incident39Title","description":"incident39Description","state":0,"ignorable":true,"immediate":false,"influenceable":true,"pickPoolSize":0,"month":0,"type":"RecurrentCity","tags":["G","Recurrent","City","Infrastructure"],"addSerializedOffer":"","applicationCost":{"expenses":[{"currency":"FIAT","value":0}],"breakBuilding":4294967295,"time":0},"applicationBenefit":{"removeIncident":[],"addTalent":[],"fairyDust":0,"income":[],"repairBuilding":4294967295},"ignoranceCost":{"expenses":[],"breakBuilding":4294967295,"time":0}})
Linking the incident Incident(id=39, title='incident39Title', state=UNTOUCHED, instanceId=5d8596af-b609-4133-98c2-1b601d4c021f) to the building
Cmd: The player Player requests to update an incident.
Rpc: Adding an incident: Incident(id=40, title='incident40Title', state=UNTOUCHED, instanceId=e101969e-44c6-4d08-8266-90d9ed658037) (json: {"instanceId":{"Value":"e101969e-44c6-4d08-8266-90d9ed658037"},"id":40,"title":"incident40Title","description":"incident40Description","state":0,"ignorable":true,"immediate":false,"influenceable":true,"pickPoolSize":0,"month":0,"type":"RecurrentCity","tags":["H","Recurrent","City","Infrastructure"],"addSerializedOffer":"","applicationCost":{"expenses":[{"currency":"FIAT","value":0}],"breakBuilding":4294967295,"time":0},"applicationBenefit":{"removeIncident":[],"addTalent":[],"fairyDust":0,"income":[],"repairBuilding":4294967295},"ignoranceCost":{"expenses":[],"breakBuilding":4294967295,"time":0}})
Linking the incident Incident(id=40, title='incident40Title', state=UNTOUCHED, instanceId=e101969e-44c6-4d08-8266-90d9ed658037) to the building
Cmd: The player Player requests to update an incident.
Rpc: Adding an incident: Incident(id=41, title='incident41Title', state=UNTOUCHED, instanceId=ea16140f-4b2e-4311-afec-92fe4181192f) (json: {"instanceId":{"Value":"ea16140f-4b2e-4311-afec-92fe4181192f"},"id":41,"title":"incident41Title","description":"incident41Description","state":0,"ignorable":true,"immediate":false,"influenceable":true,"pickPoolSize":0,"month":0,"type":"RecurrentCity","tags":["I","Recurrent","City","Infrastructure"],"addSerializedOffer":"","applicationCost":{"expenses":[{"currency":"FIAT","value":0}],"breakBuilding":4294967295,"time":0},"applicationBenefit":{"removeIncident":[],"addTalent":[],"fairyDust":0,"income":[],"repairBuilding":4294967295},"ignoranceCost":{"expenses":[],"breakBuilding":4294967295,"time":0}})
Linking the incident Incident(id=41, title='incident41Title', state=UNTOUCHED, instanceId=ea16140f-4b2e-4311-afec-92fe4181192f) to the building
Cmd: The player Player requests to update an incident.
Exit flow state to: FlowPhase(0x10, PLAYER_EVENTS)
Opening the panel
Starting panel animation
Server: Resetting the end-turn flow condition
The mayor will not receive any events this month and thus completes their turn.
Server: A player has completed their turn
Server: All players have completed their turn
Exit flow state to: FlowPhase(0x20, PLAYER_TRADE)
Closing the panel
Starting panel animation
Server: Resetting the end-turn flow condition
Panel animation complete
Closing the panel is complete
Panel animation complete
Closing the panel is complete
Opening the panel
Starting panel animation
Panel animation complete
Opening the panel is complete
Closing the panel
Starting panel animation
Panel animation complete
Closing the panel is complete
The entry for key 'incident39Description' in 'eng' is empty. Consider adding text.
Opening the panel
Starting panel animation
Panel animation complete
Opening the panel is complete
Applying the incident Incident(id=39, title='incident39Title', state=UNTOUCHED, instanceId=5d8596af-b609-4133-98c2-1b601d4c021f) to player Player (Polymoney.Player)
Cmd: The player Player requests to apply the incident Incident(id=39, title='incident39Title', state=UNTOUCHED, instanceId=5d8596af-b609-4133-98c2-1b601d4c021f).
Server: Repairing the building
Closing the panel
Starting panel animation
Panel animation complete
Closing the panel is complete
OnApplicationFocus(False) started
OnApplicationFocus(False) called on a client
Received message from client: NSM(source=CLIENT, event=FOCUS, status=False) (from: hostId: -1 connectionId: 0 isReady: True channel count: 0)
OnApplicationFocus(True) started
OnApplicationFocus(True) called on a client
Received message from client: NSM(source=CLIENT, event=FOCUS, status=True) (from: hostId: -1 connectionId: 0 isReady: True channel count: 0)
OnApplicationFocus(False) started
OnApplicationFocus(False) called on a client
Received message from client: NSM(source=CLIENT, event=FOCUS, status=False) (from: hostId: -1 connectionId: 0 isReady: True channel count: 0)
OnApplicationQuit() called
OnApplicationQuit() called on a client
Received message from client: NSM(source=CLIENT, event=QUIT, status=True) (from: hostId: -1 connectionId: 0 isReady: True channel count: 0)
Player 'Player' (netid: 2) was unregistered
