Logfile created: 2019/03/04 14:32:38
Setting the device to never fall asleep.
Opening the panel
Starting panel animation
Reading XML file at 'C:/Users/Ryan/Desktop/PM-Game Basedata/polymoney_src/Assets/StreamingAssets\lang/eng.xml'
OnApplicationFocus(False) started
Panel animation complete
Opening the panel is complete
OnApplicationFocus(False) started
OnApplicationFocus(True) started
OnApplicationFocus(True) started
OnApplicationFocus(False) started
OnApplicationFocus(False) started
OnApplicationFocus(True) started
OnApplicationFocus(True) started
Opening the panel
Starting panel animation
Panel animation complete
Opening the panel is complete
Closing the panel
Starting panel animation
Panel animation complete
Closing the panel is complete
Opening the panel
Starting panel animation
Panel animation complete
Opening the panel is complete
Closing the panel
Starting panel animation
Panel animation complete
Closing the panel is complete
OnApplicationFocus(False) started
OnApplicationQuit() called
