Logfile created: 2019/08/20 14:20:16
Setting the device to never fall asleep.
Opening the panel
Starting panel animation
OnApplicationFocus(True) started
Reading XML file at 'C:/Users/cup2f/OneDrive/Documents/Polymoney/Assets/StreamingAssets\lang/eng.xml'
Panel animation complete
Opening the panel is complete
Closing the panel
Starting panel animation
Opening the panel
Starting panel animation
Panel animation complete
Closing the panel is complete
Panel animation complete
Opening the panel is complete
OnStartHost()
Server: Setting broadcast data to 'PolymoneyGame::192.168.250.209:20120'
OnLobbyStartHost()
OnStartServer()
OnLobbyStartServer()
Server: A new client has connected.
OnStartClient(client=UnityEngine.Networking.LocalClient) for server at 
OnLobbyStartClient(client=UnityEngine.Networking.LocalClient)
OnClientConnect(conn=hostId: -1 connectionId: 0 isReady: False channel count: 0)
OnLobbyClientConnect(conn=hostId: -1 connectionId: 0 isReady: False channel count: 0) with address localServer)
Opening the panel
Starting panel animation
Closing the panel
Starting panel animation
Server: A player was added.
OnLobbyServerCreateLobbyPlayer(conn=hostId: -1 connectionId: 0 isReady: True channel count: 0, controllerId=0)
Panel animation complete
Opening the panel is complete
Panel animation complete
Closing the panel is complete
OnLobbyServerPlayersReady()
OnClientNotReady(conn=hostId: -1 connectionId: 0 isReady: True channel count: 0)
The initial state will be 'FlowPhase(0x1, INTRO_WORLD)'
OnLobbyServerCreateGamePlayer(conn=hostId: -1 connectionId: 0 isReady: False channel count: 0, controllerId=0)
The player Player would like to run for mayor.
Game unpaused
Player 'Player' (netid: 2) was registered
The authoritative player's name is 'Player'
Closing the panel
Starting panel animation
Building 'Industrial' (netid: 3) was registered
The luminance was changed to 0.3
Building 'Lake' (netid: 4) was registered
The luminance was changed to 0.3
Building 'Building (7)' (netid: 5) was registered
The luminance was changed to 0.2
Building 'Tree' (netid: 6) was registered
The luminance was changed to 0.3
Building 'Administration' (netid: 7) was registered
The luminance was changed to 0.7
Building 'Garden' (netid: 8) was registered
The luminance was changed to 0.3
Building 'Building (9)' (netid: 9) was registered
The luminance was changed to 0.2
Building 'Villa' (netid: 10) was registered
The luminance was changed to 0.3
Building 'Park' (netid: 11) was registered
The luminance was changed to 0.3
Building 'School' (netid: 12) was registered
The luminance was changed to 0.7
Building 'Building (5)' (netid: 13) was registered
The luminance was changed to 0.2
Building 'Offices' (netid: 14) was registered
The luminance was changed to 0.7
Building 'Building (2)' (netid: 15) was registered
The luminance was changed to 0.2
Building 'City Hall' (netid: 16) was registered
The luminance was changed to 0.1
Building 'Building (3)' (netid: 17) was registered
The luminance was changed to 0.2
Building 'Building (4)' (netid: 18) was registered
The luminance was changed to 0.2
Server: Adding myself as exit condition to the state 'PLAYER_EVENTS'
Server: Adding myself as exit condition to the state 'INTRO_WORLD'
Server: Adding myself as exit condition to the state 'PLAYER_TRADE'
Server: Adding myself as exit condition to the state 'END_MONTH_DISPLAY'
Server: Adding myself as exit condition to the state 'Q_INTRODUCTION'
Server: Adding myself as exit condition to the state 'MOVEMENT_TUTO'
Server: Adding myself as exit condition to the state 'Q_MARKET'
Server: Adding myself as exit condition to the state 'PLAYER_INTRODUCTION'
Server: Adding myself as exit condition to the state 'END'
Server: Adding myself as exit condition to the state 'GAMEOVER'
Server: Adding myself as exit condition to the state 'SUMMARY'
Opening the panel
Starting panel animation
Loaded level data from leveldata.json
Rpc: Set Guid of Offer 'IndustrialBuildingDeed' to '544658e7-8cd8-4e2b-b521-d4c3e73b564c'
Rpc: Set Guid of Offer 'VillaDeed' to '805be1c4-9244-4838-a2ad-99fd4dc2b1e3'
Rpc: Set Guid of Offer 'ParkDeed' to 'b213407e-35bc-4c0a-8f30-3028a69583cb'
Rpc: Set Guid of Offer 'LakeDeed' to '326f4076-5823-427b-9b94-2a2c86b8a401'
Rpc: Set Guid of Offer 'TreeDeed' to '23c4645c-d5e0-4005-86f6-9d3ee36e4b97'
Rpc: Set Guid of Offer 'GardenDeed' to '39d6fa2f-ec3e-4bc6-a253-a18180f84134'
All player objects are initialized on this client and the level data is available
Cmd: A client has completed loading the player objects.
Rpc: All clients have completed loading their player objects.
Server: Running character generation
Closing the panel
Starting panel animation
Found NetworkIdentity NLobbyPlayer(Clone) - 1
Found NetworkIdentity Player - 2
Found NetworkIdentity Industrial - 3
Found NetworkIdentity Lake - 4
Found NetworkIdentity Building (7) - 5
Found NetworkIdentity Tree - 6
Found NetworkIdentity Administration - 7
Found NetworkIdentity Garden - 8
Found NetworkIdentity Building (9) - 9
Found NetworkIdentity Villa - 10
Found NetworkIdentity Park - 11
Found NetworkIdentity School - 12
Found NetworkIdentity Building (5) - 13
Found NetworkIdentity Offices - 14
Found NetworkIdentity Building (2) - 15
Found NetworkIdentity City Hall - 16
Found NetworkIdentity Building (3) - 17
Found NetworkIdentity Building (4) - 18
Found NetworkIdentity NLevel - 19
Rpc: The player (netid: 2) is now called 'Player'.
Rpc: The player (netid: 2) is now mayor: True
Rpc: The player 'Player' (netid: 2) now has the person Person(i=0, t=mayorPerson0Name).
Rpc: The player 'Player' (netid: 2) now has the home Home(i=0, t=mayorHome0Title, r=0).
Rpc: The player 'Player' (netid: 2) now has the job Job(i=0, t=mayorJob0Title, s=0).
Rpc: Adding a talent: Talent(i=0, t=mayorTalent0Title, d=mayorTalent0Description, ty=mayorTalent0Type, tags=[Infrastructure]) (json: {"title":"mayorTalent0Title","description":"mayorTalent0Description","id":0,"type":"mayorTalent0Type","tags":["Infrastructure"]})
Rpc: Market 92d2944d-c81d-4bd5-ba6c-fd0d3904460f has a new seller: Player.
Rpc: The player Player now owns the marketplace 92d2944d-c81d-4bd5-ba6c-fd0d3904460f.
Rpc: Market a5052e8a-2ffe-4d97-88ec-329269fd5222 has a new seller: Player.
Loading the character model for player 'Player' (netid: 2, mayor: True).
started for major
Panel animation complete
Closing the panel is complete
Panel animation complete
Opening the panel is complete
Panel animation complete
Closing the panel is complete
Opening the panel
Starting panel animation
Panel animation complete
Opening the panel is complete
Closing the panel
Starting panel animation
Panel animation complete
Closing the panel is complete
Opening the panel
Starting panel animation
Panel animation complete
Opening the panel is complete
Closing the panel
Starting panel animation
Panel animation complete
Closing the panel is complete
Server: A player has completed their turn
Server: All players have completed their turn
Exit flow state to: FlowPhase(0x4, PLAYER_INTRODUCTION)
Server: Resetting the end-turn flow condition
Opening the panel
Starting panel animation
Panel animation complete
Opening the panel is complete
Closing the panel
Starting panel animation
Panel animation complete
Closing the panel is complete
Opening the panel
Starting panel animation
Panel animation complete
Opening the panel is complete
Closing the panel
Starting panel animation
Panel animation complete
Closing the panel is complete
Opening the panel
Starting panel animation
Closing the panel
Starting panel animation
Panel animation complete
Closing the panel is complete
Server: A player has completed their turn
Server: All players have completed their turn
Exit flow state to: FlowPhase(0x2000, MOVEMENT_TUTO)
Server: Resetting the end-turn flow condition
movement start
Opening the panel
Starting panel animation
Panel animation complete
Opening the panel is complete
Closing the panel
Starting panel animation
Panel animation complete
Closing the panel is complete
check movement
Opening the panel
Starting panel animation
Panel animation complete
Opening the panel is complete
Closing the panel
Starting panel animation
Panel animation complete
Closing the panel is complete
Server: A player has completed their turn
Server: All players have completed their turn
Exit flow state to: FlowPhase(0x8, BEGIN_MONTH)
Server: Adding recurrent incidents to each player
1 * 0 * 60 * 0.2
1 * 0 * 60 * 0.2
1 * 0 * 60 * 0.2
1 * 0 * 60 * 0.2
1 * 0 * 60 * 0.2
1 * 0 * 60 * 0.2
1 * 0 * 60 * 0.2
1 * 0 * 60 * 0.2
1 * 0 * 60 * 0.2
Server: Resetting the end-turn flow condition
movement end
maintenance start
Rpc: Adding an incident: Incident(id=33, title='incident33Title', state=UNTOUCHED, instanceId=e6cd0890-74db-4697-9f20-85f841bcdb64) (json: {"instanceId":{"Value":"e6cd0890-74db-4697-9f20-85f841bcdb64"},"id":33,"title":"incident33Title","description":"incident33Description","state":0,"ignorable":true,"immediate":false,"influenceable":true,"pickPoolSize":0,"month":0,"type":"RecurrentCity","tags":["A","Recurrent","City","Infrastructure"],"addSerializedOffer":"","applicationCost":{"expenses":[{"currency":"FIAT","value":0}],"breakBuilding":4294967295,"time":0},"applicationBenefit":{"removeIncident":[],"addTalent":[],"fairyDust":0,"income":[],"repairBuilding":4294967295},"ignoranceCost":{"expenses":[],"breakBuilding":4294967295,"time":0}})
Linking the incident Incident(id=33, title='incident33Title', state=UNTOUCHED, instanceId=e6cd0890-74db-4697-9f20-85f841bcdb64) to the building
Cmd: The player Player requests to update an incident.
Rpc: Adding an incident: Incident(id=34, title='incident34Title', state=UNTOUCHED, instanceId=071705ff-8032-4c8c-8cbd-b76bc6b4d68a) (json: {"instanceId":{"Value":"071705ff-8032-4c8c-8cbd-b76bc6b4d68a"},"id":34,"title":"incident34Title","description":"incident34Description","state":0,"ignorable":true,"immediate":false,"influenceable":true,"pickPoolSize":0,"month":0,"type":"RecurrentCity","tags":["B","Recurrent","City","Infrastructure"],"addSerializedOffer":"","applicationCost":{"expenses":[{"currency":"FIAT","value":0}],"breakBuilding":4294967295,"time":0},"applicationBenefit":{"removeIncident":[],"addTalent":[],"fairyDust":0,"income":[],"repairBuilding":4294967295},"ignoranceCost":{"expenses":[],"breakBuilding":4294967295,"time":0}})
Linking the incident Incident(id=34, title='incident34Title', state=UNTOUCHED, instanceId=071705ff-8032-4c8c-8cbd-b76bc6b4d68a) to the building
Cmd: The player Player requests to update an incident.
Rpc: Adding an incident: Incident(id=35, title='incident35Title', state=UNTOUCHED, instanceId=09fc83b0-6525-4092-9637-27fa94134cfc) (json: {"instanceId":{"Value":"09fc83b0-6525-4092-9637-27fa94134cfc"},"id":35,"title":"incident35Title","description":"incident35Description","state":0,"ignorable":true,"immediate":false,"influenceable":true,"pickPoolSize":0,"month":0,"type":"RecurrentCity","tags":["C","Recurrent","City","Infrastructure"],"addSerializedOffer":"","applicationCost":{"expenses":[{"currency":"FIAT","value":0}],"breakBuilding":4294967295,"time":0},"applicationBenefit":{"removeIncident":[],"addTalent":[],"fairyDust":0,"income":[],"repairBuilding":4294967295},"ignoranceCost":{"expenses":[],"breakBuilding":4294967295,"time":0}})
Linking the incident Incident(id=35, title='incident35Title', state=UNTOUCHED, instanceId=09fc83b0-6525-4092-9637-27fa94134cfc) to the building
Cmd: The player Player requests to update an incident.
Rpc: Adding an incident: Incident(id=36, title='incident36Title', state=UNTOUCHED, instanceId=b0244ed3-e594-4aa3-8c07-32680c226f3a) (json: {"instanceId":{"Value":"b0244ed3-e594-4aa3-8c07-32680c226f3a"},"id":36,"title":"incident36Title","description":"incident36Description","state":0,"ignorable":true,"immediate":false,"influenceable":true,"pickPoolSize":0,"month":0,"type":"RecurrentCity","tags":["D","Recurrent","City","Infrastructure"],"addSerializedOffer":"","applicationCost":{"expenses":[{"currency":"FIAT","value":0}],"breakBuilding":4294967295,"time":0},"applicationBenefit":{"removeIncident":[],"addTalent":[],"fairyDust":0,"income":[],"repairBuilding":4294967295},"ignoranceCost":{"expenses":[],"breakBuilding":4294967295,"time":0}})
Linking the incident Incident(id=36, title='incident36Title', state=UNTOUCHED, instanceId=b0244ed3-e594-4aa3-8c07-32680c226f3a) to the building
Cmd: The player Player requests to update an incident.
Rpc: Adding an incident: Incident(id=37, title='incident37Title', state=UNTOUCHED, instanceId=34345d93-1f41-4460-a78a-ab91f9363004) (json: {"instanceId":{"Value":"34345d93-1f41-4460-a78a-ab91f9363004"},"id":37,"title":"incident37Title","description":"incident37Description","state":0,"ignorable":true,"immediate":false,"influenceable":true,"pickPoolSize":0,"month":0,"type":"RecurrentCity","tags":["E","Recurrent","City","Infrastructure"],"addSerializedOffer":"","applicationCost":{"expenses":[{"currency":"FIAT","value":0}],"breakBuilding":4294967295,"time":0},"applicationBenefit":{"removeIncident":[],"addTalent":[],"fairyDust":0,"income":[],"repairBuilding":4294967295},"ignoranceCost":{"expenses":[],"breakBuilding":4294967295,"time":0}})
Linking the incident Incident(id=37, title='incident37Title', state=UNTOUCHED, instanceId=34345d93-1f41-4460-a78a-ab91f9363004) to the building
Cmd: The player Player requests to update an incident.
Rpc: Adding an incident: Incident(id=38, title='incident38Title', state=UNTOUCHED, instanceId=999ead89-4c8b-49a9-9e9b-d0f86331911b) (json: {"instanceId":{"Value":"999ead89-4c8b-49a9-9e9b-d0f86331911b"},"id":38,"title":"incident38Title","description":"incident38Description","state":0,"ignorable":true,"immediate":false,"influenceable":true,"pickPoolSize":0,"month":0,"type":"RecurrentCity","tags":["F","Recurrent","City","Infrastructure"],"addSerializedOffer":"","applicationCost":{"expenses":[{"currency":"FIAT","value":0}],"breakBuilding":4294967295,"time":0},"applicationBenefit":{"removeIncident":[],"addTalent":[],"fairyDust":0,"income":[],"repairBuilding":4294967295},"ignoranceCost":{"expenses":[],"breakBuilding":4294967295,"time":0}})
Linking the incident Incident(id=38, title='incident38Title', state=UNTOUCHED, instanceId=999ead89-4c8b-49a9-9e9b-d0f86331911b) to the building
Cmd: The player Player requests to update an incident.
Rpc: Adding an incident: Incident(id=39, title='incident39Title', state=UNTOUCHED, instanceId=5d2b193f-1ce3-4eb2-90a0-814a4911d3e4) (json: {"instanceId":{"Value":"5d2b193f-1ce3-4eb2-90a0-814a4911d3e4"},"id":39,"title":"incident39Title","description":"incident39Description","state":0,"ignorable":true,"immediate":false,"influenceable":true,"pickPoolSize":0,"month":0,"type":"RecurrentCity","tags":["G","Recurrent","City","Infrastructure"],"addSerializedOffer":"","applicationCost":{"expenses":[{"currency":"FIAT","value":0}],"breakBuilding":4294967295,"time":0},"applicationBenefit":{"removeIncident":[],"addTalent":[],"fairyDust":0,"income":[],"repairBuilding":4294967295},"ignoranceCost":{"expenses":[],"breakBuilding":4294967295,"time":0}})
Linking the incident Incident(id=39, title='incident39Title', state=UNTOUCHED, instanceId=5d2b193f-1ce3-4eb2-90a0-814a4911d3e4) to the building
Cmd: The player Player requests to update an incident.
Rpc: Adding an incident: Incident(id=40, title='incident40Title', state=UNTOUCHED, instanceId=56b239e8-c46c-4e97-b35b-4b99b87f31dd) (json: {"instanceId":{"Value":"56b239e8-c46c-4e97-b35b-4b99b87f31dd"},"id":40,"title":"incident40Title","description":"incident40Description","state":0,"ignorable":true,"immediate":false,"influenceable":true,"pickPoolSize":0,"month":0,"type":"RecurrentCity","tags":["H","Recurrent","City","Infrastructure"],"addSerializedOffer":"","applicationCost":{"expenses":[{"currency":"FIAT","value":0}],"breakBuilding":4294967295,"time":0},"applicationBenefit":{"removeIncident":[],"addTalent":[],"fairyDust":0,"income":[],"repairBuilding":4294967295},"ignoranceCost":{"expenses":[],"breakBuilding":4294967295,"time":0}})
Linking the incident Incident(id=40, title='incident40Title', state=UNTOUCHED, instanceId=56b239e8-c46c-4e97-b35b-4b99b87f31dd) to the building
Cmd: The player Player requests to update an incident.
Rpc: Adding an incident: Incident(id=41, title='incident41Title', state=UNTOUCHED, instanceId=bb79185b-1da3-4c17-bd90-9467c22c0759) (json: {"instanceId":{"Value":"bb79185b-1da3-4c17-bd90-9467c22c0759"},"id":41,"title":"incident41Title","description":"incident41Description","state":0,"ignorable":true,"immediate":false,"influenceable":true,"pickPoolSize":0,"month":0,"type":"RecurrentCity","tags":["I","Recurrent","City","Infrastructure"],"addSerializedOffer":"","applicationCost":{"expenses":[{"currency":"FIAT","value":0}],"breakBuilding":4294967295,"time":0},"applicationBenefit":{"removeIncident":[],"addTalent":[],"fairyDust":0,"income":[],"repairBuilding":4294967295},"ignoranceCost":{"expenses":[],"breakBuilding":4294967295,"time":0}})
Linking the incident Incident(id=41, title='incident41Title', state=UNTOUCHED, instanceId=bb79185b-1da3-4c17-bd90-9467c22c0759) to the building
Cmd: The player Player requests to update an incident.
Exit flow state to: FlowPhase(0x10, PLAYER_EVENTS)
Opening the panel
Starting panel animation
Server: Resetting the end-turn flow condition
Cmd: The player Player requests to add an incident.
Opening the panel
Starting panel animation
Rpc: Adding an incident: Incident(id=52, title='incident52Title', state=UNTOUCHED, instanceId=23001fe3-3190-4f5c-88dc-f1e07aeb9e7c) (json: {"instanceId":{"Value":"23001fe3-3190-4f5c-88dc-f1e07aeb9e7c"},"id":52,"title":"incident52Title","description":"To clean the affected areas of town,\nThe city has to pay 100 in repair costs","state":0,"ignorable":false,"immediate":false,"influenceable":true,"pickPoolSize":0,"month":5,"type":"City","tags":["Storm"],"addSerializedOffer":"","applicationCost":{"expenses":[{"currency":"FIAT","value":100}],"breakBuilding":4294967295,"time":0},"applicationBenefit":{"removeIncident":[],"addTalent":[],"fairyDust":0,"income":[],"repairBuilding":4294967295},"ignoranceCost":{"expenses":[],"breakBuilding":4294967295,"time":0}})
Panel animation complete
Opening the panel is complete
Panel animation complete
Opening the panel is complete
Closing the panel
Starting panel animation
The player has seen all wheel incidents and thus completes their turn.
Server: A player has completed their turn
Server: All players have completed their turn
Exit flow state to: FlowPhase(0x20, PLAYER_TRADE)
Closing the panel
Starting panel animation
Server: Resetting the end-turn flow condition
Opening the panel
Starting panel animation
Panel animation complete
Opening the panel is complete
Panel animation complete
Closing the panel is complete
Closing the panel
Starting panel animation
Panel animation complete
Closing the panel is complete
The entry for key 'incident41Description' in 'eng' is empty. Consider adding text.
Opening the panel
Starting panel animation
Panel animation complete
Opening the panel is complete
Applying the incident Incident(id=41, title='incident41Title', state=UNTOUCHED, instanceId=bb79185b-1da3-4c17-bd90-9467c22c0759) to player Player (Polymoney.Player)
Mayor Cost: 0
Mayor Money: 1000
Cmd: The player Player requests to apply the incident Incident(id=41, title='incident41Title', state=UNTOUCHED, instanceId=bb79185b-1da3-4c17-bd90-9467c22c0759).
Server: Repairing the building
Closing the panel
Starting panel animation
Opening the panel
Starting panel animation
Panel animation complete
Opening the panel is complete
Closing the panel
Starting panel animation
Panel animation complete
Closing the panel is complete
The entry for key 'incident40Description' in 'eng' is empty. Consider adding text.
Opening the panel
Starting panel animation
Panel animation complete
Opening the panel is complete
Applying the incident Incident(id=40, title='incident40Title', state=UNTOUCHED, instanceId=56b239e8-c46c-4e97-b35b-4b99b87f31dd) to player Player (Polymoney.Player)
Mayor Cost: 0
Mayor Money: 1000
Cmd: The player Player requests to apply the incident Incident(id=40, title='incident40Title', state=UNTOUCHED, instanceId=56b239e8-c46c-4e97-b35b-4b99b87f31dd).
Server: Repairing the building
Closing the panel
Starting panel animation
Panel animation complete
Closing the panel is complete
The entry for key 'incident35Description' in 'eng' is empty. Consider adding text.
Opening the panel
Starting panel animation
Panel animation complete
Opening the panel is complete
Applying the incident Incident(id=35, title='incident35Title', state=UNTOUCHED, instanceId=09fc83b0-6525-4092-9637-27fa94134cfc) to player Player (Polymoney.Player)
Mayor Cost: 0
Mayor Money: 1000
Cmd: The player Player requests to apply the incident Incident(id=35, title='incident35Title', state=UNTOUCHED, instanceId=09fc83b0-6525-4092-9637-27fa94134cfc).
Server: Repairing the building
Closing the panel
Starting panel animation
Panel animation complete
Closing the panel is complete
Opening the panel
Starting panel animation
Panel animation complete
Opening the panel is complete
Applying the incident Incident(id=52, title='incident52Title', state=UNTOUCHED, instanceId=23001fe3-3190-4f5c-88dc-f1e07aeb9e7c) to player Player (Polymoney.Player)
Mayor Cost: 100
Mayor Money: 1000
Cmd: The player Player requests to apply the incident Incident(id=52, title='incident52Title', state=UNTOUCHED, instanceId=23001fe3-3190-4f5c-88dc-f1e07aeb9e7c).
Closing the panel
Starting panel animation
Panel animation complete
Closing the panel is complete
The entry for key 'incident38Description' in 'eng' is empty. Consider adding text.
Opening the panel
Starting panel animation
Panel animation complete
Opening the panel is complete
Applying the incident Incident(id=38, title='incident38Title', state=UNTOUCHED, instanceId=999ead89-4c8b-49a9-9e9b-d0f86331911b) to player Player (Polymoney.Player)
Mayor Cost: 0
Mayor Money: 900
Cmd: The player Player requests to apply the incident Incident(id=38, title='incident38Title', state=UNTOUCHED, instanceId=999ead89-4c8b-49a9-9e9b-d0f86331911b).
Server: Repairing the building
Closing the panel
Starting panel animation
Panel animation complete
Closing the panel is complete
The entry for key 'incident39Description' in 'eng' is empty. Consider adding text.
Opening the panel
Starting panel animation
Panel animation complete
Opening the panel is complete
Applying the incident Incident(id=39, title='incident39Title', state=UNTOUCHED, instanceId=5d2b193f-1ce3-4eb2-90a0-814a4911d3e4) to player Player (Polymoney.Player)
Mayor Cost: 0
Mayor Money: 900
Cmd: The player Player requests to apply the incident Incident(id=39, title='incident39Title', state=UNTOUCHED, instanceId=5d2b193f-1ce3-4eb2-90a0-814a4911d3e4).
Server: Repairing the building
Closing the panel
Starting panel animation
Panel animation complete
Closing the panel is complete
The entry for key 'incident34Description' in 'eng' is empty. Consider adding text.
Opening the panel
Starting panel animation
Panel animation complete
Opening the panel is complete
Applying the incident Incident(id=34, title='incident34Title', state=UNTOUCHED, instanceId=071705ff-8032-4c8c-8cbd-b76bc6b4d68a) to player Player (Polymoney.Player)
Mayor Cost: 0
Mayor Money: 900
Cmd: The player Player requests to apply the incident Incident(id=34, title='incident34Title', state=UNTOUCHED, instanceId=071705ff-8032-4c8c-8cbd-b76bc6b4d68a).
Server: Repairing the building
Closing the panel
Starting panel animation
Panel animation complete
Closing the panel is complete
The entry for key 'incident37Description' in 'eng' is empty. Consider adding text.
Opening the panel
Starting panel animation
Panel animation complete
Opening the panel is complete
Applying the incident Incident(id=37, title='incident37Title', state=UNTOUCHED, instanceId=34345d93-1f41-4460-a78a-ab91f9363004) to player Player (Polymoney.Player)
Mayor Cost: 0
Mayor Money: 900
Cmd: The player Player requests to apply the incident Incident(id=37, title='incident37Title', state=UNTOUCHED, instanceId=34345d93-1f41-4460-a78a-ab91f9363004).
Server: Repairing the building
Closing the panel
Starting panel animation
Panel animation complete
Closing the panel is complete
The entry for key 'incident36Description' in 'eng' is empty. Consider adding text.
Opening the panel
Starting panel animation
Panel animation complete
Opening the panel is complete
Applying the incident Incident(id=36, title='incident36Title', state=UNTOUCHED, instanceId=b0244ed3-e594-4aa3-8c07-32680c226f3a) to player Player (Polymoney.Player)
Mayor Cost: 0
Mayor Money: 900
Cmd: The player Player requests to apply the incident Incident(id=36, title='incident36Title', state=UNTOUCHED, instanceId=b0244ed3-e594-4aa3-8c07-32680c226f3a).
Server: Repairing the building
Closing the panel
Starting panel animation
Panel animation complete
Closing the panel is complete
The entry for key 'incident33Description' in 'eng' is empty. Consider adding text.
Opening the panel
Starting panel animation
Panel animation complete
Opening the panel is complete
Applying the incident Incident(id=33, title='incident33Title', state=UNTOUCHED, instanceId=e6cd0890-74db-4697-9f20-85f841bcdb64) to player Player (Polymoney.Player)
Mayor Cost: 0
Mayor Money: 900
Cmd: The player Player requests to apply the incident Incident(id=33, title='incident33Title', state=UNTOUCHED, instanceId=e6cd0890-74db-4697-9f20-85f841bcdb64).
Server: Repairing the building
Closing the panel
Starting panel animation
Opening the panel
Starting panel animation
Panel animation complete
Opening the panel is complete
Closing the panel
Starting panel animation
Panel animation complete
Closing the panel is complete
Opening the panel
Starting panel animation
Panel animation complete
Opening the panel is complete
Closing the panel
Starting panel animation
Panel animation complete
Closing the panel is complete
Opening the panel
Starting panel animation
Panel animation complete
Opening the panel is complete
Closing the panel
Starting panel animation
Panel animation complete
Closing the panel is complete
Opening the panel
Starting panel animation
Panel animation complete
Opening the panel is complete
Closing the panel
Starting panel animation
Panel animation complete
Closing the panel is complete
Opening the panel
Starting panel animation
Panel animation complete
Opening the panel is complete
Closing the panel
Starting panel animation
Panel animation complete
Closing the panel is complete
Server: A player has completed their turn
Server: All players have completed their turn
Exit flow state to: FlowPhase(0x40, END_MONTH)
Server: Applying each player's incidents, resetting their time, luminance and offers
update critical player mayorPerson0Name with fiat: 900 and mayor: True and citystate: 1
Incrementing the month counter
Server: Resetting the end-turn flow condition
Exit flow state to: FlowPhase(0x20000, END_MONTH_DISPLAY)
Opening the panel
Starting panel animation
Server: Resetting the end-turn flow condition
[ENDMONTH] Enable Endturn
Panel animation complete
Opening the panel is complete
Server: A player has completed their turn
Server: All players have completed their turn
Exit flow state to: FlowPhase(0x200, FAIRYDUST_SHARING)
Closing the panel
Starting panel animation
Server: Resetting the end-turn flow condition
Exit flow state to: FlowPhase(0x8, BEGIN_MONTH)
Server: Adding recurrent incidents to each player
1 * 0 * 60 * 0.2
1 * 0 * 60 * 0.2
1 * 0 * 60 * 0.2
1 * 0 * 60 * 0.2
1 * 0 * 60 * 0.2
1 * 0 * 60 * 0.2
1 * 0 * 60 * 0.2
1 * 0 * 60 * 0.2
1 * 0 * 60 * 0.2
Server: Resetting the end-turn flow condition
Rpc: Adding an incident: Incident(id=33, title='incident33Title', state=UNTOUCHED, instanceId=94224789-a2f7-4518-9f1e-fc4b8f52f886) (json: {"instanceId":{"Value":"94224789-a2f7-4518-9f1e-fc4b8f52f886"},"id":33,"title":"incident33Title","description":"incident33Description","state":0,"ignorable":true,"immediate":false,"influenceable":true,"pickPoolSize":0,"month":0,"type":"RecurrentCity","tags":["A","Recurrent","City","Infrastructure"],"addSerializedOffer":"","applicationCost":{"expenses":[{"currency":"FIAT","value":0}],"breakBuilding":4294967295,"time":0},"applicationBenefit":{"removeIncident":[],"addTalent":[],"fairyDust":0,"income":[],"repairBuilding":4294967295},"ignoranceCost":{"expenses":[],"breakBuilding":4294967295,"time":0}})
Linking the incident Incident(id=33, title='incident33Title', state=UNTOUCHED, instanceId=94224789-a2f7-4518-9f1e-fc4b8f52f886) to the building
Cmd: The player Player requests to update an incident.
Rpc: Adding an incident: Incident(id=34, title='incident34Title', state=UNTOUCHED, instanceId=4ad53b2e-bbd5-4ac5-8505-b78533bce18d) (json: {"instanceId":{"Value":"4ad53b2e-bbd5-4ac5-8505-b78533bce18d"},"id":34,"title":"incident34Title","description":"incident34Description","state":0,"ignorable":true,"immediate":false,"influenceable":true,"pickPoolSize":0,"month":0,"type":"RecurrentCity","tags":["B","Recurrent","City","Infrastructure"],"addSerializedOffer":"","applicationCost":{"expenses":[{"currency":"FIAT","value":0}],"breakBuilding":4294967295,"time":0},"applicationBenefit":{"removeIncident":[],"addTalent":[],"fairyDust":0,"income":[],"repairBuilding":4294967295},"ignoranceCost":{"expenses":[],"breakBuilding":4294967295,"time":0}})
Linking the incident Incident(id=34, title='incident34Title', state=UNTOUCHED, instanceId=4ad53b2e-bbd5-4ac5-8505-b78533bce18d) to the building
Cmd: The player Player requests to update an incident.
Rpc: Adding an incident: Incident(id=35, title='incident35Title', state=UNTOUCHED, instanceId=d168596a-1e68-46a8-93b2-63bfa4671f92) (json: {"instanceId":{"Value":"d168596a-1e68-46a8-93b2-63bfa4671f92"},"id":35,"title":"incident35Title","description":"incident35Description","state":0,"ignorable":true,"immediate":false,"influenceable":true,"pickPoolSize":0,"month":0,"type":"RecurrentCity","tags":["C","Recurrent","City","Infrastructure"],"addSerializedOffer":"","applicationCost":{"expenses":[{"currency":"FIAT","value":0}],"breakBuilding":4294967295,"time":0},"applicationBenefit":{"removeIncident":[],"addTalent":[],"fairyDust":0,"income":[],"repairBuilding":4294967295},"ignoranceCost":{"expenses":[],"breakBuilding":4294967295,"time":0}})
Linking the incident Incident(id=35, title='incident35Title', state=UNTOUCHED, instanceId=d168596a-1e68-46a8-93b2-63bfa4671f92) to the building
Cmd: The player Player requests to update an incident.
Rpc: Adding an incident: Incident(id=36, title='incident36Title', state=UNTOUCHED, instanceId=38efde0d-83c2-456d-939c-e67131019d02) (json: {"instanceId":{"Value":"38efde0d-83c2-456d-939c-e67131019d02"},"id":36,"title":"incident36Title","description":"incident36Description","state":0,"ignorable":true,"immediate":false,"influenceable":true,"pickPoolSize":0,"month":0,"type":"RecurrentCity","tags":["D","Recurrent","City","Infrastructure"],"addSerializedOffer":"","applicationCost":{"expenses":[{"currency":"FIAT","value":0}],"breakBuilding":4294967295,"time":0},"applicationBenefit":{"removeIncident":[],"addTalent":[],"fairyDust":0,"income":[],"repairBuilding":4294967295},"ignoranceCost":{"expenses":[],"breakBuilding":4294967295,"time":0}})
Linking the incident Incident(id=36, title='incident36Title', state=UNTOUCHED, instanceId=38efde0d-83c2-456d-939c-e67131019d02) to the building
Cmd: The player Player requests to update an incident.
Rpc: Adding an incident: Incident(id=37, title='incident37Title', state=UNTOUCHED, instanceId=c46963e5-190b-4f46-82eb-82226830eac4) (json: {"instanceId":{"Value":"c46963e5-190b-4f46-82eb-82226830eac4"},"id":37,"title":"incident37Title","description":"incident37Description","state":0,"ignorable":true,"immediate":false,"influenceable":true,"pickPoolSize":0,"month":0,"type":"RecurrentCity","tags":["E","Recurrent","City","Infrastructure"],"addSerializedOffer":"","applicationCost":{"expenses":[{"currency":"FIAT","value":0}],"breakBuilding":4294967295,"time":0},"applicationBenefit":{"removeIncident":[],"addTalent":[],"fairyDust":0,"income":[],"repairBuilding":4294967295},"ignoranceCost":{"expenses":[],"breakBuilding":4294967295,"time":0}})
Linking the incident Incident(id=37, title='incident37Title', state=UNTOUCHED, instanceId=c46963e5-190b-4f46-82eb-82226830eac4) to the building
Cmd: The player Player requests to update an incident.
Rpc: Adding an incident: Incident(id=38, title='incident38Title', state=UNTOUCHED, instanceId=2892861a-59a3-4f94-a502-4887606c9f36) (json: {"instanceId":{"Value":"2892861a-59a3-4f94-a502-4887606c9f36"},"id":38,"title":"incident38Title","description":"incident38Description","state":0,"ignorable":true,"immediate":false,"influenceable":true,"pickPoolSize":0,"month":0,"type":"RecurrentCity","tags":["F","Recurrent","City","Infrastructure"],"addSerializedOffer":"","applicationCost":{"expenses":[{"currency":"FIAT","value":0}],"breakBuilding":4294967295,"time":0},"applicationBenefit":{"removeIncident":[],"addTalent":[],"fairyDust":0,"income":[],"repairBuilding":4294967295},"ignoranceCost":{"expenses":[],"breakBuilding":4294967295,"time":0}})
Linking the incident Incident(id=38, title='incident38Title', state=UNTOUCHED, instanceId=2892861a-59a3-4f94-a502-4887606c9f36) to the building
Cmd: The player Player requests to update an incident.
Rpc: Adding an incident: Incident(id=39, title='incident39Title', state=UNTOUCHED, instanceId=dc69831a-a306-4786-89ab-bf0b05f83ecb) (json: {"instanceId":{"Value":"dc69831a-a306-4786-89ab-bf0b05f83ecb"},"id":39,"title":"incident39Title","description":"incident39Description","state":0,"ignorable":true,"immediate":false,"influenceable":true,"pickPoolSize":0,"month":0,"type":"RecurrentCity","tags":["G","Recurrent","City","Infrastructure"],"addSerializedOffer":"","applicationCost":{"expenses":[{"currency":"FIAT","value":0}],"breakBuilding":4294967295,"time":0},"applicationBenefit":{"removeIncident":[],"addTalent":[],"fairyDust":0,"income":[],"repairBuilding":4294967295},"ignoranceCost":{"expenses":[],"breakBuilding":4294967295,"time":0}})
Linking the incident Incident(id=39, title='incident39Title', state=UNTOUCHED, instanceId=dc69831a-a306-4786-89ab-bf0b05f83ecb) to the building
Cmd: The player Player requests to update an incident.
Rpc: Adding an incident: Incident(id=40, title='incident40Title', state=UNTOUCHED, instanceId=34346f9a-6b44-4a32-8f3d-5f5314d96d5a) (json: {"instanceId":{"Value":"34346f9a-6b44-4a32-8f3d-5f5314d96d5a"},"id":40,"title":"incident40Title","description":"incident40Description","state":0,"ignorable":true,"immediate":false,"influenceable":true,"pickPoolSize":0,"month":0,"type":"RecurrentCity","tags":["H","Recurrent","City","Infrastructure"],"addSerializedOffer":"","applicationCost":{"expenses":[{"currency":"FIAT","value":0}],"breakBuilding":4294967295,"time":0},"applicationBenefit":{"removeIncident":[],"addTalent":[],"fairyDust":0,"income":[],"repairBuilding":4294967295},"ignoranceCost":{"expenses":[],"breakBuilding":4294967295,"time":0}})
Linking the incident Incident(id=40, title='incident40Title', state=UNTOUCHED, instanceId=34346f9a-6b44-4a32-8f3d-5f5314d96d5a) to the building
Cmd: The player Player requests to update an incident.
Rpc: Adding an incident: Incident(id=41, title='incident41Title', state=UNTOUCHED, instanceId=e05ba7b2-ff79-4579-8b0c-2fa0291fc61a) (json: {"instanceId":{"Value":"e05ba7b2-ff79-4579-8b0c-2fa0291fc61a"},"id":41,"title":"incident41Title","description":"incident41Description","state":0,"ignorable":true,"immediate":false,"influenceable":true,"pickPoolSize":0,"month":0,"type":"RecurrentCity","tags":["I","Recurrent","City","Infrastructure"],"addSerializedOffer":"","applicationCost":{"expenses":[{"currency":"FIAT","value":0}],"breakBuilding":4294967295,"time":0},"applicationBenefit":{"removeIncident":[],"addTalent":[],"fairyDust":0,"income":[],"repairBuilding":4294967295},"ignoranceCost":{"expenses":[],"breakBuilding":4294967295,"time":0}})
Linking the incident Incident(id=41, title='incident41Title', state=UNTOUCHED, instanceId=e05ba7b2-ff79-4579-8b0c-2fa0291fc61a) to the building
Cmd: The player Player requests to update an incident.
Exit flow state to: FlowPhase(0x10, PLAYER_EVENTS)
Opening the panel
Starting panel animation
Server: Resetting the end-turn flow condition
Cmd: The player Player requests to add an incident.
Opening the panel
Starting panel animation
Rpc: Adding an incident: Incident(id=2, title='incident2Title', state=UNTOUCHED, instanceId=3fa91b4b-e349-410c-9798-88a451811bb8) (json: {"instanceId":{"Value":"3fa91b4b-e349-410c-9798-88a451811bb8"},"id":2,"title":"incident2Title","description":"The storm damaged several older buildings, and smashed some windows and crystals.\nThe city has to pay 200 in repair costs","state":0,"ignorable":false,"immediate":false,"influenceable":true,"pickPoolSize":0,"month":9,"type":"City","tags":["Storm"],"addSerializedOffer":"","applicationCost":{"expenses":[{"currency":"FIAT","value":200}],"breakBuilding":4294967295,"time":0},"applicationBenefit":{"removeIncident":[],"addTalent":[],"fairyDust":0,"income":[],"repairBuilding":4294967295},"ignoranceCost":{"expenses":[],"breakBuilding":4294967295,"time":0}})
Panel animation complete
Opening the panel is complete
Panel animation complete
Opening the panel is complete
Panel animation complete
Closing the panel is complete
Closing the panel
Starting panel animation
The player has seen all wheel incidents and thus completes their turn.
Server: A player has completed their turn
Server: All players have completed their turn
Exit flow state to: FlowPhase(0x20, PLAYER_TRADE)
Closing the panel
Starting panel animation
Server: Resetting the end-turn flow condition
Panel animation complete
Closing the panel is complete
Panel animation complete
Closing the panel is complete
Opening the panel
Starting panel animation
Panel animation complete
Opening the panel is complete
Closing the panel
Starting panel animation
Panel animation complete
Closing the panel is complete
Opening the panel
Starting panel animation
Panel animation complete
Opening the panel is complete
Closing the panel
Starting panel animation
Panel animation complete
Closing the panel is complete
Opening the panel
Starting panel animation
Panel animation complete
Opening the panel is complete
Closing the panel
Starting panel animation
Panel animation complete
Closing the panel is complete
The entry for key 'incident34Description' in 'eng' is empty. Consider adding text.
Opening the panel
Starting panel animation
Panel animation complete
Opening the panel is complete
Applying the incident Incident(id=34, title='incident34Title', state=UNTOUCHED, instanceId=4ad53b2e-bbd5-4ac5-8505-b78533bce18d) to player Player (Polymoney.Player)
Mayor Cost: 0
Mayor Money: 900
Cmd: The player Player requests to apply the incident Incident(id=34, title='incident34Title', state=UNTOUCHED, instanceId=4ad53b2e-bbd5-4ac5-8505-b78533bce18d).
Server: Repairing the building
Closing the panel
Starting panel animation
Panel animation complete
Closing the panel is complete
Opening the panel
Starting panel animation
Panel animation complete
Opening the panel is complete
Closing the panel
Starting panel animation
Panel animation complete
Closing the panel is complete
The entry for key 'incident38Description' in 'eng' is empty. Consider adding text.
Opening the panel
Starting panel animation
Panel animation complete
Opening the panel is complete
Applying the incident Incident(id=38, title='incident38Title', state=UNTOUCHED, instanceId=2892861a-59a3-4f94-a502-4887606c9f36) to player Player (Polymoney.Player)
Mayor Cost: 0
Mayor Money: 900
Cmd: The player Player requests to apply the incident Incident(id=38, title='incident38Title', state=UNTOUCHED, instanceId=2892861a-59a3-4f94-a502-4887606c9f36).
Server: Repairing the building
Closing the panel
Starting panel animation
Panel animation complete
Closing the panel is complete
The entry for key 'incident39Description' in 'eng' is empty. Consider adding text.
Opening the panel
Starting panel animation
Panel animation complete
Opening the panel is complete
Applying the incident Incident(id=39, title='incident39Title', state=UNTOUCHED, instanceId=dc69831a-a306-4786-89ab-bf0b05f83ecb) to player Player (Polymoney.Player)
Mayor Cost: 0
Mayor Money: 900
Cmd: The player Player requests to apply the incident Incident(id=39, title='incident39Title', state=UNTOUCHED, instanceId=dc69831a-a306-4786-89ab-bf0b05f83ecb).
Server: Repairing the building
Closing the panel
Starting panel animation
Panel animation complete
Closing the panel is complete
Opening the panel
Starting panel animation
Panel animation complete
Opening the panel is complete
Applying the incident Incident(id=2, title='incident2Title', state=UNTOUCHED, instanceId=3fa91b4b-e349-410c-9798-88a451811bb8) to player Player (Polymoney.Player)
Mayor Cost: 200
Mayor Money: 900
Cmd: The player Player requests to apply the incident Incident(id=2, title='incident2Title', state=UNTOUCHED, instanceId=3fa91b4b-e349-410c-9798-88a451811bb8).
Closing the panel
Starting panel animation
Panel animation complete
Closing the panel is complete
Server: A player has completed their turn
Server: All players have completed their turn
Exit flow state to: FlowPhase(0x40, END_MONTH)
Server: Applying each player's incidents, resetting their time, luminance and offers
Server: Breaking the building
The luminance was changed to 0
Server: Breaking the building
The luminance was changed to 0
Server: Breaking the building
The luminance was changed to 0
Server: Breaking the building
The luminance was changed to 0
Server: Breaking the building
The luminance was changed to 0
Server: Breaking the building
The luminance was changed to 0
update critical player mayorPerson0Name with fiat: 700 and mayor: True and citystate: 0.3333333
add player to critical
Incrementing the month counter
Server: Resetting the end-turn flow condition
Exit flow state to: FlowPhase(0x20000, END_MONTH_DISPLAY)
Opening the panel
Starting panel animation
Server: Resetting the end-turn flow condition
Panel animation complete
Opening the panel is complete
Closing the panel
Starting panel animation
[ENDMONTH] Enable Endturn
Opening the panel
Starting panel animation
Panel animation complete
Closing the panel is complete
Panel animation complete
Opening the panel is complete
Server: A player has completed their turn
Server: All players have completed their turn
Exit flow state to: FlowPhase(0x200, FAIRYDUST_SHARING)
Closing the panel
Starting panel animation
Server: Resetting the end-turn flow condition
Opening the panel
Starting panel animation
Closing the panel
Starting panel animation
Exit flow state to: FlowPhase(0x8, BEGIN_MONTH)
Server: Adding recurrent incidents to each player
2 * 0 * 60 * 0.2
1 * 0 * 60 * 0.2
2 * 0 * 60 * 0.2
2 * 0 * 60 * 0.2
2 * 0 * 60 * 0.2
1 * 0 * 60 * 0.2
1 * 0 * 60 * 0.2
2 * 0 * 60 * 0.2
2 * 0 * 60 * 0.2
Server: Resetting the end-turn flow condition
Rpc: Adding an incident: Incident(id=33, title='incident33Title', state=UNTOUCHED, instanceId=2f860d24-ca87-4a9b-80a7-22e660952975) (json: {"instanceId":{"Value":"2f860d24-ca87-4a9b-80a7-22e660952975"},"id":33,"title":"incident33Title","description":"incident33Description","state":0,"ignorable":true,"immediate":false,"influenceable":true,"pickPoolSize":0,"month":0,"type":"RecurrentCity","tags":["A","Recurrent","City","Infrastructure"],"addSerializedOffer":"","applicationCost":{"expenses":[{"currency":"FIAT","value":0}],"breakBuilding":4294967295,"time":0},"applicationBenefit":{"removeIncident":[],"addTalent":[],"fairyDust":0,"income":[],"repairBuilding":4294967295},"ignoranceCost":{"expenses":[],"breakBuilding":4294967295,"time":0}})
Linking the incident Incident(id=33, title='incident33Title', state=UNTOUCHED, instanceId=2f860d24-ca87-4a9b-80a7-22e660952975) to the building
Cmd: The player Player requests to update an incident.
Rpc: Adding an incident: Incident(id=34, title='incident34Title', state=UNTOUCHED, instanceId=e2c0f921-da8d-477b-a626-876759f12de8) (json: {"instanceId":{"Value":"e2c0f921-da8d-477b-a626-876759f12de8"},"id":34,"title":"incident34Title","description":"incident34Description","state":0,"ignorable":true,"immediate":false,"influenceable":true,"pickPoolSize":0,"month":0,"type":"RecurrentCity","tags":["B","Recurrent","City","Infrastructure"],"addSerializedOffer":"","applicationCost":{"expenses":[{"currency":"FIAT","value":0}],"breakBuilding":4294967295,"time":0},"applicationBenefit":{"removeIncident":[],"addTalent":[],"fairyDust":0,"income":[],"repairBuilding":4294967295},"ignoranceCost":{"expenses":[],"breakBuilding":4294967295,"time":0}})
Linking the incident Incident(id=34, title='incident34Title', state=UNTOUCHED, instanceId=e2c0f921-da8d-477b-a626-876759f12de8) to the building
Cmd: The player Player requests to update an incident.
Rpc: Adding an incident: Incident(id=35, title='incident35Title', state=UNTOUCHED, instanceId=7ef26085-935a-457b-89fd-f38ab0a2083a) (json: {"instanceId":{"Value":"7ef26085-935a-457b-89fd-f38ab0a2083a"},"id":35,"title":"incident35Title","description":"incident35Description","state":0,"ignorable":true,"immediate":false,"influenceable":true,"pickPoolSize":0,"month":0,"type":"RecurrentCity","tags":["C","Recurrent","City","Infrastructure"],"addSerializedOffer":"","applicationCost":{"expenses":[{"currency":"FIAT","value":0}],"breakBuilding":4294967295,"time":0},"applicationBenefit":{"removeIncident":[],"addTalent":[],"fairyDust":0,"income":[],"repairBuilding":4294967295},"ignoranceCost":{"expenses":[],"breakBuilding":4294967295,"time":0}})
Linking the incident Incident(id=35, title='incident35Title', state=UNTOUCHED, instanceId=7ef26085-935a-457b-89fd-f38ab0a2083a) to the building
Cmd: The player Player requests to update an incident.
Rpc: Adding an incident: Incident(id=36, title='incident36Title', state=UNTOUCHED, instanceId=9439765c-991a-4cb6-8c5f-155fe0cced9e) (json: {"instanceId":{"Value":"9439765c-991a-4cb6-8c5f-155fe0cced9e"},"id":36,"title":"incident36Title","description":"incident36Description","state":0,"ignorable":true,"immediate":false,"influenceable":true,"pickPoolSize":0,"month":0,"type":"RecurrentCity","tags":["D","Recurrent","City","Infrastructure"],"addSerializedOffer":"","applicationCost":{"expenses":[{"currency":"FIAT","value":0}],"breakBuilding":4294967295,"time":0},"applicationBenefit":{"removeIncident":[],"addTalent":[],"fairyDust":0,"income":[],"repairBuilding":4294967295},"ignoranceCost":{"expenses":[],"breakBuilding":4294967295,"time":0}})
Linking the incident Incident(id=36, title='incident36Title', state=UNTOUCHED, instanceId=9439765c-991a-4cb6-8c5f-155fe0cced9e) to the building
Cmd: The player Player requests to update an incident.
Rpc: Adding an incident: Incident(id=37, title='incident37Title', state=UNTOUCHED, instanceId=a6765dda-086d-4e0b-8bf7-3bc694eb95ad) (json: {"instanceId":{"Value":"a6765dda-086d-4e0b-8bf7-3bc694eb95ad"},"id":37,"title":"incident37Title","description":"incident37Description","state":0,"ignorable":true,"immediate":false,"influenceable":true,"pickPoolSize":0,"month":0,"type":"RecurrentCity","tags":["E","Recurrent","City","Infrastructure"],"addSerializedOffer":"","applicationCost":{"expenses":[{"currency":"FIAT","value":0}],"breakBuilding":4294967295,"time":0},"applicationBenefit":{"removeIncident":[],"addTalent":[],"fairyDust":0,"income":[],"repairBuilding":4294967295},"ignoranceCost":{"expenses":[],"breakBuilding":4294967295,"time":0}})
Linking the incident Incident(id=37, title='incident37Title', state=UNTOUCHED, instanceId=a6765dda-086d-4e0b-8bf7-3bc694eb95ad) to the building
Cmd: The player Player requests to update an incident.
Rpc: Adding an incident: Incident(id=38, title='incident38Title', state=UNTOUCHED, instanceId=5ac50353-ea87-4565-a345-889e8e408b1d) (json: {"instanceId":{"Value":"5ac50353-ea87-4565-a345-889e8e408b1d"},"id":38,"title":"incident38Title","description":"incident38Description","state":0,"ignorable":true,"immediate":false,"influenceable":true,"pickPoolSize":0,"month":0,"type":"RecurrentCity","tags":["F","Recurrent","City","Infrastructure"],"addSerializedOffer":"","applicationCost":{"expenses":[{"currency":"FIAT","value":0}],"breakBuilding":4294967295,"time":0},"applicationBenefit":{"removeIncident":[],"addTalent":[],"fairyDust":0,"income":[],"repairBuilding":4294967295},"ignoranceCost":{"expenses":[],"breakBuilding":4294967295,"time":0}})
Linking the incident Incident(id=38, title='incident38Title', state=UNTOUCHED, instanceId=5ac50353-ea87-4565-a345-889e8e408b1d) to the building
Cmd: The player Player requests to update an incident.
Rpc: Adding an incident: Incident(id=39, title='incident39Title', state=UNTOUCHED, instanceId=72a760c5-ebad-4c9c-8077-c1e85e13dbcc) (json: {"instanceId":{"Value":"72a760c5-ebad-4c9c-8077-c1e85e13dbcc"},"id":39,"title":"incident39Title","description":"incident39Description","state":0,"ignorable":true,"immediate":false,"influenceable":true,"pickPoolSize":0,"month":0,"type":"RecurrentCity","tags":["G","Recurrent","City","Infrastructure"],"addSerializedOffer":"","applicationCost":{"expenses":[{"currency":"FIAT","value":0}],"breakBuilding":4294967295,"time":0},"applicationBenefit":{"removeIncident":[],"addTalent":[],"fairyDust":0,"income":[],"repairBuilding":4294967295},"ignoranceCost":{"expenses":[],"breakBuilding":4294967295,"time":0}})
Linking the incident Incident(id=39, title='incident39Title', state=UNTOUCHED, instanceId=72a760c5-ebad-4c9c-8077-c1e85e13dbcc) to the building
Cmd: The player Player requests to update an incident.
Rpc: Adding an incident: Incident(id=40, title='incident40Title', state=UNTOUCHED, instanceId=c93b88c5-1655-41ef-bf47-392c18dd4fc6) (json: {"instanceId":{"Value":"c93b88c5-1655-41ef-bf47-392c18dd4fc6"},"id":40,"title":"incident40Title","description":"incident40Description","state":0,"ignorable":true,"immediate":false,"influenceable":true,"pickPoolSize":0,"month":0,"type":"RecurrentCity","tags":["H","Recurrent","City","Infrastructure"],"addSerializedOffer":"","applicationCost":{"expenses":[{"currency":"FIAT","value":0}],"breakBuilding":4294967295,"time":0},"applicationBenefit":{"removeIncident":[],"addTalent":[],"fairyDust":0,"income":[],"repairBuilding":4294967295},"ignoranceCost":{"expenses":[],"breakBuilding":4294967295,"time":0}})
Linking the incident Incident(id=40, title='incident40Title', state=UNTOUCHED, instanceId=c93b88c5-1655-41ef-bf47-392c18dd4fc6) to the building
Cmd: The player Player requests to update an incident.
Rpc: Adding an incident: Incident(id=41, title='incident41Title', state=UNTOUCHED, instanceId=fe31e5de-7d1d-4393-b5bb-bd7d28837b44) (json: {"instanceId":{"Value":"fe31e5de-7d1d-4393-b5bb-bd7d28837b44"},"id":41,"title":"incident41Title","description":"incident41Description","state":0,"ignorable":true,"immediate":false,"influenceable":true,"pickPoolSize":0,"month":0,"type":"RecurrentCity","tags":["I","Recurrent","City","Infrastructure"],"addSerializedOffer":"","applicationCost":{"expenses":[{"currency":"FIAT","value":0}],"breakBuilding":4294967295,"time":0},"applicationBenefit":{"removeIncident":[],"addTalent":[],"fairyDust":0,"income":[],"repairBuilding":4294967295},"ignoranceCost":{"expenses":[],"breakBuilding":4294967295,"time":0}})
Linking the incident Incident(id=41, title='incident41Title', state=UNTOUCHED, instanceId=fe31e5de-7d1d-4393-b5bb-bd7d28837b44) to the building
Cmd: The player Player requests to update an incident.
Exit flow state to: FlowPhase(0x10, PLAYER_EVENTS)
Opening the panel
Starting panel animation
Server: Resetting the end-turn flow condition
Cmd: The player Player requests to add an incident.
Opening the panel
Starting panel animation
Rpc: Adding an incident: Incident(id=53, title='incident53Title', state=UNTOUCHED, instanceId=065e3bbe-1b50-4e1c-9e48-fce57cfd7b66) (json: {"instanceId":{"Value":"065e3bbe-1b50-4e1c-9e48-fce57cfd7b66"},"id":53,"title":"incident53Title","description":"To secure the hillside at the edge of town,\nThe city has to pay 200 in repair costs","state":0,"ignorable":false,"immediate":false,"influenceable":true,"pickPoolSize":0,"month":7,"type":"City","tags":["Storm"],"addSerializedOffer":"","applicationCost":{"expenses":[{"currency":"FIAT","value":200}],"breakBuilding":4294967295,"time":0},"applicationBenefit":{"removeIncident":[],"addTalent":[],"fairyDust":0,"income":[],"repairBuilding":4294967295},"ignoranceCost":{"expenses":[],"breakBuilding":4294967295,"time":0}})
Panel animation complete
Opening the panel is complete
Panel animation complete
Closing the panel is complete
Panel animation complete
Opening the panel is complete
Panel animation complete
Opening the panel is complete
Panel animation complete
Closing the panel is complete
Closing the panel
Starting panel animation
The player has seen all wheel incidents and thus completes their turn.
Server: A player has completed their turn
Server: All players have completed their turn
Exit flow state to: FlowPhase(0x20, PLAYER_TRADE)
Closing the panel
Starting panel animation
Server: Resetting the end-turn flow condition
Panel animation complete
Closing the panel is complete
Panel animation complete
Closing the panel is complete
Opening the panel
Starting panel animation
Panel animation complete
Opening the panel is complete
Closing the panel
Starting panel animation
Panel animation complete
Closing the panel is complete
Opening the panel
Starting panel animation
Panel animation complete
Opening the panel is complete
Applying the incident Incident(id=53, title='incident53Title', state=UNTOUCHED, instanceId=065e3bbe-1b50-4e1c-9e48-fce57cfd7b66) to player Player (Polymoney.Player)
Mayor Cost: 200
Mayor Money: 700
Cmd: The player Player requests to apply the incident Incident(id=53, title='incident53Title', state=UNTOUCHED, instanceId=065e3bbe-1b50-4e1c-9e48-fce57cfd7b66).
Closing the panel
Starting panel animation
Panel animation complete
Closing the panel is complete
Server: A player has completed their turn
Server: All players have completed their turn
Exit flow state to: FlowPhase(0x40, END_MONTH)
Server: Applying each player's incidents, resetting their time, luminance and offers
Server: Decreasing state of broken building
Server: Breaking the building
The luminance was changed to 0
Server: Decreasing state of broken building
Server: Decreasing state of broken building
Server: Decreasing state of broken building
Server: Breaking the building
The luminance was changed to 0
Server: Breaking the building
The luminance was changed to 0
Server: Decreasing state of broken building
Server: Decreasing state of broken building
update critical player mayorPerson0Name with fiat: 500 and mayor: True and citystate: 0
add player to gameover
Incrementing the month counter
Server: Resetting the end-turn flow condition
Exit flow state to: FlowPhase(0x20000, END_MONTH_DISPLAY)
Opening the panel
Starting panel animation
Server: Resetting the end-turn flow condition
Panel animation complete
Opening the panel is complete
Closing the panel
Starting panel animation
[ENDMONTH] Enable Endturn
Opening the panel
Starting panel animation
Player Player went gameover.
Cmd: The player Player requests game over.
Rpc: The player (netid: 2) is now gameover: True
Server: A player has completed their turn
Server: All players have completed their turn
Exit flow state to: FlowPhase(0x400, GAMEOVER)
Opening the panel
Starting panel animation
Closing the panel
Starting panel animation
Server: Resetting the end-turn flow condition
Opening the panel
Starting panel animation
Closing the panel
Starting panel animation
Panel animation complete
Opening the panel is complete
Panel animation complete
Closing the panel is complete
Panel animation complete
Opening the panel is complete
Panel animation complete
Closing the panel is complete
Server: A player has completed their turn
Server: All players have completed their turn
Exit flow state to: FlowPhase(0x4000, SUMMARY)
Closing the panel
Starting panel animation
Opening the panel
Starting panel animation
Server: Resetting the end-turn flow condition
Panel animation complete
Closing the panel is complete
Panel animation complete
Opening the panel is complete
OnApplicationFocus(False) started
OnApplicationFocus(False) called on a client
Received message from client: NSM(source=CLIENT, event=FOCUS, status=False) (from: hostId: -1 connectionId: 0 isReady: True channel count: 0)
All clients are available; the game may unpause.
Received message from server: NSM(source=SERVER, event=BLOCK_SCREEN, status=False)
The block-screen status for this client has changed to False
Game unpaused
OnApplicationQuit() called
OnApplicationQuit() called on a client
Received message from client: NSM(source=CLIENT, event=QUIT, status=True) (from: hostId: -1 connectionId: 0 isReady: True channel count: 0)
Player 'Player' (netid: 2) was unregistered
