Logfile created: 2020/10/12 14:52:29
Setting the device to never fall asleep.
Opening the panel
Starting panel animation
Reading XML file at 'C:/Users/15208/Documents/Unity Projects/Crystal-Island-Unity_/Crystal-Island-Unity_/Assets/StreamingAssets\lang/eng.xml'
Reading XML file at 'C:/Users/15208/Documents/Unity Projects/Crystal-Island-Unity_/Crystal-Island-Unity_/Assets/StreamingAssets\lang/deu.xml'
Panel animation complete
Opening the panel is complete
OnApplicationFocus(False) started
OnApplicationFocus(True) started
OnApplicationFocus(False) started
OnApplicationPause(True) started
OnApplicationPause(False) started
OnApplicationFocus(True) started
Closing the panel
Starting panel animation
Opening the panel
Starting panel animation
Panel animation complete
Closing the panel is complete
Panel animation complete
Opening the panel is complete
OnApplicationFocus(False) started
OnApplicationPause(True) started
OnApplicationPause(False) started
OnApplicationQuit() called
