Logfile created: 2023/07/19 21:58:06
Setting the device to never fall asleep.
Opening the panel
Starting panel animation
Reading XML file at 'D:/Unity/Mel/OLD-Crystal-Island-game/Crystal-Island-Unity_/Crystal-Island-Unity_/Assets/StreamingAssets\lang/eng.xml'
Reading XML file at 'D:/Unity/Mel/OLD-Crystal-Island-game/Crystal-Island-Unity_/Crystal-Island-Unity_/Assets/StreamingAssets\lang/deu.xml'
Reading XML file at 'D:/Unity/Mel/OLD-Crystal-Island-game/Crystal-Island-Unity_/Crystal-Island-Unity_/Assets/StreamingAssets\lang/spa.xml'
Panel animation complete
Opening the panel is complete
OnApplicationFocus(False) started
OnApplicationFocus(True) started
OnApplicationFocus(False) started
OnApplicationFocus(True) started
OnApplicationFocus(False) started
OnApplicationFocus(True) started
OnApplicationFocus(False) started
OnApplicationFocus(True) started
OnApplicationFocus(False) started
OnApplicationFocus(True) started
OnApplicationFocus(False) started
OnApplicationQuit() called
