Logfile created: 2019/12/05 13:22:53
Setting the device to never fall asleep.
Opening the panel
Starting panel animation
OnApplicationFocus(True) started
Reading XML file at 'C:/Users/cup2f/OneDrive/Documents/Polymoney/Assets/StreamingAssets\lang/eng.xml'
Reading XML file at 'C:/Users/cup2f/OneDrive/Documents/Polymoney/Assets/StreamingAssets\lang/deu.xml'
Panel animation complete
Opening the panel is complete
Closing the panel
Starting panel animation
Opening the panel
Starting panel animation
Panel animation complete
Closing the panel is complete
Panel animation complete
Opening the panel is complete
OnStartHost()
Server: Setting broadcast data to 'PolymoneyGame::192.168.1.2:20120'
OnLobbyStartHost()
OnStartServer()
OnLobbyStartServer()
Server: A new client has connected.
OnStartClient(client=UnityEngine.Networking.LocalClient) for server at 
OnLobbyStartClient(client=UnityEngine.Networking.LocalClient)
OnClientConnect(conn=hostId: -1 connectionId: 0 isReady: False channel count: 0)
OnLobbyClientConnect(conn=hostId: -1 connectionId: 0 isReady: False channel count: 0) with address localServer)
Opening the panel
Starting panel animation
Closing the panel
Starting panel animation
Server: A player was added.
OnLobbyServerCreateLobbyPlayer(conn=hostId: -1 connectionId: 0 isReady: True channel count: 0, controllerId=0)
Panel animation complete
Opening the panel is complete
Panel animation complete
Closing the panel is complete
Setting the language to: German
OnLobbyServerPlayersReady()
OnClientNotReady(conn=hostId: -1 connectionId: 0 isReady: True channel count: 0)
The initial state will be 'FlowPhase(0x1, INTRO_WORLD)'
OnLobbyServerCreateGamePlayer(conn=hostId: -1 connectionId: 0 isReady: False channel count: 0, controllerId=0)
Game unpaused
Player 'Player' (netid: 2) was registered
The authoritative player's name is 'Player'
Closing the panel
Starting panel animation
Building 'Industrial' (netid: 3) was registered
The luminance was changed to 1
Building 'Lake' (netid: 4) was registered
The luminance was changed to 1
Building 'Building (7)' (netid: 5) was registered
The luminance was changed to 1
Building 'Tree' (netid: 6) was registered
The luminance was changed to 1
Building 'Administration' (netid: 8) was registered
The luminance was changed to 1
Building 'Garden' (netid: 9) was registered
The luminance was changed to 1
Building 'Building (9)' (netid: 10) was registered
The luminance was changed to 1
Building 'Villa' (netid: 11) was registered
The luminance was changed to 1
Building 'Park' (netid: 12) was registered
The luminance was changed to 1
Building 'School' (netid: 13) was registered
The luminance was changed to 1
Building 'Building (5)' (netid: 14) was registered
The luminance was changed to 1
Building 'Offices' (netid: 15) was registered
The luminance was changed to 1
Building 'Building (2)' (netid: 16) was registered
The luminance was changed to 1
Building 'City Hall' (netid: 17) was registered
The luminance was changed to 0.1
Building 'Building (3)' (netid: 18) was registered
The luminance was changed to 1
Building 'Building (4)' (netid: 19) was registered
The luminance was changed to 1
Server: Adding myself as exit condition to the state 'PLAYER_EVENTS'
Server: Adding myself as exit condition to the state 'INTRO_WORLD'
Server: Adding myself as exit condition to the state 'PLAYER_TRADE'
Server: Adding myself as exit condition to the state 'END_MONTH_DISPLAY'
Server: Adding myself as exit condition to the state 'Q_INTRODUCTION'
Server: Adding myself as exit condition to the state 'MOVEMENT_TUTO'
Server: Adding myself as exit condition to the state 'Q_MARKET'
Server: Adding myself as exit condition to the state 'PLAYER_INTRODUCTION'
Server: Adding myself as exit condition to the state 'END'
Server: Adding myself as exit condition to the state 'GAMEOVER'
Server: Adding myself as exit condition to the state 'SUMMARY'
Comparing new value: 100 with the current value 0
Opening the panel
Starting panel animation
Loaded level data from leveldata.json
Rpc: Set Guid of Offer 'IndustrialBuildingDeed' to '218c1bd8-358b-46b8-a117-19348f546c86'
Rpc: Set Guid of Offer 'VillaDeed' to '146fbed6-3602-44fb-a017-c3d3bbd04d1d'
Rpc: Set Guid of Offer 'ParkDeed' to 'afa8de2a-b281-49cc-8706-5e49f2d68bc4'
Rpc: Set Guid of Offer 'LakeDeed' to 'd573899a-abfa-4c54-b787-9da5e3cc6e96'
Rpc: Set Guid of Offer 'TreeDeed' to 'f9580fac-4ab4-4c18-b3aa-1b37e26823cb'
Rpc: Set Guid of Offer 'GardenDeed' to '8f744159-0ae9-4107-8eab-a1326a765ccf'
All player objects are initialized on this client and the level data is available
Cmd: A client has completed loading the player objects.
Rpc: All clients have completed loading their player objects.
Server: Running character generation
Closing the panel
Starting panel animation
Found NetworkIdentity NLobbyPlayer(Clone) - 1
Found NetworkIdentity Player - 2
Found NetworkIdentity Industrial - 3
Found NetworkIdentity Lake - 4
Found NetworkIdentity Building (7) - 5
Found NetworkIdentity Tree - 6
Found NetworkIdentity Summary - 7
Found NetworkIdentity Administration - 8
Found NetworkIdentity Garden - 9
Found NetworkIdentity Building (9) - 10
Found NetworkIdentity Villa - 11
Found NetworkIdentity Park - 12
Found NetworkIdentity School - 13
Found NetworkIdentity Building (5) - 14
Found NetworkIdentity Offices - 15
Found NetworkIdentity Building (2) - 16
Found NetworkIdentity City Hall - 17
Found NetworkIdentity Building (3) - 18
Found NetworkIdentity Building (4) - 19
Found NetworkIdentity NLevel - 20
Rpc: The player (netid: 2) is now called 'Player'.
Comparing new value: 100 with the current value 100
Comparing new value: 100 with the current value 100
Rpc: The player 'Player' (netid: 2) now has the person Person(i=2, t=person2Name).
Comparing new value: 100 with the current value 100
Rpc: The player 'Player' (netid: 2) now has the home Home(i=2, t=home2Title, r=600).
Comparing new value: 100 with the current value 100
Rpc: The player 'Player' (netid: 2) now has the job Job(i=2, t=job2Title, s=700).
Comparing new value: 100 with the current value 100
Rpc: Adding a talent: Talent(i=0, t=talent0Title, d=talent0Description, ty=talent0Type, tags=[Fix]) (json: {"title":"talent0Title","description":"talent0Description","id":0,"type":"talent0Type","tags":["Fix"]})
Comparing new value: 100 with the current value 100
Rpc: Market 25f58eb6-a036-47ff-982e-41f82deb4469 has a new seller: Player.
Rpc: The player Player now owns the marketplace 25f58eb6-a036-47ff-982e-41f82deb4469.
Loading the character model for player 'Player' (netid: 2, mayor: False).
started for player
Panel animation complete
Closing the panel is complete
Panel animation complete
Opening the panel is complete
Panel animation complete
Closing the panel is complete
Opening the panel
Starting panel animation
Panel animation complete
Opening the panel is complete
Closing the panel
Starting panel animation
Panel animation complete
Closing the panel is complete
Opening the panel
Starting panel animation
Panel animation complete
Opening the panel is complete
Closing the panel
Starting panel animation
Panel animation complete
Closing the panel is complete
Server: A player has completed their turn
Server: All players have completed their turn
Exit flow state to: FlowPhase(0x4, PLAYER_INTRODUCTION)
Server: Resetting the end-turn flow condition
Opening the panel
Starting panel animation
Panel animation complete
Opening the panel is complete
OnApplicationFocus(False) started
OnApplicationFocus(False) called on a client
Received message from client: NSM(source=CLIENT, event=FOCUS, status=False) (from: hostId: -1 connectionId: 0 isReady: True channel count: 0)
All clients are available; the game may unpause.
Received message from server: NSM(source=SERVER, event=BLOCK_SCREEN, status=False)
The block-screen status for this client has changed to False
Game unpaused
OnApplicationQuit() called
OnApplicationQuit() called on a client
Received message from client: NSM(source=CLIENT, event=QUIT, status=True) (from: hostId: -1 connectionId: 0 isReady: True channel count: 0)
