Logfile created: 2019/11/21 13:44:13
Setting the device to never fall asleep.
Searching for localised text data in 'lang'
Reading XML file at 'C:/Users/cup2f/OneDrive/Documents/Polymoney/Assets/StreamingAssets\lang/languages.xml'
Opening the panel
Starting panel animation
OnApplicationFocus(True) started
Reading XML file at 'C:/Users/cup2f/OneDrive/Documents/Polymoney/Assets/StreamingAssets\lang/eng.xml'
Reading XML file at 'C:/Users/cup2f/OneDrive/Documents/Polymoney/Assets/StreamingAssets\lang/deu.xml'
Panel animation complete
Opening the panel is complete
Closing the panel
Starting panel animation
Opening the panel
Starting panel animation
Panel animation complete
Closing the panel is complete
Panel animation complete
Opening the panel is complete
OnStartHost()
Server: Setting broadcast data to 'PolymoneyGame::192.168.1.11:20120'
OnLobbyStartHost()
OnStartServer()
OnLobbyStartServer()
Server: A new client has connected.
OnStartClient(client=UnityEngine.Networking.LocalClient) for server at 
OnLobbyStartClient(client=UnityEngine.Networking.LocalClient)
OnClientConnect(conn=hostId: -1 connectionId: 0 isReady: False channel count: 0)
OnLobbyClientConnect(conn=hostId: -1 connectionId: 0 isReady: False channel count: 0) with address localServer)
Opening the panel
Starting panel animation
Closing the panel
Starting panel animation
Server: A player was added.
OnLobbyServerCreateLobbyPlayer(conn=hostId: -1 connectionId: 0 isReady: True channel count: 0, controllerId=0)
Panel animation complete
Opening the panel is complete
Panel animation complete
Closing the panel is complete
OnLobbyServerPlayersReady()
OnClientNotReady(conn=hostId: -1 connectionId: 0 isReady: True channel count: 0)
The initial state will be 'FlowPhase(0x1, INTRO_WORLD)'
OnLobbyServerCreateGamePlayer(conn=hostId: -1 connectionId: 0 isReady: False channel count: 0, controllerId=0)
The player Gonzo would like to run for mayor.
Game unpaused
Player 'Gonzo' (netid: 2) was registered
The authoritative player's name is 'Gonzo'
Closing the panel
Starting panel animation
Building 'Industrial' (netid: 3) was registered
The luminance was changed to 1
Building 'Lake' (netid: 4) was registered
The luminance was changed to 1
Building 'Building (7)' (netid: 5) was registered
The luminance was changed to 1
Building 'Tree' (netid: 6) was registered
The luminance was changed to 1
Building 'Administration' (netid: 8) was registered
The luminance was changed to 1
Building 'Garden' (netid: 9) was registered
The luminance was changed to 1
Building 'Building (9)' (netid: 10) was registered
The luminance was changed to 1
Building 'Villa' (netid: 11) was registered
The luminance was changed to 1
Building 'Park' (netid: 12) was registered
The luminance was changed to 1
Building 'School' (netid: 13) was registered
The luminance was changed to 1
Building 'Building (5)' (netid: 14) was registered
The luminance was changed to 1
Building 'Offices' (netid: 15) was registered
The luminance was changed to 1
Building 'Building (2)' (netid: 16) was registered
The luminance was changed to 1
Building 'City Hall' (netid: 17) was registered
The luminance was changed to 0.1
Building 'Building (3)' (netid: 18) was registered
The luminance was changed to 1
Building 'Building (4)' (netid: 19) was registered
The luminance was changed to 1
Server: Adding myself as exit condition to the state 'PLAYER_EVENTS'
Server: Adding myself as exit condition to the state 'INTRO_WORLD'
Server: Adding myself as exit condition to the state 'PLAYER_TRADE'
Server: Adding myself as exit condition to the state 'END_MONTH_DISPLAY'
Server: Adding myself as exit condition to the state 'Q_INTRODUCTION'
Server: Adding myself as exit condition to the state 'MOVEMENT_TUTO'
Server: Adding myself as exit condition to the state 'Q_MARKET'
Server: Adding myself as exit condition to the state 'PLAYER_INTRODUCTION'
Server: Adding myself as exit condition to the state 'END'
Server: Adding myself as exit condition to the state 'GAMEOVER'
Server: Adding myself as exit condition to the state 'SUMMARY'
Opening the panel
Starting panel animation
Loaded level data from leveldata.json
Rpc: Set Guid of Offer 'IndustrialBuildingDeed' to '417d2e36-3832-45ac-b7a6-0170c67a8248'
Rpc: Set Guid of Offer 'VillaDeed' to '65406c55-c933-40e8-a1e7-885ab8d767f0'
Rpc: Set Guid of Offer 'ParkDeed' to '1e8de48e-3859-4d9c-a96d-332964e4ef29'
Rpc: Set Guid of Offer 'LakeDeed' to 'e068dcbf-06b6-4eaf-9975-f1a23838d009'
Rpc: Set Guid of Offer 'TreeDeed' to 'c4ac2115-dff9-42cc-ad83-ce48383d0f96'
Rpc: Set Guid of Offer 'GardenDeed' to 'a26bdb7c-1d33-4104-899a-6424d4eabe5a'
All player objects are initialized on this client and the level data is available
Cmd: A client has completed loading the player objects.
Rpc: All clients have completed loading their player objects.
Server: Running character generation
Closing the panel
Starting panel animation
Found NetworkIdentity NLobbyPlayer(Clone) - 1
Found NetworkIdentity Gonzo - 2
Found NetworkIdentity Industrial - 3
Found NetworkIdentity Lake - 4
Found NetworkIdentity Building (7) - 5
Found NetworkIdentity Tree - 6
Found NetworkIdentity Summary - 7
Found NetworkIdentity Administration - 8
Found NetworkIdentity Garden - 9
Found NetworkIdentity Building (9) - 10
Found NetworkIdentity Villa - 11
Found NetworkIdentity Park - 12
Found NetworkIdentity School - 13
Found NetworkIdentity Building (5) - 14
Found NetworkIdentity Offices - 15
Found NetworkIdentity Building (2) - 16
Found NetworkIdentity City Hall - 17
Found NetworkIdentity Building (3) - 18
Found NetworkIdentity Building (4) - 19
Found NetworkIdentity NLevel - 20
Rpc: The player (netid: 2) is now called 'Gonzo'.
Rpc: The player (netid: 2) is now mayor: True
Rpc: The player 'Gonzo' (netid: 2) now has the person Person(i=0, t=mayorPerson0Name).
Rpc: The player 'Gonzo' (netid: 2) now has the home Home(i=0, t=mayorHome0Title, r=0).
Rpc: The player 'Gonzo' (netid: 2) now has the job Job(i=0, t=mayorJob0Title, s=0).
Rpc: Adding a talent: Talent(i=0, t=mayorTalent0Title, d=mayorTalent0Description, ty=mayorTalent0Type, tags=[Infrastructure]) (json: {"title":"mayorTalent0Title","description":"mayorTalent0Description","id":0,"type":"mayorTalent0Type","tags":["Infrastructure"]})
Rpc: Market 4c12216e-16fb-450a-88ab-9ee8189878ad has a new seller: Gonzo.
Rpc: The player Gonzo now owns the marketplace 4c12216e-16fb-450a-88ab-9ee8189878ad.
Rpc: Market 79a4c8f1-3f88-4b5c-94c8-13b8f07b8cd0 has a new seller: Gonzo.
Loading the character model for player 'Gonzo' (netid: 2, mayor: True).
started for major
Panel animation complete
Closing the panel is complete
Panel animation complete
Opening the panel is complete
Panel animation complete
Closing the panel is complete
Opening the panel
Starting panel animation
Panel animation complete
Opening the panel is complete
Closing the panel
Starting panel animation
Panel animation complete
Closing the panel is complete
Opening the panel
Starting panel animation
Panel animation complete
Opening the panel is complete
Closing the panel
Starting panel animation
Panel animation complete
Closing the panel is complete
Server: A player has completed their turn
Server: All players have completed their turn
Exit flow state to: FlowPhase(0x4, PLAYER_INTRODUCTION)
Server: Resetting the end-turn flow condition
Opening the panel
Starting panel animation
Panel animation complete
Opening the panel is complete
Closing the panel
Starting panel animation
Panel animation complete
Closing the panel is complete
Opening the panel
Starting panel animation
Panel animation complete
Opening the panel is complete
Closing the panel
Starting panel animation
Panel animation complete
Closing the panel is complete
Opening the panel
Starting panel animation
Panel animation complete
Opening the panel is complete
Closing the panel
Starting panel animation
Panel animation complete
Closing the panel is complete
Server: A player has completed their turn
Server: All players have completed their turn
Exit flow state to: FlowPhase(0x2000, MOVEMENT_TUTO)
Server: Resetting the end-turn flow condition
movement start
Opening the panel
Starting panel animation
Panel animation complete
Opening the panel is complete
Closing the panel
Starting panel animation
Panel animation complete
Closing the panel is complete
check movement
Opening the panel
Starting panel animation
Panel animation complete
Opening the panel is complete
Closing the panel
Starting panel animation
Panel animation complete
Closing the panel is complete
Opening the panel
Starting panel animation
Panel animation complete
Opening the panel is complete
Closing the panel
Starting panel animation
Panel animation complete
Closing the panel is complete
Server: A player has completed their turn
Server: All players have completed their turn
Exit flow state to: FlowPhase(0x8, BEGIN_MONTH)
Server: Adding recurrent incidents to each player
1 * 0 * 50 * 0.2
1 * 0 * 50 * 0.2
1 * 0 * 50 * 0.2
1 * 0 * 50 * 0.2
1 * 0 * 50 * 0.2
1 * 0 * 50 * 0.2
1 * 0 * 50 * 0.2
1 * 0 * 50 * 0.2
1 * 0 * 50 * 0.2
Server: Resetting the end-turn flow condition
movement end
maintenance start
Rpc: Adding an incident: Incident(id=33, title='incident33Title', state=UNTOUCHED, instanceId=736ca494-6fce-4b64-8de3-50f17840254c) (json: {"instanceId":{"Value":"736ca494-6fce-4b64-8de3-50f17840254c"},"id":33,"title":"incident33Title","description":"incident33Description","state":0,"ignorable":true,"immediate":false,"influenceable":true,"pickPoolSize":0,"month":0,"type":"RecurrentCity","tags":["A","Recurrent","City","Infrastructure"],"addSerializedOffer":"","applicationCost":{"expenses":[{"currency":"FIAT","value":0}],"breakBuilding":4294967295,"time":0},"applicationBenefit":{"removeIncident":[],"addTalent":[],"fairyDust":0,"income":[],"repairBuilding":4294967295},"ignoranceCost":{"expenses":[],"breakBuilding":4294967295,"time":0}})
Linking the incident Incident(id=33, title='incident33Title', state=UNTOUCHED, instanceId=736ca494-6fce-4b64-8de3-50f17840254c) to the building
Cmd: The player Gonzo requests to update an incident.
Rpc: Adding an incident: Incident(id=34, title='incident34Title', state=UNTOUCHED, instanceId=ab5ad632-aabe-4d4b-b5c0-13a7f6567689) (json: {"instanceId":{"Value":"ab5ad632-aabe-4d4b-b5c0-13a7f6567689"},"id":34,"title":"incident34Title","description":"incident34Description","state":0,"ignorable":true,"immediate":false,"influenceable":true,"pickPoolSize":0,"month":0,"type":"RecurrentCity","tags":["B","Recurrent","City","Infrastructure"],"addSerializedOffer":"","applicationCost":{"expenses":[{"currency":"FIAT","value":0}],"breakBuilding":4294967295,"time":0},"applicationBenefit":{"removeIncident":[],"addTalent":[],"fairyDust":0,"income":[],"repairBuilding":4294967295},"ignoranceCost":{"expenses":[],"breakBuilding":4294967295,"time":0}})
Linking the incident Incident(id=34, title='incident34Title', state=UNTOUCHED, instanceId=ab5ad632-aabe-4d4b-b5c0-13a7f6567689) to the building
Cmd: The player Gonzo requests to update an incident.
Rpc: Adding an incident: Incident(id=35, title='incident35Title', state=UNTOUCHED, instanceId=34348db4-1c27-4392-bbf9-83ecb2ff3598) (json: {"instanceId":{"Value":"34348db4-1c27-4392-bbf9-83ecb2ff3598"},"id":35,"title":"incident35Title","description":"incident35Description","state":0,"ignorable":true,"immediate":false,"influenceable":true,"pickPoolSize":0,"month":0,"type":"RecurrentCity","tags":["C","Recurrent","City","Infrastructure"],"addSerializedOffer":"","applicationCost":{"expenses":[{"currency":"FIAT","value":0}],"breakBuilding":4294967295,"time":0},"applicationBenefit":{"removeIncident":[],"addTalent":[],"fairyDust":0,"income":[],"repairBuilding":4294967295},"ignoranceCost":{"expenses":[],"breakBuilding":4294967295,"time":0}})
Linking the incident Incident(id=35, title='incident35Title', state=UNTOUCHED, instanceId=34348db4-1c27-4392-bbf9-83ecb2ff3598) to the building
Cmd: The player Gonzo requests to update an incident.
Rpc: Adding an incident: Incident(id=36, title='incident36Title', state=UNTOUCHED, instanceId=a53742da-f52f-4651-be93-68d86e745202) (json: {"instanceId":{"Value":"a53742da-f52f-4651-be93-68d86e745202"},"id":36,"title":"incident36Title","description":"incident36Description","state":0,"ignorable":true,"immediate":false,"influenceable":true,"pickPoolSize":0,"month":0,"type":"RecurrentCity","tags":["D","Recurrent","City","Infrastructure"],"addSerializedOffer":"","applicationCost":{"expenses":[{"currency":"FIAT","value":0}],"breakBuilding":4294967295,"time":0},"applicationBenefit":{"removeIncident":[],"addTalent":[],"fairyDust":0,"income":[],"repairBuilding":4294967295},"ignoranceCost":{"expenses":[],"breakBuilding":4294967295,"time":0}})
Linking the incident Incident(id=36, title='incident36Title', state=UNTOUCHED, instanceId=a53742da-f52f-4651-be93-68d86e745202) to the building
Cmd: The player Gonzo requests to update an incident.
Rpc: Adding an incident: Incident(id=37, title='incident37Title', state=UNTOUCHED, instanceId=98132ab0-4dad-47b8-926b-5cd90398f0c8) (json: {"instanceId":{"Value":"98132ab0-4dad-47b8-926b-5cd90398f0c8"},"id":37,"title":"incident37Title","description":"incident37Description","state":0,"ignorable":true,"immediate":false,"influenceable":true,"pickPoolSize":0,"month":0,"type":"RecurrentCity","tags":["E","Recurrent","City","Infrastructure"],"addSerializedOffer":"","applicationCost":{"expenses":[{"currency":"FIAT","value":0}],"breakBuilding":4294967295,"time":0},"applicationBenefit":{"removeIncident":[],"addTalent":[],"fairyDust":0,"income":[],"repairBuilding":4294967295},"ignoranceCost":{"expenses":[],"breakBuilding":4294967295,"time":0}})
Linking the incident Incident(id=37, title='incident37Title', state=UNTOUCHED, instanceId=98132ab0-4dad-47b8-926b-5cd90398f0c8) to the building
Cmd: The player Gonzo requests to update an incident.
Rpc: Adding an incident: Incident(id=38, title='incident38Title', state=UNTOUCHED, instanceId=fd7cde35-4127-4c89-8de6-28f57bc0d8ec) (json: {"instanceId":{"Value":"fd7cde35-4127-4c89-8de6-28f57bc0d8ec"},"id":38,"title":"incident38Title","description":"incident38Description","state":0,"ignorable":true,"immediate":false,"influenceable":true,"pickPoolSize":0,"month":0,"type":"RecurrentCity","tags":["F","Recurrent","City","Infrastructure"],"addSerializedOffer":"","applicationCost":{"expenses":[{"currency":"FIAT","value":0}],"breakBuilding":4294967295,"time":0},"applicationBenefit":{"removeIncident":[],"addTalent":[],"fairyDust":0,"income":[],"repairBuilding":4294967295},"ignoranceCost":{"expenses":[],"breakBuilding":4294967295,"time":0}})
Linking the incident Incident(id=38, title='incident38Title', state=UNTOUCHED, instanceId=fd7cde35-4127-4c89-8de6-28f57bc0d8ec) to the building
Cmd: The player Gonzo requests to update an incident.
Rpc: Adding an incident: Incident(id=39, title='incident39Title', state=UNTOUCHED, instanceId=f23ed520-9528-4a5d-b66d-779dc70e55d7) (json: {"instanceId":{"Value":"f23ed520-9528-4a5d-b66d-779dc70e55d7"},"id":39,"title":"incident39Title","description":"incident39Description","state":0,"ignorable":true,"immediate":false,"influenceable":true,"pickPoolSize":0,"month":0,"type":"RecurrentCity","tags":["G","Recurrent","City","Infrastructure"],"addSerializedOffer":"","applicationCost":{"expenses":[{"currency":"FIAT","value":0}],"breakBuilding":4294967295,"time":0},"applicationBenefit":{"removeIncident":[],"addTalent":[],"fairyDust":0,"income":[],"repairBuilding":4294967295},"ignoranceCost":{"expenses":[],"breakBuilding":4294967295,"time":0}})
Linking the incident Incident(id=39, title='incident39Title', state=UNTOUCHED, instanceId=f23ed520-9528-4a5d-b66d-779dc70e55d7) to the building
Cmd: The player Gonzo requests to update an incident.
Rpc: Adding an incident: Incident(id=40, title='incident40Title', state=UNTOUCHED, instanceId=021dfaa9-ae44-494d-8e6f-27990802c552) (json: {"instanceId":{"Value":"021dfaa9-ae44-494d-8e6f-27990802c552"},"id":40,"title":"incident40Title","description":"incident40Description","state":0,"ignorable":true,"immediate":false,"influenceable":true,"pickPoolSize":0,"month":0,"type":"RecurrentCity","tags":["H","Recurrent","City","Infrastructure"],"addSerializedOffer":"","applicationCost":{"expenses":[{"currency":"FIAT","value":0}],"breakBuilding":4294967295,"time":0},"applicationBenefit":{"removeIncident":[],"addTalent":[],"fairyDust":0,"income":[],"repairBuilding":4294967295},"ignoranceCost":{"expenses":[],"breakBuilding":4294967295,"time":0}})
Linking the incident Incident(id=40, title='incident40Title', state=UNTOUCHED, instanceId=021dfaa9-ae44-494d-8e6f-27990802c552) to the building
Cmd: The player Gonzo requests to update an incident.
Rpc: Adding an incident: Incident(id=41, title='incident41Title', state=UNTOUCHED, instanceId=3572873a-6e00-4721-ab55-2e41176fd6b5) (json: {"instanceId":{"Value":"3572873a-6e00-4721-ab55-2e41176fd6b5"},"id":41,"title":"incident41Title","description":"incident41Description","state":0,"ignorable":true,"immediate":false,"influenceable":true,"pickPoolSize":0,"month":0,"type":"RecurrentCity","tags":["I","Recurrent","City","Infrastructure"],"addSerializedOffer":"","applicationCost":{"expenses":[{"currency":"FIAT","value":0}],"breakBuilding":4294967295,"time":0},"applicationBenefit":{"removeIncident":[],"addTalent":[],"fairyDust":0,"income":[],"repairBuilding":4294967295},"ignoranceCost":{"expenses":[],"breakBuilding":4294967295,"time":0}})
Linking the incident Incident(id=41, title='incident41Title', state=UNTOUCHED, instanceId=3572873a-6e00-4721-ab55-2e41176fd6b5) to the building
Cmd: The player Gonzo requests to update an incident.
Exit flow state to: FlowPhase(0x10, PLAYER_EVENTS)
Opening the panel
Starting panel animation
Server: Resetting the end-turn flow condition
The mayor will not receive any events this month and thus completes their turn.
The mayor will not receive any events this month and thus completes their turn.
Server: A player has completed their turn
Server: All players have completed their turn
Exit flow state to: FlowPhase(0x20, PLAYER_TRADE)
Closing the panel
Starting panel animation
Server: Resetting the end-turn flow condition
Opening the panel
Starting panel animation
Panel animation complete
Closing the panel is complete
Panel animation complete
Opening the panel is complete
Closing the panel
Starting panel animation
Panel animation complete
Closing the panel is complete
The entry for key 'incident34Description' in 'eng' is empty. Consider adding text.
Opening the panel
Starting panel animation
Panel animation complete
Opening the panel is complete
Applying the incident Incident(id=34, title='incident34Title', state=UNTOUCHED, instanceId=ab5ad632-aabe-4d4b-b5c0-13a7f6567689) to player Gonzo (Polymoney.Player)
Mayor Cost: 0
Mayor Money: 1000
Cmd: The player Gonzo requests to apply the incident Incident(id=34, title='incident34Title', state=UNTOUCHED, instanceId=ab5ad632-aabe-4d4b-b5c0-13a7f6567689).
Server: Repairing the building
Closing the panel
Starting panel animation
Opening the panel
Starting panel animation
Panel animation complete
Opening the panel is complete
Closing the panel
Starting panel animation
Panel animation complete
Closing the panel is complete
The entry for key 'incident37Description' in 'eng' is empty. Consider adding text.
Opening the panel
Starting panel animation
Panel animation complete
Opening the panel is complete
Applying the incident Incident(id=37, title='incident37Title', state=UNTOUCHED, instanceId=98132ab0-4dad-47b8-926b-5cd90398f0c8) to player Gonzo (Polymoney.Player)
Mayor Cost: 0
Mayor Money: 1000
Cmd: The player Gonzo requests to apply the incident Incident(id=37, title='incident37Title', state=UNTOUCHED, instanceId=98132ab0-4dad-47b8-926b-5cd90398f0c8).
Server: Repairing the building
Closing the panel
Starting panel animation
Panel animation complete
Closing the panel is complete
The entry for key 'incident36Description' in 'eng' is empty. Consider adding text.
Opening the panel
Starting panel animation
Panel animation complete
Opening the panel is complete
Applying the incident Incident(id=36, title='incident36Title', state=UNTOUCHED, instanceId=a53742da-f52f-4651-be93-68d86e745202) to player Gonzo (Polymoney.Player)
Mayor Cost: 0
Mayor Money: 1000
Cmd: The player Gonzo requests to apply the incident Incident(id=36, title='incident36Title', state=UNTOUCHED, instanceId=a53742da-f52f-4651-be93-68d86e745202).
Server: Repairing the building
Closing the panel
Starting panel animation
Panel animation complete
Closing the panel is complete
The entry for key 'incident33Description' in 'eng' is empty. Consider adding text.
Opening the panel
Starting panel animation
Panel animation complete
Opening the panel is complete
Applying the incident Incident(id=33, title='incident33Title', state=UNTOUCHED, instanceId=736ca494-6fce-4b64-8de3-50f17840254c) to player Gonzo (Polymoney.Player)
Mayor Cost: 0
Mayor Money: 1000
Cmd: The player Gonzo requests to apply the incident Incident(id=33, title='incident33Title', state=UNTOUCHED, instanceId=736ca494-6fce-4b64-8de3-50f17840254c).
Server: Repairing the building
Closing the panel
Starting panel animation
Panel animation complete
Closing the panel is complete
The entry for key 'incident41Description' in 'eng' is empty. Consider adding text.
Opening the panel
Starting panel animation
Panel animation complete
Opening the panel is complete
Applying the incident Incident(id=41, title='incident41Title', state=UNTOUCHED, instanceId=3572873a-6e00-4721-ab55-2e41176fd6b5) to player Gonzo (Polymoney.Player)
Mayor Cost: 0
Mayor Money: 1000
Cmd: The player Gonzo requests to apply the incident Incident(id=41, title='incident41Title', state=UNTOUCHED, instanceId=3572873a-6e00-4721-ab55-2e41176fd6b5).
Server: Repairing the building
Closing the panel
Starting panel animation
Panel animation complete
Closing the panel is complete
The entry for key 'incident40Description' in 'eng' is empty. Consider adding text.
Opening the panel
Starting panel animation
Panel animation complete
Opening the panel is complete
Applying the incident Incident(id=40, title='incident40Title', state=UNTOUCHED, instanceId=021dfaa9-ae44-494d-8e6f-27990802c552) to player Gonzo (Polymoney.Player)
Mayor Cost: 0
Mayor Money: 1000
Cmd: The player Gonzo requests to apply the incident Incident(id=40, title='incident40Title', state=UNTOUCHED, instanceId=021dfaa9-ae44-494d-8e6f-27990802c552).
Server: Repairing the building
Closing the panel
Starting panel animation
Panel animation complete
Closing the panel is complete
The entry for key 'incident35Description' in 'eng' is empty. Consider adding text.
Opening the panel
Starting panel animation
Panel animation complete
Opening the panel is complete
Applying the incident Incident(id=35, title='incident35Title', state=UNTOUCHED, instanceId=34348db4-1c27-4392-bbf9-83ecb2ff3598) to player Gonzo (Polymoney.Player)
Mayor Cost: 0
Mayor Money: 1000
Cmd: The player Gonzo requests to apply the incident Incident(id=35, title='incident35Title', state=UNTOUCHED, instanceId=34348db4-1c27-4392-bbf9-83ecb2ff3598).
Server: Repairing the building
Closing the panel
Starting panel animation
Panel animation complete
Closing the panel is complete
The entry for key 'incident39Description' in 'eng' is empty. Consider adding text.
Opening the panel
Starting panel animation
Panel animation complete
Opening the panel is complete
Applying the incident Incident(id=39, title='incident39Title', state=UNTOUCHED, instanceId=f23ed520-9528-4a5d-b66d-779dc70e55d7) to player Gonzo (Polymoney.Player)
Mayor Cost: 0
Mayor Money: 1000
Cmd: The player Gonzo requests to apply the incident Incident(id=39, title='incident39Title', state=UNTOUCHED, instanceId=f23ed520-9528-4a5d-b66d-779dc70e55d7).
Server: Repairing the building
Closing the panel
Starting panel animation
Panel animation complete
Closing the panel is complete
The entry for key 'incident38Description' in 'eng' is empty. Consider adding text.
Opening the panel
Starting panel animation
Panel animation complete
Opening the panel is complete
Applying the incident Incident(id=38, title='incident38Title', state=UNTOUCHED, instanceId=fd7cde35-4127-4c89-8de6-28f57bc0d8ec) to player Gonzo (Polymoney.Player)
Mayor Cost: 0
Mayor Money: 1000
Cmd: The player Gonzo requests to apply the incident Incident(id=38, title='incident38Title', state=UNTOUCHED, instanceId=fd7cde35-4127-4c89-8de6-28f57bc0d8ec).
Server: Repairing the building
Closing the panel
Starting panel animation
Opening the panel
Starting panel animation
Panel animation complete
Opening the panel is complete
Closing the panel
Starting panel animation
Panel animation complete
Closing the panel is complete
Opening the panel
Starting panel animation
Panel animation complete
Opening the panel is complete
Closing the panel
Starting panel animation
Panel animation complete
Closing the panel is complete
Opening the panel
Starting panel animation
Panel animation complete
Opening the panel is complete
Closing the panel
Starting panel animation
Panel animation complete
Closing the panel is complete
Opening the panel
Starting panel animation
Panel animation complete
Opening the panel is complete
Closing the panel
Starting panel animation
Panel animation complete
Closing the panel is complete
Opening the panel
Starting panel animation
Panel animation complete
Opening the panel is complete
Closing the panel
Starting panel animation
Panel animation complete
Closing the panel is complete
Server: A player has completed their turn
Server: All players have completed their turn
Exit flow state to: FlowPhase(0x40, END_MONTH)
Server: Applying each player's incidents, resetting their time, luminance and offers
update critical player Gonzo with fiat: 1000 and mayor: True and citystate: 1
Incrementing the month counter
Server: Resetting the end-turn flow condition
Exit flow state to: FlowPhase(0x20000, END_MONTH_DISPLAY)
Opening the panel
Starting panel animation
Server: Resetting the end-turn flow condition
[ENDMONTH] Enable Endturn
Panel animation complete
Opening the panel is complete
Server: A player has completed their turn
Server: All players have completed their turn
Exit flow state to: FlowPhase(0x200, FAIRYDUST_SHARING)
Closing the panel
Starting panel animation
Server: Resetting the end-turn flow condition
Exit flow state to: FlowPhase(0x8, BEGIN_MONTH)
Server: Adding recurrent incidents to each player
1 * 0 * 50 * 0.2
1 * 0 * 50 * 0.2
1 * 0 * 50 * 0.2
1 * 0 * 50 * 0.2
1 * 0 * 50 * 0.2
1 * 0 * 50 * 0.2
1 * 0 * 50 * 0.2
1 * 0 * 50 * 0.2
1 * 0 * 50 * 0.2
Server: Resetting the end-turn flow condition
Rpc: Adding an incident: Incident(id=33, title='incident33Title', state=UNTOUCHED, instanceId=55838f98-1350-4680-9c0c-08d685eb3379) (json: {"instanceId":{"Value":"55838f98-1350-4680-9c0c-08d685eb3379"},"id":33,"title":"incident33Title","description":"incident33Description","state":0,"ignorable":true,"immediate":false,"influenceable":true,"pickPoolSize":0,"month":0,"type":"RecurrentCity","tags":["A","Recurrent","City","Infrastructure"],"addSerializedOffer":"","applicationCost":{"expenses":[{"currency":"FIAT","value":0}],"breakBuilding":4294967295,"time":0},"applicationBenefit":{"removeIncident":[],"addTalent":[],"fairyDust":0,"income":[],"repairBuilding":4294967295},"ignoranceCost":{"expenses":[],"breakBuilding":4294967295,"time":0}})
Linking the incident Incident(id=33, title='incident33Title', state=UNTOUCHED, instanceId=55838f98-1350-4680-9c0c-08d685eb3379) to the building
Cmd: The player Gonzo requests to update an incident.
Rpc: Adding an incident: Incident(id=34, title='incident34Title', state=UNTOUCHED, instanceId=f552513d-e505-4afd-912f-52d61eacd454) (json: {"instanceId":{"Value":"f552513d-e505-4afd-912f-52d61eacd454"},"id":34,"title":"incident34Title","description":"incident34Description","state":0,"ignorable":true,"immediate":false,"influenceable":true,"pickPoolSize":0,"month":0,"type":"RecurrentCity","tags":["B","Recurrent","City","Infrastructure"],"addSerializedOffer":"","applicationCost":{"expenses":[{"currency":"FIAT","value":0}],"breakBuilding":4294967295,"time":0},"applicationBenefit":{"removeIncident":[],"addTalent":[],"fairyDust":0,"income":[],"repairBuilding":4294967295},"ignoranceCost":{"expenses":[],"breakBuilding":4294967295,"time":0}})
Linking the incident Incident(id=34, title='incident34Title', state=UNTOUCHED, instanceId=f552513d-e505-4afd-912f-52d61eacd454) to the building
Cmd: The player Gonzo requests to update an incident.
Rpc: Adding an incident: Incident(id=35, title='incident35Title', state=UNTOUCHED, instanceId=19f6389a-3e1a-4601-bef2-6b3bfa2ab386) (json: {"instanceId":{"Value":"19f6389a-3e1a-4601-bef2-6b3bfa2ab386"},"id":35,"title":"incident35Title","description":"incident35Description","state":0,"ignorable":true,"immediate":false,"influenceable":true,"pickPoolSize":0,"month":0,"type":"RecurrentCity","tags":["C","Recurrent","City","Infrastructure"],"addSerializedOffer":"","applicationCost":{"expenses":[{"currency":"FIAT","value":0}],"breakBuilding":4294967295,"time":0},"applicationBenefit":{"removeIncident":[],"addTalent":[],"fairyDust":0,"income":[],"repairBuilding":4294967295},"ignoranceCost":{"expenses":[],"breakBuilding":4294967295,"time":0}})
Linking the incident Incident(id=35, title='incident35Title', state=UNTOUCHED, instanceId=19f6389a-3e1a-4601-bef2-6b3bfa2ab386) to the building
Cmd: The player Gonzo requests to update an incident.
Rpc: Adding an incident: Incident(id=36, title='incident36Title', state=UNTOUCHED, instanceId=8993ea9a-23af-4639-8296-fd787d57bc67) (json: {"instanceId":{"Value":"8993ea9a-23af-4639-8296-fd787d57bc67"},"id":36,"title":"incident36Title","description":"incident36Description","state":0,"ignorable":true,"immediate":false,"influenceable":true,"pickPoolSize":0,"month":0,"type":"RecurrentCity","tags":["D","Recurrent","City","Infrastructure"],"addSerializedOffer":"","applicationCost":{"expenses":[{"currency":"FIAT","value":0}],"breakBuilding":4294967295,"time":0},"applicationBenefit":{"removeIncident":[],"addTalent":[],"fairyDust":0,"income":[],"repairBuilding":4294967295},"ignoranceCost":{"expenses":[],"breakBuilding":4294967295,"time":0}})
Linking the incident Incident(id=36, title='incident36Title', state=UNTOUCHED, instanceId=8993ea9a-23af-4639-8296-fd787d57bc67) to the building
Cmd: The player Gonzo requests to update an incident.
Rpc: Adding an incident: Incident(id=37, title='incident37Title', state=UNTOUCHED, instanceId=6ddfa8bf-3c3d-42a2-81ff-6508287a47a4) (json: {"instanceId":{"Value":"6ddfa8bf-3c3d-42a2-81ff-6508287a47a4"},"id":37,"title":"incident37Title","description":"incident37Description","state":0,"ignorable":true,"immediate":false,"influenceable":true,"pickPoolSize":0,"month":0,"type":"RecurrentCity","tags":["E","Recurrent","City","Infrastructure"],"addSerializedOffer":"","applicationCost":{"expenses":[{"currency":"FIAT","value":0}],"breakBuilding":4294967295,"time":0},"applicationBenefit":{"removeIncident":[],"addTalent":[],"fairyDust":0,"income":[],"repairBuilding":4294967295},"ignoranceCost":{"expenses":[],"breakBuilding":4294967295,"time":0}})
Linking the incident Incident(id=37, title='incident37Title', state=UNTOUCHED, instanceId=6ddfa8bf-3c3d-42a2-81ff-6508287a47a4) to the building
Cmd: The player Gonzo requests to update an incident.
Rpc: Adding an incident: Incident(id=38, title='incident38Title', state=UNTOUCHED, instanceId=0832f318-ca7d-4ef7-87a3-6163990a8d67) (json: {"instanceId":{"Value":"0832f318-ca7d-4ef7-87a3-6163990a8d67"},"id":38,"title":"incident38Title","description":"incident38Description","state":0,"ignorable":true,"immediate":false,"influenceable":true,"pickPoolSize":0,"month":0,"type":"RecurrentCity","tags":["F","Recurrent","City","Infrastructure"],"addSerializedOffer":"","applicationCost":{"expenses":[{"currency":"FIAT","value":0}],"breakBuilding":4294967295,"time":0},"applicationBenefit":{"removeIncident":[],"addTalent":[],"fairyDust":0,"income":[],"repairBuilding":4294967295},"ignoranceCost":{"expenses":[],"breakBuilding":4294967295,"time":0}})
Linking the incident Incident(id=38, title='incident38Title', state=UNTOUCHED, instanceId=0832f318-ca7d-4ef7-87a3-6163990a8d67) to the building
Cmd: The player Gonzo requests to update an incident.
Rpc: Adding an incident: Incident(id=39, title='incident39Title', state=UNTOUCHED, instanceId=ce0a5c9c-d1d3-4870-b27b-882898fe6901) (json: {"instanceId":{"Value":"ce0a5c9c-d1d3-4870-b27b-882898fe6901"},"id":39,"title":"incident39Title","description":"incident39Description","state":0,"ignorable":true,"immediate":false,"influenceable":true,"pickPoolSize":0,"month":0,"type":"RecurrentCity","tags":["G","Recurrent","City","Infrastructure"],"addSerializedOffer":"","applicationCost":{"expenses":[{"currency":"FIAT","value":0}],"breakBuilding":4294967295,"time":0},"applicationBenefit":{"removeIncident":[],"addTalent":[],"fairyDust":0,"income":[],"repairBuilding":4294967295},"ignoranceCost":{"expenses":[],"breakBuilding":4294967295,"time":0}})
Linking the incident Incident(id=39, title='incident39Title', state=UNTOUCHED, instanceId=ce0a5c9c-d1d3-4870-b27b-882898fe6901) to the building
Cmd: The player Gonzo requests to update an incident.
Rpc: Adding an incident: Incident(id=40, title='incident40Title', state=UNTOUCHED, instanceId=ad806f20-5150-49c7-a353-e9b7b02505da) (json: {"instanceId":{"Value":"ad806f20-5150-49c7-a353-e9b7b02505da"},"id":40,"title":"incident40Title","description":"incident40Description","state":0,"ignorable":true,"immediate":false,"influenceable":true,"pickPoolSize":0,"month":0,"type":"RecurrentCity","tags":["H","Recurrent","City","Infrastructure"],"addSerializedOffer":"","applicationCost":{"expenses":[{"currency":"FIAT","value":0}],"breakBuilding":4294967295,"time":0},"applicationBenefit":{"removeIncident":[],"addTalent":[],"fairyDust":0,"income":[],"repairBuilding":4294967295},"ignoranceCost":{"expenses":[],"breakBuilding":4294967295,"time":0}})
Linking the incident Incident(id=40, title='incident40Title', state=UNTOUCHED, instanceId=ad806f20-5150-49c7-a353-e9b7b02505da) to the building
Cmd: The player Gonzo requests to update an incident.
Rpc: Adding an incident: Incident(id=41, title='incident41Title', state=UNTOUCHED, instanceId=ab3c5e03-7a43-4350-aa08-eb641fc8c0e1) (json: {"instanceId":{"Value":"ab3c5e03-7a43-4350-aa08-eb641fc8c0e1"},"id":41,"title":"incident41Title","description":"incident41Description","state":0,"ignorable":true,"immediate":false,"influenceable":true,"pickPoolSize":0,"month":0,"type":"RecurrentCity","tags":["I","Recurrent","City","Infrastructure"],"addSerializedOffer":"","applicationCost":{"expenses":[{"currency":"FIAT","value":0}],"breakBuilding":4294967295,"time":0},"applicationBenefit":{"removeIncident":[],"addTalent":[],"fairyDust":0,"income":[],"repairBuilding":4294967295},"ignoranceCost":{"expenses":[],"breakBuilding":4294967295,"time":0}})
Linking the incident Incident(id=41, title='incident41Title', state=UNTOUCHED, instanceId=ab3c5e03-7a43-4350-aa08-eb641fc8c0e1) to the building
Cmd: The player Gonzo requests to update an incident.
Exit flow state to: FlowPhase(0x10, PLAYER_EVENTS)
Opening the panel
Starting panel animation
Server: Resetting the end-turn flow condition
The mayor will not receive any events this month and thus completes their turn.
The mayor will not receive any events this month and thus completes their turn.
Server: A player has completed their turn
Server: All players have completed their turn
Exit flow state to: FlowPhase(0x20, PLAYER_TRADE)
Closing the panel
Starting panel animation
Server: Resetting the end-turn flow condition
Panel animation complete
Closing the panel is complete
Panel animation complete
Closing the panel is complete
OnApplicationFocus(False) started
OnApplicationFocus(False) called on a client
Received message from client: NSM(source=CLIENT, event=FOCUS, status=False) (from: hostId: -1 connectionId: 0 isReady: True channel count: 0)
All clients are available; the game may unpause.
Received message from server: NSM(source=SERVER, event=BLOCK_SCREEN, status=False)
The block-screen status for this client has changed to False
Game unpaused
OnApplicationQuit() called
OnApplicationQuit() called on a client
Received message from client: NSM(source=CLIENT, event=QUIT, status=True) (from: hostId: -1 connectionId: 0 isReady: True channel count: 0)
