Logfile created: 2019/05/13 13:10:24
Setting the device to never fall asleep.
Opening the panel
Starting panel animation
Reading XML file at 'C:/Users/Ryan/Documents/Polymoney/Assets/StreamingAssets\lang/eng.xml'
Panel animation complete
Opening the panel is complete
Closing the panel
Starting panel animation
Opening the panel
Starting panel animation
Panel animation complete
Closing the panel is complete
Panel animation complete
Opening the panel is complete
OnStartHost()
Server: Setting broadcast data to 'PolymoneyGame::192.168.1.155:20120'
OnLobbyStartHost()
OnStartServer()
OnLobbyStartServer()
Server: A new client has connected.
OnStartClient(client=UnityEngine.Networking.LocalClient) for server at 
OnLobbyStartClient(client=UnityEngine.Networking.LocalClient)
OnClientConnect(conn=hostId: -1 connectionId: 0 isReady: False channel count: 0)
OnLobbyClientConnect(conn=hostId: -1 connectionId: 0 isReady: False channel count: 0) with address localServer)
Opening the panel
Starting panel animation
Closing the panel
Starting panel animation
Server: A player was added.
OnLobbyServerCreateLobbyPlayer(conn=hostId: -1 connectionId: 0 isReady: True channel count: 0, controllerId=0)
Panel animation complete
Opening the panel is complete
Panel animation complete
Closing the panel is complete
OnLobbyServerPlayersReady()
OnClientNotReady(conn=hostId: -1 connectionId: 0 isReady: True channel count: 0)
The initial state will be 'FlowPhase(0x1, INTRO_WORLD)'
OnLobbyServerCreateGamePlayer(conn=hostId: -1 connectionId: 0 isReady: False channel count: 0, controllerId=0)
Game unpaused
Player 'Player' (netid: 2) was registered
The authoritative player's name is 'Player'
Not Mayor
Closing the panel
Starting panel animation
Building 'Industrial' (netid: 3) was registered
The luminance was changed to 0.3
Building 'Lake' (netid: 4) was registered
The luminance was changed to 0.3
Building 'Building (7)' (netid: 5) was registered
The luminance was changed to 0.2
Building 'Tree' (netid: 6) was registered
The luminance was changed to 0.3
Building 'Administration' (netid: 7) was registered
The luminance was changed to 0.7
Building 'Garden' (netid: 8) was registered
The luminance was changed to 0.3
Building 'Building (9)' (netid: 9) was registered
The luminance was changed to 0.2
Building 'Villa' (netid: 10) was registered
The luminance was changed to 0.3
Building 'Park' (netid: 11) was registered
The luminance was changed to 0.3
Building 'School' (netid: 12) was registered
The luminance was changed to 0.7
Building 'Building (5)' (netid: 13) was registered
The luminance was changed to 0.2
Building 'Offices' (netid: 14) was registered
The luminance was changed to 0.7
Building 'Building (2)' (netid: 15) was registered
The luminance was changed to 0.2
Building 'City Hall' (netid: 16) was registered
The luminance was changed to 0.1
Building 'Building (3)' (netid: 17) was registered
The luminance was changed to 0.2
Building 'Building (4)' (netid: 18) was registered
The luminance was changed to 0.2
Server: Adding myself as exit condition to the state 'PLAYER_EVENTS'
Server: Adding myself as exit condition to the state 'INTRO_WORLD'
Server: Adding myself as exit condition to the state 'PLAYER_TRADE'
Server: Adding myself as exit condition to the state 'END_MONTH_DISPLAY'
Server: Adding myself as exit condition to the state 'Q_INTRODUCTION'
Server: Adding myself as exit condition to the state 'MOVEMENT_TUTO'
Server: Adding myself as exit condition to the state 'Q_MARKET'
Server: Adding myself as exit condition to the state 'PLAYER_INTRODUCTION'
Server: Adding myself as exit condition to the state 'END'
Server: Adding myself as exit condition to the state 'GAMEOVER'
Server: Adding myself as exit condition to the state 'SUMMARY'
Opening the panel
Starting panel animation
Loaded level data from leveldata.json
Not Mayor
Rpc: Set Guid of Offer 'IndustrialBuildingDeed' to '1d19194a-6a2a-4a52-91fa-eb651137137f'
Rpc: Set Guid of Offer 'VillaDeed' to '504d0542-8a8a-4876-b726-0a4236cfb4e1'
Rpc: Set Guid of Offer 'ParkDeed' to '7a3c4cff-68e6-4746-804e-93d30c3e3222'
Rpc: Set Guid of Offer 'LakeDeed' to '000f7b5f-4865-4dbe-9d67-94da4702edbf'
Rpc: Set Guid of Offer 'TreeDeed' to '344fb857-d83c-471a-8ecd-65c75732882c'
Rpc: Set Guid of Offer 'GardenDeed' to '2cb5c2b9-c20a-4e36-a658-7b79fb78357d'
Not Mayor
All player objects are initialized on this client and the level data is available
Cmd: A client has completed loading the player objects.
Rpc: All clients have completed loading their player objects.
Server: Running character generation
Closing the panel
Starting panel animation
Found NetworkIdentity NLobbyPlayer(Clone) - 1
Found NetworkIdentity Player - 2
Found NetworkIdentity Industrial - 3
Found NetworkIdentity Lake - 4
Found NetworkIdentity Building (7) - 5
Found NetworkIdentity Tree - 6
Found NetworkIdentity Administration - 7
Found NetworkIdentity Garden - 8
Found NetworkIdentity Building (9) - 9
Found NetworkIdentity Villa - 10
Found NetworkIdentity Park - 11
Found NetworkIdentity School - 12
Found NetworkIdentity Building (5) - 13
Found NetworkIdentity Offices - 14
Found NetworkIdentity Building (2) - 15
Found NetworkIdentity City Hall - 16
Found NetworkIdentity Building (3) - 17
Found NetworkIdentity Building (4) - 18
Found NetworkIdentity NLevel - 19
Not Mayor
Rpc: The player (netid: 2) is now called 'Player'.
Rpc: The player 'Player' (netid: 2) now has the person Person(i=7, t=person7Name).
Rpc: The player 'Player' (netid: 2) now has the home Home(i=1, t=home1Title, r=500).
Rpc: The player 'Player' (netid: 2) now has the job Job(i=7, t=job7Title, s=800).
Rpc: Adding a talent: Talent(i=7, t=talent7Title, d=talent7Description, ty=talent7Type, tags=[Know]) (json: {"title":"talent7Title","description":"talent7Description","id":7,"type":"talent7Type","tags":["Know"]})
Rpc: Market f75ce604-7a2b-4dfe-a5e2-83732c6ec928 has a new seller: Player.
Rpc: The player Player now owns the marketplace f75ce604-7a2b-4dfe-a5e2-83732c6ec928.
Loading the character model for player 'Player' (netid: 2, mayor: False).
started for player
Not Mayor
Panel animation complete
Closing the panel is complete
Panel animation complete
Opening the panel is complete
Not Mayor
Not Mayor
Not Mayor
Not Mayor
Not Mayor
Not Mayor
Not Mayor
Not Mayor
Not Mayor
Not Mayor
Not Mayor
Panel animation complete
Closing the panel is complete
Not Mayor
Not Mayor
Not Mayor
Not Mayor
Not Mayor
Not Mayor
Not Mayor
Not Mayor
Not Mayor
Not Mayor
Not Mayor
Not Mayor
Not Mayor
Not Mayor
Not Mayor
Not Mayor
Not Mayor
Not Mayor
Not Mayor
Not Mayor
Not Mayor
Not Mayor
Not Mayor
Not Mayor
Not Mayor
Not Mayor
Not Mayor
Not Mayor
Not Mayor
Not Mayor
Not Mayor
Not Mayor
Not Mayor
Not Mayor
Not Mayor
Not Mayor
Not Mayor
Not Mayor
Not Mayor
Not Mayor
Not Mayor
Not Mayor
Not Mayor
Not Mayor
Not Mayor
Not Mayor
Not Mayor
Not Mayor
Not Mayor
Not Mayor
Not Mayor
Not Mayor
Not Mayor
Not Mayor
Not Mayor
Not Mayor
Not Mayor
Not Mayor
Not Mayor
Not Mayor
Not Mayor
Not Mayor
Not Mayor
Not Mayor
Not Mayor
Not Mayor
Not Mayor
Not Mayor
Not Mayor
Not Mayor
Not Mayor
Not Mayor
Not Mayor
Not Mayor
Not Mayor
Not Mayor
Not Mayor
Not Mayor
Not Mayor
Not Mayor
Not Mayor
Not Mayor
Not Mayor
Not Mayor
Not Mayor
Not Mayor
Not Mayor
Not Mayor
Not Mayor
Not Mayor
Not Mayor
Not Mayor
Not Mayor
Not Mayor
Not Mayor
Not Mayor
Not Mayor
Not Mayor
Not Mayor
Not Mayor
Not Mayor
Not Mayor
Not Mayor
Not Mayor
Not Mayor
Not Mayor
Not Mayor
Not Mayor
Not Mayor
Not Mayor
Not Mayor
Not Mayor
Not Mayor
Not Mayor
Not Mayor
Not Mayor
Not Mayor
Not Mayor
Not Mayor
Not Mayor
Not Mayor
Not Mayor
Not Mayor
Not Mayor
Not Mayor
Not Mayor
Not Mayor
Not Mayor
Not Mayor
Not Mayor
Opening the panel
Starting panel animation
Not Mayor
Not Mayor
Not Mayor
Not Mayor
Not Mayor
Not Mayor
Panel animation complete
Opening the panel is complete
Not Mayor
Not Mayor
Not Mayor
Not Mayor
Not Mayor
Not Mayor
Not Mayor
Not Mayor
Not Mayor
Not Mayor
Not Mayor
Not Mayor
Not Mayor
Not Mayor
Not Mayor
Not Mayor
Not Mayor
Not Mayor
Not Mayor
Not Mayor
Not Mayor
Not Mayor
Not Mayor
Not Mayor
Not Mayor
Closing the panel
Starting panel animation
Not Mayor
Not Mayor
Not Mayor
Not Mayor
Not Mayor
Not Mayor
Not Mayor
Not Mayor
Panel animation complete
Closing the panel is complete
Opening the panel
Starting panel animation
Not Mayor
Not Mayor
Not Mayor
Not Mayor
Not Mayor
Not Mayor
Not Mayor
Panel animation complete
Opening the panel is complete
Not Mayor
Not Mayor
Not Mayor
Not Mayor
Not Mayor
Not Mayor
Not Mayor
Closing the panel
Starting panel animation
Not Mayor
Not Mayor
Not Mayor
Not Mayor
Not Mayor
Not Mayor
Not Mayor
Not Mayor
Panel animation complete
Closing the panel is complete
Opening the panel
Starting panel animation
Not Mayor
Not Mayor
Not Mayor
Not Mayor
Not Mayor
Not Mayor
Panel animation complete
Opening the panel is complete
Not Mayor
Not Mayor
Not Mayor
Not Mayor
Not Mayor
Not Mayor
Not Mayor
Not Mayor
Not Mayor
Not Mayor
Not Mayor
Not Mayor
Not Mayor
Not Mayor
Not Mayor
Not Mayor
Closing the panel
Starting panel animation
Not Mayor
Not Mayor
Not Mayor
Not Mayor
Not Mayor
Not Mayor
Not Mayor
Not Mayor
Panel animation complete
Closing the panel is complete
Server: A player has completed their turn
Server: All players have completed their turn
Exit flow state to: FlowPhase(0x4, PLAYER_INTRODUCTION)
Server: Resetting the end-turn flow condition
Opening the panel
Starting panel animation
Not Mayor
Not Mayor
Not Mayor
Not Mayor
Not Mayor
Not Mayor
Not Mayor
Panel animation complete
Opening the panel is complete
Not Mayor
Not Mayor
Not Mayor
Not Mayor
Not Mayor
Not Mayor
Not Mayor
Not Mayor
Not Mayor
Not Mayor
Not Mayor
Not Mayor
Not Mayor
Not Mayor
Not Mayor
Not Mayor
Not Mayor
Not Mayor
Closing the panel
Starting panel animation
Not Mayor
Not Mayor
Not Mayor
Not Mayor
Not Mayor
Not Mayor
Not Mayor
Not Mayor
Panel animation complete
Closing the panel is complete
Opening the panel
Starting panel animation
Not Mayor
Not Mayor
Not Mayor
Not Mayor
Not Mayor
Not Mayor
Panel animation complete
Opening the panel is complete
Not Mayor
Not Mayor
Not Mayor
Not Mayor
Not Mayor
Not Mayor
Not Mayor
Not Mayor
Closing the panel
Starting panel animation
Not Mayor
Not Mayor
Not Mayor
Not Mayor
Not Mayor
Not Mayor
Not Mayor
Not Mayor
Panel animation complete
Closing the panel is complete
Opening the panel
Starting panel animation
Not Mayor
Not Mayor
Not Mayor
Not Mayor
Not Mayor
Not Mayor
Panel animation complete
Opening the panel is complete
Not Mayor
Not Mayor
Not Mayor
Not Mayor
Closing the panel
Starting panel animation
Not Mayor
Not Mayor
Not Mayor
Not Mayor
Not Mayor
Not Mayor
Not Mayor
Not Mayor
Panel animation complete
Closing the panel is complete
Opening the panel
Starting panel animation
Not Mayor
Not Mayor
Not Mayor
Not Mayor
Not Mayor
Not Mayor
Not Mayor
Panel animation complete
Opening the panel is complete
Not Mayor
Not Mayor
Not Mayor
Not Mayor
Closing the panel
Starting panel animation
Not Mayor
Not Mayor
Not Mayor
Not Mayor
Not Mayor
Not Mayor
Not Mayor
Not Mayor
Panel animation complete
Closing the panel is complete
Opening the panel
Starting panel animation
Server: A player has completed their turn
Server: All players have completed their turn
Exit flow state to: FlowPhase(0x2000, MOVEMENT_TUTO)
Server: Resetting the end-turn flow condition
Closing the panel
Starting panel animation
Not Mayor
movement start
Opening the panel
Starting panel animation
Not Mayor
Not Mayor
Not Mayor
Not Mayor
Not Mayor
Panel animation complete
Closing the panel is complete
Not Mayor
Panel animation complete
Opening the panel is complete
Not Mayor
Not Mayor
Not Mayor
Not Mayor
Not Mayor
Not Mayor
Not Mayor
Not Mayor
Closing the panel
Starting panel animation
Not Mayor
Not Mayor
Not Mayor
Not Mayor
Not Mayor
Not Mayor
Not Mayor
Not Mayor
Panel animation complete
Closing the panel is complete
check movement
Not Mayor
Not Mayor
Not Mayor
Not Mayor
Not Mayor
Not Mayor
Not Mayor
Not Mayor
Not Mayor
Not Mayor
Not Mayor
Not Mayor
Not Mayor
Not Mayor
Not Mayor
Not Mayor
Not Mayor
Not Mayor
Not Mayor
Not Mayor
Not Mayor
Not Mayor
Not Mayor
Not Mayor
Not Mayor
Not Mayor
Not Mayor
Not Mayor
Not Mayor
Not Mayor
Not Mayor
Not Mayor
Not Mayor
Not Mayor
Not Mayor
Not Mayor
Not Mayor
Not Mayor
Not Mayor
OnApplicationFocus(False) started
OnApplicationFocus(False) called on a client
Received message from client: NSM(source=CLIENT, event=FOCUS, status=False) (from: hostId: -1 connectionId: 0 isReady: True channel count: 0)
All clients are available; the game may unpause.
Not Mayor
Received message from server: NSM(source=SERVER, event=BLOCK_SCREEN, status=False)
The block-screen status for this client has changed to False
Game unpaused
Not Mayor
Not Mayor
Not Mayor
Not Mayor
Not Mayor
Not Mayor
Not Mayor
Not Mayor
Not Mayor
Not Mayor
Not Mayor
Not Mayor
Not Mayor
Not Mayor
Not Mayor
Not Mayor
Not Mayor
Not Mayor
Not Mayor
Not Mayor
Not Mayor
Not Mayor
Not Mayor
Not Mayor
Not Mayor
Not Mayor
Not Mayor
Not Mayor
Not Mayor
Not Mayor
Not Mayor
Not Mayor
Not Mayor
Not Mayor
Not Mayor
Not Mayor
Not Mayor
Not Mayor
Not Mayor
Not Mayor
Not Mayor
Not Mayor
Not Mayor
Not Mayor
Not Mayor
Not Mayor
Not Mayor
OnApplicationQuit() called
OnApplicationQuit() called on a client
Received message from client: NSM(source=CLIENT, event=QUIT, status=True) (from: hostId: -1 connectionId: 0 isReady: True channel count: 0)
Player 'Player' (netid: 2) was unregistered
