Logfile created: 2019/03/04 15:13:52
Setting the device to never fall asleep.
Opening the panel
Starting panel animation
Reading XML file at 'C:/Users/Ryan/Desktop/PM-Game Basedata/polymoney_src/Assets/StreamingAssets\lang/eng.xml'
Panel animation complete
Opening the panel is complete
Closing the panel
Starting panel animation
Opening the panel
Starting panel animation
Panel animation complete
Closing the panel is complete
Panel animation complete
Opening the panel is complete
OnStartHost()
Server: Setting broadcast data to 'PolymoneyGame::192.168.250.230:20120'
OnLobbyStartHost()
OnStartServer()
OnLobbyStartServer()
Server: A new client has connected.
OnStartClient(client=UnityEngine.Networking.LocalClient) for server at 
OnLobbyStartClient(client=UnityEngine.Networking.LocalClient)
OnClientConnect(conn=hostId: -1 connectionId: 0 isReady: False channel count: 0)
OnLobbyClientConnect(conn=hostId: -1 connectionId: 0 isReady: False channel count: 0) with address localServer)
Opening the panel
Starting panel animation
Closing the panel
Starting panel animation
Server: A player was added.
OnLobbyServerCreateLobbyPlayer(conn=hostId: -1 connectionId: 0 isReady: True channel count: 0, controllerId=0)
Panel animation complete
Opening the panel is complete
Panel animation complete
Closing the panel is complete
OnLobbyServerPlayersReady()
OnClientNotReady(conn=hostId: -1 connectionId: 0 isReady: True channel count: 0)
The initial state will be 'FlowPhase(0x1, INTRO_WORLD)'
OnLobbyServerCreateGamePlayer(conn=hostId: -1 connectionId: 0 isReady: False channel count: 0, controllerId=0)
The player Player would like to run for mayor.
Game unpaused
Player 'Player' (netid: 2) was registered
The authoritative player's name is 'Player'
Closing the panel
Starting panel animation
Building 'Industrial' (netid: 3) was registered
The luminance was changed to 0.3
Building 'Lake' (netid: 4) was registered
The luminance was changed to 0.3
Building 'Building (7)' (netid: 5) was registered
The luminance was changed to 0.2
Building 'Tree' (netid: 6) was registered
The luminance was changed to 0.3
Building 'Administration' (netid: 7) was registered
The luminance was changed to 0.7
Building 'Garden' (netid: 8) was registered
The luminance was changed to 0.3
Building 'Building (9)' (netid: 9) was registered
The luminance was changed to 0.2
Building 'Villa' (netid: 10) was registered
The luminance was changed to 0.3
Building 'Park' (netid: 11) was registered
The luminance was changed to 0.3
Building 'School' (netid: 12) was registered
The luminance was changed to 0.7
Building 'Building (5)' (netid: 13) was registered
The luminance was changed to 0.2
Building 'Offices' (netid: 14) was registered
The luminance was changed to 0.7
Building 'Building (2)' (netid: 15) was registered
The luminance was changed to 0.2
Building 'City Hall' (netid: 16) was registered
The luminance was changed to 0.1
Building 'Building (3)' (netid: 17) was registered
The luminance was changed to 0.2
Building 'Building (4)' (netid: 18) was registered
The luminance was changed to 0.2
Server: Adding myself as exit condition to the state 'PLAYER_EVENTS'
Server: Adding myself as exit condition to the state 'INTRO_WORLD'
Server: Adding myself as exit condition to the state 'PLAYER_TRADE'
Server: Adding myself as exit condition to the state 'END_MONTH_DISPLAY'
Server: Adding myself as exit condition to the state 'Q_INTRODUCTION'
Server: Adding myself as exit condition to the state 'MOVEMENT_TUTO'
Server: Adding myself as exit condition to the state 'Q_MARKET'
Server: Adding myself as exit condition to the state 'PLAYER_INTRODUCTION'
Server: Adding myself as exit condition to the state 'END'
Server: Adding myself as exit condition to the state 'GAMEOVER'
Server: Adding myself as exit condition to the state 'SUMMARY'
Opening the panel
Starting panel animation
Loaded level data from leveldata.json
Rpc: Set Guid of Offer 'IndustrialBuildingDeed' to '9dbb3d74-fae1-4109-961f-e975a76f7722'
Rpc: Set Guid of Offer 'VillaDeed' to 'f12b8f0e-247f-4422-a85e-b35368db6a29'
Rpc: Set Guid of Offer 'ParkDeed' to 'ff83e59d-b985-48f5-9a90-a1b15cc16044'
Rpc: Set Guid of Offer 'LakeDeed' to '8dfa9b28-5e9b-4ab4-a9eb-ef730c7046be'
Rpc: Set Guid of Offer 'TreeDeed' to 'd399bb4e-226d-4519-8766-9fe2e4bcaa5f'
Rpc: Set Guid of Offer 'GardenDeed' to '7b2948ee-7504-4839-b857-7c273561b4b8'
All player objects are initialized on this client and the level data is available
Cmd: A client has completed loading the player objects.
Rpc: All clients have completed loading their player objects.
Server: Running character generation
Closing the panel
Starting panel animation
Found NetworkIdentity NLobbyPlayer(Clone) - 1
Found NetworkIdentity Player - 2
Found NetworkIdentity Industrial - 3
Found NetworkIdentity Lake - 4
Found NetworkIdentity Building (7) - 5
Found NetworkIdentity Tree - 6
Found NetworkIdentity Administration - 7
Found NetworkIdentity Garden - 8
Found NetworkIdentity Building (9) - 9
Found NetworkIdentity Villa - 10
Found NetworkIdentity Park - 11
Found NetworkIdentity School - 12
Found NetworkIdentity Building (5) - 13
Found NetworkIdentity Offices - 14
Found NetworkIdentity Building (2) - 15
Found NetworkIdentity City Hall - 16
Found NetworkIdentity Building (3) - 17
Found NetworkIdentity Building (4) - 18
Found NetworkIdentity NLevel - 19
Rpc: The player (netid: 2) is now called 'Player'.
Rpc: The player (netid: 2) is now mayor: True
Rpc: The player 'Player' (netid: 2) now has the person Person(i=0, t=mayorPerson0Name).
Rpc: The player 'Player' (netid: 2) now has the home Home(i=0, t=mayorHome0Title, r=0).
Rpc: The player 'Player' (netid: 2) now has the job Job(i=0, t=mayorJob0Title, s=0).
Rpc: Adding a talent: Talent(i=0, t=mayorTalent0Title, d=mayorTalent0Description, ty=mayorTalent0Type, tags=[Infrastructure]) (json: {"title":"mayorTalent0Title","description":"mayorTalent0Description","id":0,"type":"mayorTalent0Type","tags":["Infrastructure"]})
Rpc: Market 14acccf7-ef72-488c-a620-d2b66bb43ea1 has a new seller: Player.
Rpc: The player Player now owns the marketplace 14acccf7-ef72-488c-a620-d2b66bb43ea1.
Rpc: Market d0ca6a1b-7a31-4746-bb35-f16f54232e44 has a new seller: Player.
Loading the character model for player 'Player' (netid: 2, mayor: True).
started for major
Panel animation complete
Closing the panel is complete
Panel animation complete
Opening the panel is complete
Panel animation complete
Closing the panel is complete
Opening the panel
Starting panel animation
Panel animation complete
Opening the panel is complete
Closing the panel
Starting panel animation
Panel animation complete
Closing the panel is complete
Opening the panel
Starting panel animation
Panel animation complete
Opening the panel is complete
Closing the panel
Starting panel animation
Panel animation complete
Closing the panel is complete
Opening the panel
Starting panel animation
Panel animation complete
Opening the panel is complete
Closing the panel
Starting panel animation
Panel animation complete
Closing the panel is complete
Server: A player has completed their turn
Server: All players have completed their turn
Exit flow state to: FlowPhase(0x4, PLAYER_INTRODUCTION)
Server: Resetting the end-turn flow condition
Opening the panel
Starting panel animation
Panel animation complete
Opening the panel is complete
Closing the panel
Starting panel animation
Panel animation complete
Closing the panel is complete
Opening the panel
Starting panel animation
Panel animation complete
Opening the panel is complete
Closing the panel
Starting panel animation
Panel animation complete
Closing the panel is complete
Server: A player has completed their turn
Server: All players have completed their turn
Exit flow state to: FlowPhase(0x2000, MOVEMENT_TUTO)
Server: Resetting the end-turn flow condition
movement start
Opening the panel
Starting panel animation
Panel animation complete
Opening the panel is complete
Closing the panel
Starting panel animation
Panel animation complete
Closing the panel is complete
check movement
Opening the panel
Starting panel animation
Panel animation complete
Opening the panel is complete
Closing the panel
Starting panel animation
Panel animation complete
Closing the panel is complete
Server: A player has completed their turn
Server: All players have completed their turn
Exit flow state to: FlowPhase(0x8, BEGIN_MONTH)
Server: Adding recurrent incidents to each player
Server: Resetting the end-turn flow condition
movement end
maintenance start
Rpc: Adding an incident: Incident(id=33, title='incident33Title', state=UNTOUCHED, instanceId=fc301ee2-8711-46f5-876f-61827aa481ca) (json: {"instanceId":{"Value":"fc301ee2-8711-46f5-876f-61827aa481ca"},"id":33,"title":"incident33Title","description":"incident33Description","state":0,"ignorable":true,"immediate":false,"influenceable":true,"pickPoolSize":0,"month":0,"type":"RecurrentCity","tags":["A","Recurrent","City","Infrastructure"],"addSerializedOffer":"","applicationCost":{"expenses":[{"currency":"FIAT","value":0}],"breakBuilding":4294967295,"time":0},"applicationBenefit":{"removeIncident":[],"addTalent":[],"fairyDust":0,"income":[],"repairBuilding":4294967295},"ignoranceCost":{"expenses":[],"breakBuilding":4294967295,"time":0}})
Linking the incident Incident(id=33, title='incident33Title', state=UNTOUCHED, instanceId=fc301ee2-8711-46f5-876f-61827aa481ca) to the building
Cmd: The player Player requests to update an incident.
Rpc: Adding an incident: Incident(id=34, title='incident34Title', state=UNTOUCHED, instanceId=824d40c6-c3ef-4da9-922f-2dfac3a4237b) (json: {"instanceId":{"Value":"824d40c6-c3ef-4da9-922f-2dfac3a4237b"},"id":34,"title":"incident34Title","description":"incident34Description","state":0,"ignorable":true,"immediate":false,"influenceable":true,"pickPoolSize":0,"month":0,"type":"RecurrentCity","tags":["B","Recurrent","City","Infrastructure"],"addSerializedOffer":"","applicationCost":{"expenses":[{"currency":"FIAT","value":0}],"breakBuilding":4294967295,"time":0},"applicationBenefit":{"removeIncident":[],"addTalent":[],"fairyDust":0,"income":[],"repairBuilding":4294967295},"ignoranceCost":{"expenses":[],"breakBuilding":4294967295,"time":0}})
Linking the incident Incident(id=34, title='incident34Title', state=UNTOUCHED, instanceId=824d40c6-c3ef-4da9-922f-2dfac3a4237b) to the building
Cmd: The player Player requests to update an incident.
Rpc: Adding an incident: Incident(id=35, title='incident35Title', state=UNTOUCHED, instanceId=bb1becfb-96af-486b-8293-24c265d47e58) (json: {"instanceId":{"Value":"bb1becfb-96af-486b-8293-24c265d47e58"},"id":35,"title":"incident35Title","description":"incident35Description","state":0,"ignorable":true,"immediate":false,"influenceable":true,"pickPoolSize":0,"month":0,"type":"RecurrentCity","tags":["C","Recurrent","City","Infrastructure"],"addSerializedOffer":"","applicationCost":{"expenses":[{"currency":"FIAT","value":0}],"breakBuilding":4294967295,"time":0},"applicationBenefit":{"removeIncident":[],"addTalent":[],"fairyDust":0,"income":[],"repairBuilding":4294967295},"ignoranceCost":{"expenses":[],"breakBuilding":4294967295,"time":0}})
Linking the incident Incident(id=35, title='incident35Title', state=UNTOUCHED, instanceId=bb1becfb-96af-486b-8293-24c265d47e58) to the building
Cmd: The player Player requests to update an incident.
Rpc: Adding an incident: Incident(id=36, title='incident36Title', state=UNTOUCHED, instanceId=ed421552-85a9-4041-b205-d4a8a758ef88) (json: {"instanceId":{"Value":"ed421552-85a9-4041-b205-d4a8a758ef88"},"id":36,"title":"incident36Title","description":"incident36Description","state":0,"ignorable":true,"immediate":false,"influenceable":true,"pickPoolSize":0,"month":0,"type":"RecurrentCity","tags":["D","Recurrent","City","Infrastructure"],"addSerializedOffer":"","applicationCost":{"expenses":[{"currency":"FIAT","value":0}],"breakBuilding":4294967295,"time":0},"applicationBenefit":{"removeIncident":[],"addTalent":[],"fairyDust":0,"income":[],"repairBuilding":4294967295},"ignoranceCost":{"expenses":[],"breakBuilding":4294967295,"time":0}})
Linking the incident Incident(id=36, title='incident36Title', state=UNTOUCHED, instanceId=ed421552-85a9-4041-b205-d4a8a758ef88) to the building
Cmd: The player Player requests to update an incident.
Rpc: Adding an incident: Incident(id=37, title='incident37Title', state=UNTOUCHED, instanceId=7a5c69e2-3bd4-4cde-9be0-5b7be288bf62) (json: {"instanceId":{"Value":"7a5c69e2-3bd4-4cde-9be0-5b7be288bf62"},"id":37,"title":"incident37Title","description":"incident37Description","state":0,"ignorable":true,"immediate":false,"influenceable":true,"pickPoolSize":0,"month":0,"type":"RecurrentCity","tags":["E","Recurrent","City","Infrastructure"],"addSerializedOffer":"","applicationCost":{"expenses":[{"currency":"FIAT","value":0}],"breakBuilding":4294967295,"time":0},"applicationBenefit":{"removeIncident":[],"addTalent":[],"fairyDust":0,"income":[],"repairBuilding":4294967295},"ignoranceCost":{"expenses":[],"breakBuilding":4294967295,"time":0}})
Linking the incident Incident(id=37, title='incident37Title', state=UNTOUCHED, instanceId=7a5c69e2-3bd4-4cde-9be0-5b7be288bf62) to the building
Cmd: The player Player requests to update an incident.
Rpc: Adding an incident: Incident(id=38, title='incident38Title', state=UNTOUCHED, instanceId=db9248d6-bfa3-4b4b-b752-6b77fe9a399b) (json: {"instanceId":{"Value":"db9248d6-bfa3-4b4b-b752-6b77fe9a399b"},"id":38,"title":"incident38Title","description":"incident38Description","state":0,"ignorable":true,"immediate":false,"influenceable":true,"pickPoolSize":0,"month":0,"type":"RecurrentCity","tags":["F","Recurrent","City","Infrastructure"],"addSerializedOffer":"","applicationCost":{"expenses":[{"currency":"FIAT","value":0}],"breakBuilding":4294967295,"time":0},"applicationBenefit":{"removeIncident":[],"addTalent":[],"fairyDust":0,"income":[],"repairBuilding":4294967295},"ignoranceCost":{"expenses":[],"breakBuilding":4294967295,"time":0}})
Linking the incident Incident(id=38, title='incident38Title', state=UNTOUCHED, instanceId=db9248d6-bfa3-4b4b-b752-6b77fe9a399b) to the building
Cmd: The player Player requests to update an incident.
Rpc: Adding an incident: Incident(id=39, title='incident39Title', state=UNTOUCHED, instanceId=c197000f-a70f-4914-8066-5bbebdf1cbe9) (json: {"instanceId":{"Value":"c197000f-a70f-4914-8066-5bbebdf1cbe9"},"id":39,"title":"incident39Title","description":"incident39Description","state":0,"ignorable":true,"immediate":false,"influenceable":true,"pickPoolSize":0,"month":0,"type":"RecurrentCity","tags":["G","Recurrent","City","Infrastructure"],"addSerializedOffer":"","applicationCost":{"expenses":[{"currency":"FIAT","value":0}],"breakBuilding":4294967295,"time":0},"applicationBenefit":{"removeIncident":[],"addTalent":[],"fairyDust":0,"income":[],"repairBuilding":4294967295},"ignoranceCost":{"expenses":[],"breakBuilding":4294967295,"time":0}})
Linking the incident Incident(id=39, title='incident39Title', state=UNTOUCHED, instanceId=c197000f-a70f-4914-8066-5bbebdf1cbe9) to the building
Cmd: The player Player requests to update an incident.
Rpc: Adding an incident: Incident(id=40, title='incident40Title', state=UNTOUCHED, instanceId=dc470485-28c7-4eef-989f-87b97c88eec3) (json: {"instanceId":{"Value":"dc470485-28c7-4eef-989f-87b97c88eec3"},"id":40,"title":"incident40Title","description":"incident40Description","state":0,"ignorable":true,"immediate":false,"influenceable":true,"pickPoolSize":0,"month":0,"type":"RecurrentCity","tags":["H","Recurrent","City","Infrastructure"],"addSerializedOffer":"","applicationCost":{"expenses":[{"currency":"FIAT","value":0}],"breakBuilding":4294967295,"time":0},"applicationBenefit":{"removeIncident":[],"addTalent":[],"fairyDust":0,"income":[],"repairBuilding":4294967295},"ignoranceCost":{"expenses":[],"breakBuilding":4294967295,"time":0}})
Linking the incident Incident(id=40, title='incident40Title', state=UNTOUCHED, instanceId=dc470485-28c7-4eef-989f-87b97c88eec3) to the building
Cmd: The player Player requests to update an incident.
Rpc: Adding an incident: Incident(id=41, title='incident41Title', state=UNTOUCHED, instanceId=64487914-4c61-497d-b5a4-f46c99a374b8) (json: {"instanceId":{"Value":"64487914-4c61-497d-b5a4-f46c99a374b8"},"id":41,"title":"incident41Title","description":"incident41Description","state":0,"ignorable":true,"immediate":false,"influenceable":true,"pickPoolSize":0,"month":0,"type":"RecurrentCity","tags":["I","Recurrent","City","Infrastructure"],"addSerializedOffer":"","applicationCost":{"expenses":[{"currency":"FIAT","value":0}],"breakBuilding":4294967295,"time":0},"applicationBenefit":{"removeIncident":[],"addTalent":[],"fairyDust":0,"income":[],"repairBuilding":4294967295},"ignoranceCost":{"expenses":[],"breakBuilding":4294967295,"time":0}})
Linking the incident Incident(id=41, title='incident41Title', state=UNTOUCHED, instanceId=64487914-4c61-497d-b5a4-f46c99a374b8) to the building
Cmd: The player Player requests to update an incident.
Exit flow state to: FlowPhase(0x10, PLAYER_EVENTS)
Opening the panel
Starting panel animation
Server: Resetting the end-turn flow condition
The mayor will not receive any events this month and thus completes their turn.
Server: A player has completed their turn
Server: All players have completed their turn
Exit flow state to: FlowPhase(0x20, PLAYER_TRADE)
Closing the panel
Starting panel animation
Server: Resetting the end-turn flow condition
Opening the panel
Starting panel animation
Panel animation complete
Closing the panel is complete
Panel animation complete
Opening the panel is complete
Closing the panel
Starting panel animation
Panel animation complete
Closing the panel is complete
Opening the panel
Starting panel animation
Panel animation complete
Opening the panel is complete
Closing the panel
Starting panel animation
Panel animation complete
Closing the panel is complete
The entry for key 'incident35Description' in 'eng' is empty. Consider adding text.
Opening the panel
Starting panel animation
Panel animation complete
Opening the panel is complete
Applying the incident Incident(id=35, title='incident35Title', state=UNTOUCHED, instanceId=bb1becfb-96af-486b-8293-24c265d47e58) to player Player (Polymoney.Player)
Cmd: The player Player requests to apply the incident Incident(id=35, title='incident35Title', state=UNTOUCHED, instanceId=bb1becfb-96af-486b-8293-24c265d47e58).
Server: Repairing the building
Closing the panel
Starting panel animation
Opening the panel
Starting panel animation
Panel animation complete
Opening the panel is complete
Closing the panel
Starting panel animation
Panel animation complete
Closing the panel is complete
The entry for key 'incident40Description' in 'eng' is empty. Consider adding text.
Opening the panel
Starting panel animation
Panel animation complete
Opening the panel is complete
Applying the incident Incident(id=40, title='incident40Title', state=UNTOUCHED, instanceId=dc470485-28c7-4eef-989f-87b97c88eec3) to player Player (Polymoney.Player)
Cmd: The player Player requests to apply the incident Incident(id=40, title='incident40Title', state=UNTOUCHED, instanceId=dc470485-28c7-4eef-989f-87b97c88eec3).
Server: Repairing the building
Closing the panel
Starting panel animation
Panel animation complete
Closing the panel is complete
The entry for key 'incident41Description' in 'eng' is empty. Consider adding text.
Opening the panel
Starting panel animation
Panel animation complete
Opening the panel is complete
Applying the incident Incident(id=41, title='incident41Title', state=UNTOUCHED, instanceId=64487914-4c61-497d-b5a4-f46c99a374b8) to player Player (Polymoney.Player)
Cmd: The player Player requests to apply the incident Incident(id=41, title='incident41Title', state=UNTOUCHED, instanceId=64487914-4c61-497d-b5a4-f46c99a374b8).
Server: Repairing the building
Closing the panel
Starting panel animation
Panel animation complete
Closing the panel is complete
The entry for key 'incident33Description' in 'eng' is empty. Consider adding text.
Opening the panel
Starting panel animation
Panel animation complete
Opening the panel is complete
Applying the incident Incident(id=33, title='incident33Title', state=UNTOUCHED, instanceId=fc301ee2-8711-46f5-876f-61827aa481ca) to player Player (Polymoney.Player)
Cmd: The player Player requests to apply the incident Incident(id=33, title='incident33Title', state=UNTOUCHED, instanceId=fc301ee2-8711-46f5-876f-61827aa481ca).
Server: Repairing the building
Closing the panel
Starting panel animation
Panel animation complete
Closing the panel is complete
The entry for key 'incident36Description' in 'eng' is empty. Consider adding text.
Opening the panel
Starting panel animation
Panel animation complete
Opening the panel is complete
Applying the incident Incident(id=36, title='incident36Title', state=UNTOUCHED, instanceId=ed421552-85a9-4041-b205-d4a8a758ef88) to player Player (Polymoney.Player)
Cmd: The player Player requests to apply the incident Incident(id=36, title='incident36Title', state=UNTOUCHED, instanceId=ed421552-85a9-4041-b205-d4a8a758ef88).
Server: Repairing the building
Closing the panel
Starting panel animation
Panel animation complete
Closing the panel is complete
The entry for key 'incident37Description' in 'eng' is empty. Consider adding text.
Opening the panel
Starting panel animation
Panel animation complete
Opening the panel is complete
Applying the incident Incident(id=37, title='incident37Title', state=UNTOUCHED, instanceId=7a5c69e2-3bd4-4cde-9be0-5b7be288bf62) to player Player (Polymoney.Player)
Cmd: The player Player requests to apply the incident Incident(id=37, title='incident37Title', state=UNTOUCHED, instanceId=7a5c69e2-3bd4-4cde-9be0-5b7be288bf62).
Server: Repairing the building
Closing the panel
Starting panel animation
Panel animation complete
Closing the panel is complete
The entry for key 'incident34Description' in 'eng' is empty. Consider adding text.
Opening the panel
Starting panel animation
Panel animation complete
Opening the panel is complete
Applying the incident Incident(id=34, title='incident34Title', state=UNTOUCHED, instanceId=824d40c6-c3ef-4da9-922f-2dfac3a4237b) to player Player (Polymoney.Player)
Cmd: The player Player requests to apply the incident Incident(id=34, title='incident34Title', state=UNTOUCHED, instanceId=824d40c6-c3ef-4da9-922f-2dfac3a4237b).
Server: Repairing the building
Closing the panel
Starting panel animation
Panel animation complete
Closing the panel is complete
The entry for key 'incident38Description' in 'eng' is empty. Consider adding text.
Opening the panel
Starting panel animation
Panel animation complete
Opening the panel is complete
Applying the incident Incident(id=38, title='incident38Title', state=UNTOUCHED, instanceId=db9248d6-bfa3-4b4b-b752-6b77fe9a399b) to player Player (Polymoney.Player)
Cmd: The player Player requests to apply the incident Incident(id=38, title='incident38Title', state=UNTOUCHED, instanceId=db9248d6-bfa3-4b4b-b752-6b77fe9a399b).
Server: Repairing the building
Closing the panel
Starting panel animation
Panel animation complete
Closing the panel is complete
The entry for key 'incident39Description' in 'eng' is empty. Consider adding text.
Opening the panel
Starting panel animation
Panel animation complete
Opening the panel is complete
Applying the incident Incident(id=39, title='incident39Title', state=UNTOUCHED, instanceId=c197000f-a70f-4914-8066-5bbebdf1cbe9) to player Player (Polymoney.Player)
Cmd: The player Player requests to apply the incident Incident(id=39, title='incident39Title', state=UNTOUCHED, instanceId=c197000f-a70f-4914-8066-5bbebdf1cbe9).
Server: Repairing the building
Closing the panel
Starting panel animation
Opening the panel
Starting panel animation
Panel animation complete
Opening the panel is complete
Closing the panel
Starting panel animation
Panel animation complete
Closing the panel is complete
Opening the panel
Starting panel animation
Panel animation complete
Opening the panel is complete
Closing the panel
Starting panel animation
Panel animation complete
Closing the panel is complete
Opening the panel
Starting panel animation
Panel animation complete
Opening the panel is complete
Closing the panel
Starting panel animation
Panel animation complete
Closing the panel is complete
Opening the panel
Starting panel animation
Panel animation complete
Opening the panel is complete
Closing the panel
Starting panel animation
Panel animation complete
Closing the panel is complete
Opening the panel
Starting panel animation
Panel animation complete
Opening the panel is complete
Closing the panel
Starting panel animation
Panel animation complete
Closing the panel is complete
Server: A player has completed their turn
Server: All players have completed their turn
Exit flow state to: FlowPhase(0x40, END_MONTH)
Server: Applying each player's incidents, resetting their time, luminance and offers
update critical player mayorPerson0Name with fiat: 1000 and mayor: True and citystate: 1
Incrementing the month counter
Server: Resetting the end-turn flow condition
Exit flow state to: FlowPhase(0x20000, END_MONTH_DISPLAY)
Opening the panel
Starting panel animation
Server: Resetting the end-turn flow condition
[ENDMONTH] Enable Endturn
Panel animation complete
Opening the panel is complete
Server: A player has completed their turn
Server: All players have completed their turn
Exit flow state to: FlowPhase(0x200, FAIRYDUST_SHARING)
Closing the panel
Starting panel animation
Server: Resetting the end-turn flow condition
Exit flow state to: FlowPhase(0x8, BEGIN_MONTH)
Server: Adding recurrent incidents to each player
Server: Resetting the end-turn flow condition
Rpc: Adding an incident: Incident(id=33, title='incident33Title', state=UNTOUCHED, instanceId=7821d159-fb9b-4ede-b837-fe756b58808e) (json: {"instanceId":{"Value":"7821d159-fb9b-4ede-b837-fe756b58808e"},"id":33,"title":"incident33Title","description":"incident33Description","state":0,"ignorable":true,"immediate":false,"influenceable":true,"pickPoolSize":0,"month":0,"type":"RecurrentCity","tags":["A","Recurrent","City","Infrastructure"],"addSerializedOffer":"","applicationCost":{"expenses":[{"currency":"FIAT","value":0}],"breakBuilding":4294967295,"time":0},"applicationBenefit":{"removeIncident":[],"addTalent":[],"fairyDust":0,"income":[],"repairBuilding":4294967295},"ignoranceCost":{"expenses":[],"breakBuilding":4294967295,"time":0}})
Linking the incident Incident(id=33, title='incident33Title', state=UNTOUCHED, instanceId=7821d159-fb9b-4ede-b837-fe756b58808e) to the building
Cmd: The player Player requests to update an incident.
Rpc: Adding an incident: Incident(id=34, title='incident34Title', state=UNTOUCHED, instanceId=ffb4f5b0-fa9d-48d4-88fe-d943a91efa0e) (json: {"instanceId":{"Value":"ffb4f5b0-fa9d-48d4-88fe-d943a91efa0e"},"id":34,"title":"incident34Title","description":"incident34Description","state":0,"ignorable":true,"immediate":false,"influenceable":true,"pickPoolSize":0,"month":0,"type":"RecurrentCity","tags":["B","Recurrent","City","Infrastructure"],"addSerializedOffer":"","applicationCost":{"expenses":[{"currency":"FIAT","value":0}],"breakBuilding":4294967295,"time":0},"applicationBenefit":{"removeIncident":[],"addTalent":[],"fairyDust":0,"income":[],"repairBuilding":4294967295},"ignoranceCost":{"expenses":[],"breakBuilding":4294967295,"time":0}})
Linking the incident Incident(id=34, title='incident34Title', state=UNTOUCHED, instanceId=ffb4f5b0-fa9d-48d4-88fe-d943a91efa0e) to the building
Cmd: The player Player requests to update an incident.
Rpc: Adding an incident: Incident(id=35, title='incident35Title', state=UNTOUCHED, instanceId=a8e951e4-ceae-4294-9d25-11e8d096adb6) (json: {"instanceId":{"Value":"a8e951e4-ceae-4294-9d25-11e8d096adb6"},"id":35,"title":"incident35Title","description":"incident35Description","state":0,"ignorable":true,"immediate":false,"influenceable":true,"pickPoolSize":0,"month":0,"type":"RecurrentCity","tags":["C","Recurrent","City","Infrastructure"],"addSerializedOffer":"","applicationCost":{"expenses":[{"currency":"FIAT","value":0}],"breakBuilding":4294967295,"time":0},"applicationBenefit":{"removeIncident":[],"addTalent":[],"fairyDust":0,"income":[],"repairBuilding":4294967295},"ignoranceCost":{"expenses":[],"breakBuilding":4294967295,"time":0}})
Linking the incident Incident(id=35, title='incident35Title', state=UNTOUCHED, instanceId=a8e951e4-ceae-4294-9d25-11e8d096adb6) to the building
Cmd: The player Player requests to update an incident.
Rpc: Adding an incident: Incident(id=36, title='incident36Title', state=UNTOUCHED, instanceId=f9105e4a-8e17-49e2-a92f-5ce2ba4f3737) (json: {"instanceId":{"Value":"f9105e4a-8e17-49e2-a92f-5ce2ba4f3737"},"id":36,"title":"incident36Title","description":"incident36Description","state":0,"ignorable":true,"immediate":false,"influenceable":true,"pickPoolSize":0,"month":0,"type":"RecurrentCity","tags":["D","Recurrent","City","Infrastructure"],"addSerializedOffer":"","applicationCost":{"expenses":[{"currency":"FIAT","value":0}],"breakBuilding":4294967295,"time":0},"applicationBenefit":{"removeIncident":[],"addTalent":[],"fairyDust":0,"income":[],"repairBuilding":4294967295},"ignoranceCost":{"expenses":[],"breakBuilding":4294967295,"time":0}})
Linking the incident Incident(id=36, title='incident36Title', state=UNTOUCHED, instanceId=f9105e4a-8e17-49e2-a92f-5ce2ba4f3737) to the building
Cmd: The player Player requests to update an incident.
Rpc: Adding an incident: Incident(id=37, title='incident37Title', state=UNTOUCHED, instanceId=c68b6489-882c-415a-8542-de6185ff4ca8) (json: {"instanceId":{"Value":"c68b6489-882c-415a-8542-de6185ff4ca8"},"id":37,"title":"incident37Title","description":"incident37Description","state":0,"ignorable":true,"immediate":false,"influenceable":true,"pickPoolSize":0,"month":0,"type":"RecurrentCity","tags":["E","Recurrent","City","Infrastructure"],"addSerializedOffer":"","applicationCost":{"expenses":[{"currency":"FIAT","value":0}],"breakBuilding":4294967295,"time":0},"applicationBenefit":{"removeIncident":[],"addTalent":[],"fairyDust":0,"income":[],"repairBuilding":4294967295},"ignoranceCost":{"expenses":[],"breakBuilding":4294967295,"time":0}})
Linking the incident Incident(id=37, title='incident37Title', state=UNTOUCHED, instanceId=c68b6489-882c-415a-8542-de6185ff4ca8) to the building
Cmd: The player Player requests to update an incident.
Rpc: Adding an incident: Incident(id=38, title='incident38Title', state=UNTOUCHED, instanceId=7174c82d-79cd-48be-97f4-e807bd71f323) (json: {"instanceId":{"Value":"7174c82d-79cd-48be-97f4-e807bd71f323"},"id":38,"title":"incident38Title","description":"incident38Description","state":0,"ignorable":true,"immediate":false,"influenceable":true,"pickPoolSize":0,"month":0,"type":"RecurrentCity","tags":["F","Recurrent","City","Infrastructure"],"addSerializedOffer":"","applicationCost":{"expenses":[{"currency":"FIAT","value":0}],"breakBuilding":4294967295,"time":0},"applicationBenefit":{"removeIncident":[],"addTalent":[],"fairyDust":0,"income":[],"repairBuilding":4294967295},"ignoranceCost":{"expenses":[],"breakBuilding":4294967295,"time":0}})
Linking the incident Incident(id=38, title='incident38Title', state=UNTOUCHED, instanceId=7174c82d-79cd-48be-97f4-e807bd71f323) to the building
Cmd: The player Player requests to update an incident.
Rpc: Adding an incident: Incident(id=39, title='incident39Title', state=UNTOUCHED, instanceId=73ca8c0e-03cc-43c9-ac66-fcd2041ed573) (json: {"instanceId":{"Value":"73ca8c0e-03cc-43c9-ac66-fcd2041ed573"},"id":39,"title":"incident39Title","description":"incident39Description","state":0,"ignorable":true,"immediate":false,"influenceable":true,"pickPoolSize":0,"month":0,"type":"RecurrentCity","tags":["G","Recurrent","City","Infrastructure"],"addSerializedOffer":"","applicationCost":{"expenses":[{"currency":"FIAT","value":0}],"breakBuilding":4294967295,"time":0},"applicationBenefit":{"removeIncident":[],"addTalent":[],"fairyDust":0,"income":[],"repairBuilding":4294967295},"ignoranceCost":{"expenses":[],"breakBuilding":4294967295,"time":0}})
Linking the incident Incident(id=39, title='incident39Title', state=UNTOUCHED, instanceId=73ca8c0e-03cc-43c9-ac66-fcd2041ed573) to the building
Cmd: The player Player requests to update an incident.
Rpc: Adding an incident: Incident(id=40, title='incident40Title', state=UNTOUCHED, instanceId=b7978af2-b323-4ee2-b223-e34fd30de746) (json: {"instanceId":{"Value":"b7978af2-b323-4ee2-b223-e34fd30de746"},"id":40,"title":"incident40Title","description":"incident40Description","state":0,"ignorable":true,"immediate":false,"influenceable":true,"pickPoolSize":0,"month":0,"type":"RecurrentCity","tags":["H","Recurrent","City","Infrastructure"],"addSerializedOffer":"","applicationCost":{"expenses":[{"currency":"FIAT","value":0}],"breakBuilding":4294967295,"time":0},"applicationBenefit":{"removeIncident":[],"addTalent":[],"fairyDust":0,"income":[],"repairBuilding":4294967295},"ignoranceCost":{"expenses":[],"breakBuilding":4294967295,"time":0}})
Linking the incident Incident(id=40, title='incident40Title', state=UNTOUCHED, instanceId=b7978af2-b323-4ee2-b223-e34fd30de746) to the building
Cmd: The player Player requests to update an incident.
Rpc: Adding an incident: Incident(id=41, title='incident41Title', state=UNTOUCHED, instanceId=d15df652-4c12-43c8-bf11-5228843bc253) (json: {"instanceId":{"Value":"d15df652-4c12-43c8-bf11-5228843bc253"},"id":41,"title":"incident41Title","description":"incident41Description","state":0,"ignorable":true,"immediate":false,"influenceable":true,"pickPoolSize":0,"month":0,"type":"RecurrentCity","tags":["I","Recurrent","City","Infrastructure"],"addSerializedOffer":"","applicationCost":{"expenses":[{"currency":"FIAT","value":0}],"breakBuilding":4294967295,"time":0},"applicationBenefit":{"removeIncident":[],"addTalent":[],"fairyDust":0,"income":[],"repairBuilding":4294967295},"ignoranceCost":{"expenses":[],"breakBuilding":4294967295,"time":0}})
Linking the incident Incident(id=41, title='incident41Title', state=UNTOUCHED, instanceId=d15df652-4c12-43c8-bf11-5228843bc253) to the building
Cmd: The player Player requests to update an incident.
Exit flow state to: FlowPhase(0x10, PLAYER_EVENTS)
Opening the panel
Starting panel animation
Server: Resetting the end-turn flow condition
The mayor will not receive any events this month and thus completes their turn.
Server: A player has completed their turn
Server: All players have completed their turn
Exit flow state to: FlowPhase(0x20, PLAYER_TRADE)
Closing the panel
Starting panel animation
Server: Resetting the end-turn flow condition
Panel animation complete
Closing the panel is complete
Panel animation complete
Closing the panel is complete
The entry for key 'incident34Description' in 'eng' is empty. Consider adding text.
Opening the panel
Starting panel animation
Panel animation complete
Opening the panel is complete
Applying the incident Incident(id=34, title='incident34Title', state=UNTOUCHED, instanceId=ffb4f5b0-fa9d-48d4-88fe-d943a91efa0e) to player Player (Polymoney.Player)
Cmd: The player Player requests to apply the incident Incident(id=34, title='incident34Title', state=UNTOUCHED, instanceId=ffb4f5b0-fa9d-48d4-88fe-d943a91efa0e).
Server: Repairing the building
Closing the panel
Starting panel animation
Panel animation complete
Closing the panel is complete
The entry for key 'incident37Description' in 'eng' is empty. Consider adding text.
Opening the panel
Starting panel animation
Panel animation complete
Opening the panel is complete
Applying the incident Incident(id=37, title='incident37Title', state=UNTOUCHED, instanceId=c68b6489-882c-415a-8542-de6185ff4ca8) to player Player (Polymoney.Player)
Cmd: The player Player requests to apply the incident Incident(id=37, title='incident37Title', state=UNTOUCHED, instanceId=c68b6489-882c-415a-8542-de6185ff4ca8).
Server: Repairing the building
Closing the panel
Starting panel animation
Panel animation complete
Closing the panel is complete
The entry for key 'incident36Description' in 'eng' is empty. Consider adding text.
Opening the panel
Starting panel animation
Panel animation complete
Opening the panel is complete
Applying the incident Incident(id=36, title='incident36Title', state=UNTOUCHED, instanceId=f9105e4a-8e17-49e2-a92f-5ce2ba4f3737) to player Player (Polymoney.Player)
Cmd: The player Player requests to apply the incident Incident(id=36, title='incident36Title', state=UNTOUCHED, instanceId=f9105e4a-8e17-49e2-a92f-5ce2ba4f3737).
Server: Repairing the building
Closing the panel
Starting panel animation
Panel animation complete
Closing the panel is complete
Server: A player has completed their turn
Server: All players have completed their turn
Exit flow state to: FlowPhase(0x40, END_MONTH)
Server: Applying each player's incidents, resetting their time, luminance and offers
Server: Breaking the building
The luminance was changed to 0
Server: Breaking the building
The luminance was changed to 0
Server: Breaking the building
The luminance was changed to 0
Server: Breaking the building
The luminance was changed to 0
Server: Breaking the building
The luminance was changed to 0
Server: Breaking the building
The luminance was changed to 0
update critical player mayorPerson0Name with fiat: 1000 and mayor: True and citystate: 0.3333333
add player to critical
Incrementing the month counter
Server: Resetting the end-turn flow condition
Exit flow state to: FlowPhase(0x20000, END_MONTH_DISPLAY)
Opening the panel
Starting panel animation
Server: Resetting the end-turn flow condition
Panel animation complete
Opening the panel is complete
Closing the panel
Starting panel animation
[ENDMONTH] Enable Endturn
Opening the panel
Starting panel animation
Panel animation complete
Closing the panel is complete
Panel animation complete
Opening the panel is complete
Server: A player has completed their turn
Server: All players have completed their turn
Exit flow state to: FlowPhase(0x200, FAIRYDUST_SHARING)
Closing the panel
Starting panel animation
Server: Resetting the end-turn flow condition
Opening the panel
Starting panel animation
Closing the panel
Starting panel animation
Exit flow state to: FlowPhase(0x8, BEGIN_MONTH)
Server: Adding recurrent incidents to each player
Server: Resetting the end-turn flow condition
Rpc: Adding an incident: Incident(id=33, title='incident33Title', state=UNTOUCHED, instanceId=85629517-55f4-470a-a1cb-5552c89f492d) (json: {"instanceId":{"Value":"85629517-55f4-470a-a1cb-5552c89f492d"},"id":33,"title":"incident33Title","description":"incident33Description","state":0,"ignorable":true,"immediate":false,"influenceable":true,"pickPoolSize":0,"month":0,"type":"RecurrentCity","tags":["A","Recurrent","City","Infrastructure"],"addSerializedOffer":"","applicationCost":{"expenses":[{"currency":"FIAT","value":0}],"breakBuilding":4294967295,"time":0},"applicationBenefit":{"removeIncident":[],"addTalent":[],"fairyDust":0,"income":[],"repairBuilding":4294967295},"ignoranceCost":{"expenses":[],"breakBuilding":4294967295,"time":0}})
Linking the incident Incident(id=33, title='incident33Title', state=UNTOUCHED, instanceId=85629517-55f4-470a-a1cb-5552c89f492d) to the building
Cmd: The player Player requests to update an incident.
Rpc: Adding an incident: Incident(id=34, title='incident34Title', state=UNTOUCHED, instanceId=3a58ee60-ab0e-47b9-879b-faed5736a783) (json: {"instanceId":{"Value":"3a58ee60-ab0e-47b9-879b-faed5736a783"},"id":34,"title":"incident34Title","description":"incident34Description","state":0,"ignorable":true,"immediate":false,"influenceable":true,"pickPoolSize":0,"month":0,"type":"RecurrentCity","tags":["B","Recurrent","City","Infrastructure"],"addSerializedOffer":"","applicationCost":{"expenses":[{"currency":"FIAT","value":0}],"breakBuilding":4294967295,"time":0},"applicationBenefit":{"removeIncident":[],"addTalent":[],"fairyDust":0,"income":[],"repairBuilding":4294967295},"ignoranceCost":{"expenses":[],"breakBuilding":4294967295,"time":0}})
Linking the incident Incident(id=34, title='incident34Title', state=UNTOUCHED, instanceId=3a58ee60-ab0e-47b9-879b-faed5736a783) to the building
Cmd: The player Player requests to update an incident.
Rpc: Adding an incident: Incident(id=35, title='incident35Title', state=UNTOUCHED, instanceId=83ae3f09-c28e-4432-9e59-1e0384014a44) (json: {"instanceId":{"Value":"83ae3f09-c28e-4432-9e59-1e0384014a44"},"id":35,"title":"incident35Title","description":"incident35Description","state":0,"ignorable":true,"immediate":false,"influenceable":true,"pickPoolSize":0,"month":0,"type":"RecurrentCity","tags":["C","Recurrent","City","Infrastructure"],"addSerializedOffer":"","applicationCost":{"expenses":[{"currency":"FIAT","value":0}],"breakBuilding":4294967295,"time":0},"applicationBenefit":{"removeIncident":[],"addTalent":[],"fairyDust":0,"income":[],"repairBuilding":4294967295},"ignoranceCost":{"expenses":[],"breakBuilding":4294967295,"time":0}})
Linking the incident Incident(id=35, title='incident35Title', state=UNTOUCHED, instanceId=83ae3f09-c28e-4432-9e59-1e0384014a44) to the building
Cmd: The player Player requests to update an incident.
Rpc: Adding an incident: Incident(id=36, title='incident36Title', state=UNTOUCHED, instanceId=f48d994a-96ef-4cd5-b962-1ec2ef3ec281) (json: {"instanceId":{"Value":"f48d994a-96ef-4cd5-b962-1ec2ef3ec281"},"id":36,"title":"incident36Title","description":"incident36Description","state":0,"ignorable":true,"immediate":false,"influenceable":true,"pickPoolSize":0,"month":0,"type":"RecurrentCity","tags":["D","Recurrent","City","Infrastructure"],"addSerializedOffer":"","applicationCost":{"expenses":[{"currency":"FIAT","value":0}],"breakBuilding":4294967295,"time":0},"applicationBenefit":{"removeIncident":[],"addTalent":[],"fairyDust":0,"income":[],"repairBuilding":4294967295},"ignoranceCost":{"expenses":[],"breakBuilding":4294967295,"time":0}})
Linking the incident Incident(id=36, title='incident36Title', state=UNTOUCHED, instanceId=f48d994a-96ef-4cd5-b962-1ec2ef3ec281) to the building
Cmd: The player Player requests to update an incident.
Rpc: Adding an incident: Incident(id=37, title='incident37Title', state=UNTOUCHED, instanceId=2c80d6ac-2f15-4043-8b4a-0811612c5e90) (json: {"instanceId":{"Value":"2c80d6ac-2f15-4043-8b4a-0811612c5e90"},"id":37,"title":"incident37Title","description":"incident37Description","state":0,"ignorable":true,"immediate":false,"influenceable":true,"pickPoolSize":0,"month":0,"type":"RecurrentCity","tags":["E","Recurrent","City","Infrastructure"],"addSerializedOffer":"","applicationCost":{"expenses":[{"currency":"FIAT","value":0}],"breakBuilding":4294967295,"time":0},"applicationBenefit":{"removeIncident":[],"addTalent":[],"fairyDust":0,"income":[],"repairBuilding":4294967295},"ignoranceCost":{"expenses":[],"breakBuilding":4294967295,"time":0}})
Linking the incident Incident(id=37, title='incident37Title', state=UNTOUCHED, instanceId=2c80d6ac-2f15-4043-8b4a-0811612c5e90) to the building
Cmd: The player Player requests to update an incident.
Rpc: Adding an incident: Incident(id=38, title='incident38Title', state=UNTOUCHED, instanceId=6b7a7c26-e281-49c7-a1fb-bbd010de92ed) (json: {"instanceId":{"Value":"6b7a7c26-e281-49c7-a1fb-bbd010de92ed"},"id":38,"title":"incident38Title","description":"incident38Description","state":0,"ignorable":true,"immediate":false,"influenceable":true,"pickPoolSize":0,"month":0,"type":"RecurrentCity","tags":["F","Recurrent","City","Infrastructure"],"addSerializedOffer":"","applicationCost":{"expenses":[{"currency":"FIAT","value":0}],"breakBuilding":4294967295,"time":0},"applicationBenefit":{"removeIncident":[],"addTalent":[],"fairyDust":0,"income":[],"repairBuilding":4294967295},"ignoranceCost":{"expenses":[],"breakBuilding":4294967295,"time":0}})
Linking the incident Incident(id=38, title='incident38Title', state=UNTOUCHED, instanceId=6b7a7c26-e281-49c7-a1fb-bbd010de92ed) to the building
Cmd: The player Player requests to update an incident.
Rpc: Adding an incident: Incident(id=39, title='incident39Title', state=UNTOUCHED, instanceId=48ae870d-f417-4f05-840e-e5be093762cd) (json: {"instanceId":{"Value":"48ae870d-f417-4f05-840e-e5be093762cd"},"id":39,"title":"incident39Title","description":"incident39Description","state":0,"ignorable":true,"immediate":false,"influenceable":true,"pickPoolSize":0,"month":0,"type":"RecurrentCity","tags":["G","Recurrent","City","Infrastructure"],"addSerializedOffer":"","applicationCost":{"expenses":[{"currency":"FIAT","value":0}],"breakBuilding":4294967295,"time":0},"applicationBenefit":{"removeIncident":[],"addTalent":[],"fairyDust":0,"income":[],"repairBuilding":4294967295},"ignoranceCost":{"expenses":[],"breakBuilding":4294967295,"time":0}})
Linking the incident Incident(id=39, title='incident39Title', state=UNTOUCHED, instanceId=48ae870d-f417-4f05-840e-e5be093762cd) to the building
Cmd: The player Player requests to update an incident.
Rpc: Adding an incident: Incident(id=40, title='incident40Title', state=UNTOUCHED, instanceId=ae98c90c-6f0a-4f59-bc2a-b32bfb4e7fea) (json: {"instanceId":{"Value":"ae98c90c-6f0a-4f59-bc2a-b32bfb4e7fea"},"id":40,"title":"incident40Title","description":"incident40Description","state":0,"ignorable":true,"immediate":false,"influenceable":true,"pickPoolSize":0,"month":0,"type":"RecurrentCity","tags":["H","Recurrent","City","Infrastructure"],"addSerializedOffer":"","applicationCost":{"expenses":[{"currency":"FIAT","value":0}],"breakBuilding":4294967295,"time":0},"applicationBenefit":{"removeIncident":[],"addTalent":[],"fairyDust":0,"income":[],"repairBuilding":4294967295},"ignoranceCost":{"expenses":[],"breakBuilding":4294967295,"time":0}})
Linking the incident Incident(id=40, title='incident40Title', state=UNTOUCHED, instanceId=ae98c90c-6f0a-4f59-bc2a-b32bfb4e7fea) to the building
Cmd: The player Player requests to update an incident.
Rpc: Adding an incident: Incident(id=41, title='incident41Title', state=UNTOUCHED, instanceId=0036e323-fa01-4832-a426-9b5fde1791f6) (json: {"instanceId":{"Value":"0036e323-fa01-4832-a426-9b5fde1791f6"},"id":41,"title":"incident41Title","description":"incident41Description","state":0,"ignorable":true,"immediate":false,"influenceable":true,"pickPoolSize":0,"month":0,"type":"RecurrentCity","tags":["I","Recurrent","City","Infrastructure"],"addSerializedOffer":"","applicationCost":{"expenses":[{"currency":"FIAT","value":0}],"breakBuilding":4294967295,"time":0},"applicationBenefit":{"removeIncident":[],"addTalent":[],"fairyDust":0,"income":[],"repairBuilding":4294967295},"ignoranceCost":{"expenses":[],"breakBuilding":4294967295,"time":0}})
Linking the incident Incident(id=41, title='incident41Title', state=UNTOUCHED, instanceId=0036e323-fa01-4832-a426-9b5fde1791f6) to the building
Cmd: The player Player requests to update an incident.
Exit flow state to: FlowPhase(0x10, PLAYER_EVENTS)
Opening the panel
Starting panel animation
Server: Resetting the end-turn flow condition
The mayor will not receive any events this month and thus completes their turn.
Server: A player has completed their turn
Server: All players have completed their turn
Exit flow state to: FlowPhase(0x20, PLAYER_TRADE)
Closing the panel
Starting panel animation
Server: Resetting the end-turn flow condition
Panel animation complete
Opening the panel is complete
Panel animation complete
Closing the panel is complete
Panel animation complete
Closing the panel is complete
Panel animation complete
Closing the panel is complete
The entry for key 'incident39Description' in 'eng' is empty. Consider adding text.
Opening the panel
Starting panel animation
Panel animation complete
Opening the panel is complete
Applying the incident Incident(id=39, title='incident39Title', state=UNTOUCHED, instanceId=48ae870d-f417-4f05-840e-e5be093762cd) to player Player (Polymoney.Player)
Cmd: The player Player requests to apply the incident Incident(id=39, title='incident39Title', state=UNTOUCHED, instanceId=48ae870d-f417-4f05-840e-e5be093762cd).
The luminance was changed to 0.3
Server: Repairing the building
Closing the panel
Starting panel animation
Panel animation complete
Closing the panel is complete
The entry for key 'incident38Description' in 'eng' is empty. Consider adding text.
Opening the panel
Starting panel animation
Panel animation complete
Opening the panel is complete
Applying the incident Incident(id=38, title='incident38Title', state=UNTOUCHED, instanceId=6b7a7c26-e281-49c7-a1fb-bbd010de92ed) to player Player (Polymoney.Player)
Cmd: The player Player requests to apply the incident Incident(id=38, title='incident38Title', state=UNTOUCHED, instanceId=6b7a7c26-e281-49c7-a1fb-bbd010de92ed).
The luminance was changed to 0.3
Server: Repairing the building
Closing the panel
Starting panel animation
Panel animation complete
Closing the panel is complete
Cannot open the marketplace, because no seller is set
Cannot open the marketplace, because no seller is set
Server: A player has completed their turn
Server: All players have completed their turn
Exit flow state to: FlowPhase(0x40, END_MONTH)
Server: Applying each player's incidents, resetting their time, luminance and offers
Server: Decreasing state of broken building
Server: Breaking the building
The luminance was changed to 0
Server: Decreasing state of broken building
Server: Breaking the building
The luminance was changed to 0
Server: Breaking the building
The luminance was changed to 0
Server: Decreasing state of broken building
Server: Decreasing state of broken building
update critical player mayorPerson0Name with fiat: 1000 and mayor: True and citystate: 0.2222222
add player to gameover
Incrementing the month counter
Server: Resetting the end-turn flow condition
Exit flow state to: FlowPhase(0x20000, END_MONTH_DISPLAY)
Opening the panel
Starting panel animation
Server: Resetting the end-turn flow condition
Panel animation complete
Opening the panel is complete
Closing the panel
Starting panel animation
[ENDMONTH] Enable Endturn
Opening the panel
Starting panel animation
Player Player went gameover.
Cmd: The player Player requests game over.
Rpc: The player (netid: 2) is now gameover: True
Server: A player has completed their turn
Server: All players have completed their turn
Exit flow state to: FlowPhase(0x400, GAMEOVER)
Opening the panel
Starting panel animation
Closing the panel
Starting panel animation
Server: Resetting the end-turn flow condition
Opening the panel
Starting panel animation
Closing the panel
Starting panel animation
Panel animation complete
Opening the panel is complete
Panel animation complete
Closing the panel is complete
Panel animation complete
Opening the panel is complete
Panel animation complete
Closing the panel is complete
Server: A player has completed their turn
Server: All players have completed their turn
Exit flow state to: FlowPhase(0x4000, SUMMARY)
Closing the panel
Starting panel animation
Opening the panel
Starting panel animation
Server: Resetting the end-turn flow condition
Panel animation complete
Closing the panel is complete
Panel animation complete
Opening the panel is complete
Opening the panel
Starting panel animation
Panel animation complete
Opening the panel is complete
Cmd: The player requests to set enjoyment.
Rpc: The player enjoys the game this much: 1
Server: A player has completed their turn
Server: All players have completed their turn
Exit flow state to: FlowPhase(0x8000, QUITTING)
Has now state QUITTING
Server: Resetting the end-turn flow condition
End of flow reached at: 32768
OnApplicationFocus(False) started
OnApplicationFocus(False) called on a client
Received message from client: NSM(source=CLIENT, event=FOCUS, status=False) (from: hostId: -1 connectionId: 0 isReady: True channel count: 0)
All clients are available; the game may unpause.
Received message from server: NSM(source=SERVER, event=BLOCK_SCREEN, status=False)
The block-screen status for this client has changed to False
Game unpaused
OnApplicationQuit() called
OnApplicationQuit() called on a client
Received message from client: NSM(source=CLIENT, event=QUIT, status=True) (from: hostId: -1 connectionId: 0 isReady: True channel count: 0)
