Logfile created: 2019/10/25 05:09:55
Setting the device to never fall asleep.
Opening the panel
Starting panel animation
OnApplicationFocus(True) started
Reading XML file at 'C:/Users/cup2f/OneDrive/Documents/Polymoney/Assets/StreamingAssets\lang/eng.xml'
Panel animation complete
Opening the panel is complete
Closing the panel
Starting panel animation
Opening the panel
Starting panel animation
Panel animation complete
Closing the panel is complete
Panel animation complete
Opening the panel is complete
OnStartHost()
Server: Setting broadcast data to 'PolymoneyGame::0.0.0.0:20120'
NetworkDiscovery StartBroadcast failed err: 8
OnLobbyStartHost()
OnStartServer()
OnLobbyStartServer()
Server: A new client has connected.
OnStartClient(client=UnityEngine.Networking.LocalClient) for server at 
OnLobbyStartClient(client=UnityEngine.Networking.LocalClient)
OnClientConnect(conn=hostId: -1 connectionId: 0 isReady: False channel count: 0)
OnLobbyClientConnect(conn=hostId: -1 connectionId: 0 isReady: False channel count: 0) with address localServer)
Opening the panel
Starting panel animation
Closing the panel
Starting panel animation
Server: A player was added.
OnLobbyServerCreateLobbyPlayer(conn=hostId: -1 connectionId: 0 isReady: True channel count: 0, controllerId=0)
Panel animation complete
Opening the panel is complete
Panel animation complete
Closing the panel is complete
OnLobbyServerPlayersReady()
OnClientNotReady(conn=hostId: -1 connectionId: 0 isReady: True channel count: 0)
The initial state will be 'FlowPhase(0x1, INTRO_WORLD)'
OnLobbyServerCreateGamePlayer(conn=hostId: -1 connectionId: 0 isReady: False channel count: 0, controllerId=0)
Game unpaused
Player 'Player' (netid: 2) was registered
The authoritative player's name is 'Player'
NetworkDiscovery StopBroadcast not started
Closing the panel
Starting panel animation
Building 'Industrial' (netid: 3) was registered
The luminance was changed to 1
Building 'Lake' (netid: 4) was registered
The luminance was changed to 1
Building 'Building (7)' (netid: 5) was registered
The luminance was changed to 1
Building 'Tree' (netid: 6) was registered
The luminance was changed to 1
Building 'Administration' (netid: 8) was registered
The luminance was changed to 1
Building 'Garden' (netid: 9) was registered
The luminance was changed to 1
Building 'Building (9)' (netid: 10) was registered
The luminance was changed to 1
Building 'Villa' (netid: 11) was registered
The luminance was changed to 1
Building 'Park' (netid: 12) was registered
The luminance was changed to 1
Building 'School' (netid: 13) was registered
The luminance was changed to 1
Building 'Building (5)' (netid: 14) was registered
The luminance was changed to 1
Building 'Offices' (netid: 15) was registered
The luminance was changed to 1
Building 'Building (2)' (netid: 16) was registered
The luminance was changed to 1
Building 'City Hall' (netid: 17) was registered
The luminance was changed to 0.1
Building 'Building (3)' (netid: 18) was registered
The luminance was changed to 1
Building 'Building (4)' (netid: 19) was registered
The luminance was changed to 1
Server: Adding myself as exit condition to the state 'PLAYER_EVENTS'
Server: Adding myself as exit condition to the state 'INTRO_WORLD'
Server: Adding myself as exit condition to the state 'PLAYER_TRADE'
Server: Adding myself as exit condition to the state 'END_MONTH_DISPLAY'
Server: Adding myself as exit condition to the state 'Q_INTRODUCTION'
Server: Adding myself as exit condition to the state 'MOVEMENT_TUTO'
Server: Adding myself as exit condition to the state 'Q_MARKET'
Server: Adding myself as exit condition to the state 'PLAYER_INTRODUCTION'
Server: Adding myself as exit condition to the state 'END'
Server: Adding myself as exit condition to the state 'GAMEOVER'
Server: Adding myself as exit condition to the state 'SUMMARY'
Opening the panel
Starting panel animation
Loaded level data from leveldata.json
Rpc: Set Guid of Offer 'IndustrialBuildingDeed' to 'e1742ce9-1450-428d-9de8-ce773fe1cf6c'
Rpc: Set Guid of Offer 'VillaDeed' to '030dad9a-6835-4289-9c37-565b1d6cf0a6'
Rpc: Set Guid of Offer 'ParkDeed' to '6e97d1cb-7382-4805-8ee2-388960be28d2'
Rpc: Set Guid of Offer 'LakeDeed' to '41d33fd9-9973-4182-8a5c-0ce0d84d4cdb'
Rpc: Set Guid of Offer 'TreeDeed' to '5653120b-13ed-4715-add7-73f2a4dee1c3'
Rpc: Set Guid of Offer 'GardenDeed' to '9e5a6cfc-3c08-4f57-a82a-5d36739e2e68'
All player objects are initialized on this client and the level data is available
Cmd: A client has completed loading the player objects.
Rpc: All clients have completed loading their player objects.
Server: Running character generation
Closing the panel
Starting panel animation
Found NetworkIdentity NLobbyPlayer(Clone) - 1
Found NetworkIdentity Player - 2
Found NetworkIdentity Industrial - 3
Found NetworkIdentity Lake - 4
Found NetworkIdentity Building (7) - 5
Found NetworkIdentity Tree - 6
Found NetworkIdentity Summary - 7
Found NetworkIdentity Administration - 8
Found NetworkIdentity Garden - 9
Found NetworkIdentity Building (9) - 10
Found NetworkIdentity Villa - 11
Found NetworkIdentity Park - 12
Found NetworkIdentity School - 13
Found NetworkIdentity Building (5) - 14
Found NetworkIdentity Offices - 15
Found NetworkIdentity Building (2) - 16
Found NetworkIdentity City Hall - 17
Found NetworkIdentity Building (3) - 18
Found NetworkIdentity Building (4) - 19
Found NetworkIdentity NLevel - 20
Rpc: The player (netid: 2) is now called 'Player'.
Rpc: The player 'Player' (netid: 2) now has the person Person(i=3, t=person3Name).
Rpc: The player 'Player' (netid: 2) now has the home Home(i=6, t=home6Title, r=800).
Rpc: The player 'Player' (netid: 2) now has the job Job(i=3, t=job3Title, s=1100).
Rpc: Adding a talent: Talent(i=4, t=talent4Title, d=talent4Description, ty=talent4Type, tags=[Entertain]) (json: {"title":"talent4Title","description":"talent4Description","id":4,"type":"talent4Type","tags":["Entertain"]})
Rpc: Market 5d46b883-107a-497a-a240-ab535bb39dda has a new seller: Player.
Rpc: The player Player now owns the marketplace 5d46b883-107a-497a-a240-ab535bb39dda.
Loading the character model for player 'Player' (netid: 2, mayor: False).
started for player
Panel animation complete
Closing the panel is complete
Panel animation complete
Opening the panel is complete
Panel animation complete
Closing the panel is complete
Opening the panel
Starting panel animation
Panel animation complete
Opening the panel is complete
Closing the panel
Starting panel animation
Panel animation complete
Closing the panel is complete
Opening the panel
Starting panel animation
Panel animation complete
Opening the panel is complete
Closing the panel
Starting panel animation
Panel animation complete
Closing the panel is complete
Server: A player has completed their turn
Server: All players have completed their turn
Exit flow state to: FlowPhase(0x4, PLAYER_INTRODUCTION)
Server: Resetting the end-turn flow condition
Opening the panel
Starting panel animation
Panel animation complete
Opening the panel is complete
Closing the panel
Starting panel animation
Panel animation complete
Closing the panel is complete
Opening the panel
Starting panel animation
Panel animation complete
Opening the panel is complete
Closing the panel
Starting panel animation
Panel animation complete
Closing the panel is complete
Opening the panel
Starting panel animation
Server: A player has completed their turn
Server: All players have completed their turn
Exit flow state to: FlowPhase(0x2000, MOVEMENT_TUTO)
Server: Resetting the end-turn flow condition
Closing the panel
Starting panel animation
movement start
Opening the panel
Starting panel animation
Panel animation complete
Closing the panel is complete
Panel animation complete
Opening the panel is complete
Closing the panel
Starting panel animation
Panel animation complete
Closing the panel is complete
check movement
Opening the panel
Starting panel animation
Panel animation complete
Opening the panel is complete
Closing the panel
Starting panel animation
Panel animation complete
Closing the panel is complete
Server: A player has completed their turn
Server: All players have completed their turn
Exit flow state to: FlowPhase(0x8, BEGIN_MONTH)
Server: Adding recurrent incidents to each player
Added value due to flat tax: 110 at a 10
The new tax value is : 210
Server: Resetting the end-turn flow condition
movement end
good incidents start
Rpc: Adding an incident: Incident(id=3, title='incident3Title', state=UNTOUCHED, instanceId=e74fa904-6c99-48ca-976d-01ca66a21fb8) (json: {"instanceId":{"Value":"e74fa904-6c99-48ca-976d-01ca66a21fb8"},"id":3,"title":"incident3Title","description":"incident3Description","state":0,"ignorable":false,"immediate":false,"influenceable":true,"pickPoolSize":0,"month":0,"type":"Recurrent","tags":["Taxes"],"addSerializedOffer":"{\"_guid\":{\"Value\":\"34ed38a5-9a2e-4cf0-84e5-08422521422f\"},\"_persistent\":false,\"_essential\":false,\"_visibleToMayor\":true,\"_tags\":[\"Taxes\"],\"_creationCost\":{\"expenses\":[],\"breakBuilding\":4294967295,\"time\":0},\"_creationBenefit\":{\"removeIncident\":[],\"addTalent\":[],\"fairyDust\":0,\"income\":[],\"repairBuilding\":4294967295},\"_sellingCost\":{\"expenses\":[],\"breakBuilding\":4294967295,\"time\":0},\"_buyingCost\":{\"expenses\":[],\"breakBuilding\":4294967295,\"time\":0},\"_buyingBenefit\":{\"removeIncident\":[],\"addTalent\":[],\"fairyDust\":0,\"income\":[{\"currency\":\"FIAT\",\"value\":210}],\"repairBuilding\":4294967295},\"_sellingBenefit\":{\"removeIncident\":[],\"addTalent\":[],\"fairyDust\":0,\"income\":[],\"repairBuilding\":4294967295},\"_itemTitle\":\"Taxes\",\"_itemDescription\":\"You can collect taxes from this player.\"}","applicationCost":{"expenses":[{"currency":"FIAT","value":210}],"breakBuilding":4294967295,"time":0},"applicationBenefit":{"removeIncident":[],"addTalent":[],"fairyDust":0,"income":[],"repairBuilding":4294967295},"ignoranceCost":{"expenses":[],"breakBuilding":4294967295,"time":0}})
Rpc: Adding an incident: Incident(id=4, title='incident4Title', state=UNTOUCHED, instanceId=b20c99dc-9531-4d10-8e92-2eb7f5ede58e) (json: {"instanceId":{"Value":"b20c99dc-9531-4d10-8e92-2eb7f5ede58e"},"id":4,"title":"incident4Title","description":"incident4Description","state":0,"ignorable":false,"immediate":false,"influenceable":true,"pickPoolSize":0,"month":0,"type":"Recurrent","tags":["Food"],"addSerializedOffer":"","applicationCost":{"expenses":[{"currency":"FIAT","value":200}],"breakBuilding":4294967295,"time":0},"applicationBenefit":{"removeIncident":[],"addTalent":[],"fairyDust":0,"income":[],"repairBuilding":4294967295},"ignoranceCost":{"expenses":[],"breakBuilding":4294967295,"time":0}})
Rpc: Adding an incident: Incident(id=5, title='incident5Title', state=UNTOUCHED, instanceId=ced717a2-592d-4b84-bf05-be3dcc31b164) (json: {"instanceId":{"Value":"ced717a2-592d-4b84-bf05-be3dcc31b164"},"id":5,"title":"incident5Title","description":"incident5Description","state":0,"ignorable":false,"immediate":false,"influenceable":false,"pickPoolSize":0,"month":0,"type":"Recurrent","tags":["Salary"],"addSerializedOffer":"","applicationCost":{"expenses":[],"breakBuilding":4294967295,"time":0},"applicationBenefit":{"removeIncident":[],"addTalent":[],"fairyDust":0,"income":[{"currency":"FIAT","value":1100}],"repairBuilding":4294967295},"ignoranceCost":{"expenses":[],"breakBuilding":4294967295,"time":0}})
Rpc: Adding an incident: Incident(id=6, title='incident6Title', state=UNTOUCHED, instanceId=97a8129d-b22d-4d42-a053-5693ca881f8c) (json: {"instanceId":{"Value":"97a8129d-b22d-4d42-a053-5693ca881f8c"},"id":6,"title":"incident6Title","description":"incident6Description","state":0,"ignorable":false,"immediate":false,"influenceable":false,"pickPoolSize":0,"month":0,"type":"Recurrent","tags":["Rent"],"addSerializedOffer":"","applicationCost":{"expenses":[{"currency":"FIAT","value":800}],"breakBuilding":4294967295,"time":0},"applicationBenefit":{"removeIncident":[],"addTalent":[],"fairyDust":0,"income":[],"repairBuilding":4294967295},"ignoranceCost":{"expenses":[],"breakBuilding":4294967295,"time":0}})
Exit flow state to: FlowPhase(0x10, PLAYER_EVENTS)
Opening the panel
Starting panel animation
Server: Resetting the end-turn flow condition
Panel animation complete
Opening the panel is complete
Cmd: The player Player requests to add an incident.
Opening the panel
Starting panel animation
Rpc: Adding an incident: Incident(id=1, title='incident1Title', state=UNTOUCHED, instanceId=9a1ff13e-e037-41ef-a9a1-30c924bd6225) (json: {"instanceId":{"Value":"9a1ff13e-e037-41ef-a9a1-30c924bd6225"},"id":1,"title":"incident1Title","description":"incident1Description","state":0,"ignorable":false,"immediate":false,"influenceable":false,"pickPoolSize":1,"month":0,"type":"Luck","tags":["Gift"],"addSerializedOffer":"","applicationCost":{"expenses":[],"breakBuilding":4294967295,"time":0},"applicationBenefit":{"removeIncident":[],"addTalent":[],"fairyDust":0,"income":[{"currency":"FIAT","value":250}],"repairBuilding":4294967295},"ignoranceCost":{"expenses":[],"breakBuilding":4294967295,"time":0}})
Panel animation complete
Opening the panel is complete
Closing the panel
Starting panel animation
Panel animation complete
Closing the panel is complete
Cmd: The player Player requests to add an incident.
Opening the panel
Starting panel animation
Rpc: Adding an incident: Incident(id=10, title='incident10Title', state=UNTOUCHED, instanceId=a1c72a2d-2b17-4283-9dbe-aea7e96d9add) (json: {"instanceId":{"Value":"a1c72a2d-2b17-4283-9dbe-aea7e96d9add"},"id":10,"title":"incident10Title","description":"incident10Description","state":0,"ignorable":false,"immediate":false,"influenceable":false,"pickPoolSize":1,"month":0,"type":"Luck","tags":["Bonus","Food"],"addSerializedOffer":"","applicationCost":{"expenses":[],"breakBuilding":4294967295,"time":0},"applicationBenefit":{"removeIncident":["Food"],"addTalent":[],"fairyDust":0,"income":[],"repairBuilding":4294967295},"ignoranceCost":{"expenses":[],"breakBuilding":4294967295,"time":0}})
Panel animation complete
Opening the panel is complete
Closing the panel
Starting panel animation
The player has seen all wheel incidents and thus completes their turn.
Server: A player has completed their turn
Server: All players have completed their turn
Exit flow state to: FlowPhase(0x20, PLAYER_TRADE)
Closing the panel
Starting panel animation
Server: Resetting the end-turn flow condition
Opening the panel
Starting panel animation
Panel animation complete
Opening the panel is complete
Panel animation complete
Closing the panel is complete
Closing the panel
Starting panel animation
Panel animation complete
Closing the panel is complete
good incidents end
endturn start
Opening the panel
Starting panel animation
Panel animation complete
Opening the panel is complete
Closing the panel
Starting panel animation
Panel animation complete
Closing the panel is complete
Opening the panel
Starting panel animation
Panel animation complete
Opening the panel is complete
Closing the panel
Starting panel animation
Panel animation complete
Closing the panel is complete
Opening the panel
Starting panel animation
Panel animation complete
Opening the panel is complete
Applying the incident Incident(id=1, title='incident1Title', state=UNTOUCHED, instanceId=9a1ff13e-e037-41ef-a9a1-30c924bd6225) to player Player (Polymoney.Player)
Cmd: The player Player requests to apply the incident Incident(id=1, title='incident1Title', state=UNTOUCHED, instanceId=9a1ff13e-e037-41ef-a9a1-30c924bd6225).
Closing the panel
Starting panel animation
Panel animation complete
Closing the panel is complete
The entry for key 'incident6Description' in 'eng' is empty. Consider adding text.
Opening the panel
Starting panel animation
Panel animation complete
Opening the panel is complete
Applying the incident Incident(id=6, title='incident6Title', state=UNTOUCHED, instanceId=97a8129d-b22d-4d42-a053-5693ca881f8c) to player Player (Polymoney.Player)
Cmd: The player Player requests to apply the incident Incident(id=6, title='incident6Title', state=UNTOUCHED, instanceId=97a8129d-b22d-4d42-a053-5693ca881f8c).
Closing the panel
Starting panel animation
Panel animation complete
Closing the panel is complete
The entry for key 'incident4Description' in 'eng' is empty. Consider adding text.
Opening the panel
Starting panel animation
Panel animation complete
Opening the panel is complete
Applying the incident Incident(id=4, title='incident4Title', state=UNTOUCHED, instanceId=b20c99dc-9531-4d10-8e92-2eb7f5ede58e) to player Player (Polymoney.Player)
Cmd: The player Player requests to apply the incident Incident(id=4, title='incident4Title', state=UNTOUCHED, instanceId=b20c99dc-9531-4d10-8e92-2eb7f5ede58e).
Closing the panel
Starting panel animation
Panel animation complete
Closing the panel is complete
The entry for key 'incident5Description' in 'eng' is empty. Consider adding text.
Opening the panel
Starting panel animation
Panel animation complete
Opening the panel is complete
Applying the incident Incident(id=5, title='incident5Title', state=UNTOUCHED, instanceId=ced717a2-592d-4b84-bf05-be3dcc31b164) to player Player (Polymoney.Player)
Cmd: The player Player requests to apply the incident Incident(id=5, title='incident5Title', state=UNTOUCHED, instanceId=ced717a2-592d-4b84-bf05-be3dcc31b164).
Closing the panel
Starting panel animation
Panel animation complete
Closing the panel is complete
Opening the panel
Starting panel animation
Panel animation complete
Opening the panel is complete
Applying the incident Incident(id=10, title='incident10Title', state=UNTOUCHED, instanceId=a1c72a2d-2b17-4283-9dbe-aea7e96d9add) to player Player (Polymoney.Player)
Cmd: The player Player requests to apply the incident Incident(id=10, title='incident10Title', state=UNTOUCHED, instanceId=a1c72a2d-2b17-4283-9dbe-aea7e96d9add).
Closing the panel
Starting panel animation
Panel animation complete
Closing the panel is complete
Opening the panel
Starting panel animation
Panel animation complete
Opening the panel is complete
Closing the panel
Starting panel animation
Panel animation complete
Closing the panel is complete
Opening the panel
Starting panel animation
Panel animation complete
Opening the panel is complete
Closing the panel
Starting panel animation
Panel animation complete
Closing the panel is complete
OnApplicationFocus(False) started
OnApplicationFocus(False) called on a client
Received message from client: NSM(source=CLIENT, event=FOCUS, status=False) (from: hostId: -1 connectionId: 0 isReady: True channel count: 0)
All clients are available; the game may unpause.
Received message from server: NSM(source=SERVER, event=BLOCK_SCREEN, status=False)
The block-screen status for this client has changed to False
Game unpaused
OnApplicationQuit() called
OnApplicationQuit() called on a client
Received message from client: NSM(source=CLIENT, event=QUIT, status=True) (from: hostId: -1 connectionId: 0 isReady: True channel count: 0)
