Logfile created: 2020/01/17 15:41:30
Setting the device to never fall asleep.
Opening the panel
Starting panel animation
Reading XML file at 'C:/Users/cup2f/Documents/Polymoney/Assets/StreamingAssets\lang/eng.xml'
Reading XML file at 'C:/Users/cup2f/Documents/Polymoney/Assets/StreamingAssets\lang/deu.xml'
Panel animation complete
Opening the panel is complete
Closing the panel
Starting panel animation
Opening the panel
Starting panel animation
Panel animation complete
Closing the panel is complete
Panel animation complete
Opening the panel is complete
OnStartHost()
Server: Setting broadcast data to 'PolymoneyGame::192.168.1.155:20120'
OnLobbyStartHost()
OnStartServer()
OnLobbyStartServer()
Server: A new client has connected.
OnStartClient(client=UnityEngine.Networking.LocalClient) for server at 
OnLobbyStartClient(client=UnityEngine.Networking.LocalClient)
OnClientConnect(conn=hostId: -1 connectionId: 0 isReady: False channel count: 0)
OnLobbyClientConnect(conn=hostId: -1 connectionId: 0 isReady: False channel count: 0) with address localServer)
Opening the panel
Starting panel animation
Closing the panel
Starting panel animation
Server: A player was added.
OnLobbyServerCreateLobbyPlayer(conn=hostId: -1 connectionId: 0 isReady: True channel count: 0, controllerId=0)
Panel animation complete
Opening the panel is complete
Panel animation complete
Closing the panel is complete
OnLobbyServerPlayersReady()
OnClientNotReady(conn=hostId: -1 connectionId: 0 isReady: True channel count: 0)
The initial state will be 'FlowPhase(0x1, INTRO_WORLD)'
OnLobbyServerCreateGamePlayer(conn=hostId: -1 connectionId: 0 isReady: False channel count: 0, controllerId=0)
Game unpaused
Player 'Player' (netid: 2) was registered
The authoritative player's name is 'Player'
Closing the panel
Starting panel animation
Building 'Industrial' (netid: 3) was registered
The luminance was changed to 1
Building 'Lake' (netid: 4) was registered
The luminance was changed to 1
Building 'Building (7)' (netid: 5) was registered
The luminance was changed to 1
Building 'Tree' (netid: 6) was registered
The luminance was changed to 1
Opening the panel
Starting panel animation
Building 'Administration' (netid: 8) was registered
The luminance was changed to 1
Building 'Garden' (netid: 9) was registered
The luminance was changed to 1
Building 'Building (9)' (netid: 10) was registered
The luminance was changed to 1
Building 'Villa' (netid: 11) was registered
The luminance was changed to 1
Building 'Park' (netid: 12) was registered
The luminance was changed to 1
Building 'School' (netid: 14) was registered
The luminance was changed to 1
Building 'Building (5)' (netid: 15) was registered
The luminance was changed to 1
Building 'Offices' (netid: 16) was registered
The luminance was changed to 1
Building 'Building (2)' (netid: 17) was registered
The luminance was changed to 1
Building 'City Hall' (netid: 18) was registered
The luminance was changed to 0.1
Building 'Building (3)' (netid: 19) was registered
The luminance was changed to 1
Building 'Building (4)' (netid: 20) was registered
The luminance was changed to 1
Server: Adding myself as exit condition to the state 'PLAYER_EVENTS'
Server: Adding myself as exit condition to the state 'INTRO_WORLD'
Server: Adding myself as exit condition to the state 'PLAYER_TRADE'
Server: Adding myself as exit condition to the state 'END_MONTH_DISPLAY'
Server: Adding myself as exit condition to the state 'Q_INTRODUCTION'
Server: Adding myself as exit condition to the state 'MOVEMENT_TUTO'
Server: Adding myself as exit condition to the state 'Q_MARKET'
Server: Adding myself as exit condition to the state 'PLAYER_INTRODUCTION'
Server: Adding myself as exit condition to the state 'END'
Server: Adding myself as exit condition to the state 'GAMEOVER'
Server: Adding myself as exit condition to the state 'SUMMARY'
Comparing new value: 100 with the current value 0
Opening the panel
Starting panel animation
Loaded level data from leveldata.json
Rpc: Set Guid of Offer 'IndustrialBuildingDeed' to '9f06f7e8-f503-4f47-bb8f-3ed9e49d9a40'
Rpc: Set Guid of Offer 'VillaDeed' to '533ab688-4a2a-433f-8ab5-697bda4e0c14'
Rpc: Set Guid of Offer 'ParkDeed' to 'd7e2b353-6836-4ec8-95a2-243fa47b06b6'
Rpc: Set Guid of Offer 'LakeDeed' to 'dafb992f-425f-4db2-be0a-117d805a35c7'
Rpc: Set Guid of Offer 'TreeDeed' to '11bde945-0c9c-4a60-9e6d-349a24a2be33'
Rpc: Set Guid of Offer 'GardenDeed' to '5703c493-b038-4c26-8c17-618036e1a320'
All player objects are initialized on this client and the level data is available
Cmd: A client has completed loading the player objects.
Rpc: All clients have completed loading their player objects.
Server: Running character generation
Closing the panel
Starting panel animation
Found NetworkIdentity NLobbyPlayer(Clone) - 1
Found NetworkIdentity Player - 2
Found NetworkIdentity Industrial - 3
Found NetworkIdentity Lake - 4
Found NetworkIdentity Building (7) - 5
Found NetworkIdentity Tree - 6
Found NetworkIdentity Summary - 7
Found NetworkIdentity Administration - 8
Found NetworkIdentity Garden - 9
Found NetworkIdentity Building (9) - 10
Found NetworkIdentity Villa - 11
Found NetworkIdentity Park - 12
Found NetworkIdentity NewGameOver_Citizen - 13
Found NetworkIdentity School - 14
Found NetworkIdentity Building (5) - 15
Found NetworkIdentity Offices - 16
Found NetworkIdentity Building (2) - 17
Found NetworkIdentity City Hall - 18
Found NetworkIdentity Building (3) - 19
Found NetworkIdentity Building (4) - 20
Found NetworkIdentity NLevel - 21
Rpc: The player (netid: 2) is now called 'Player'.
Comparing new value: 100 with the current value 100
Comparing new value: 100 with the current value 100
Rpc: The player 'Player' (netid: 2) now has the person Person(i=5, t=person5Name).
Comparing new value: 100 with the current value 100
Rpc: The player 'Player' (netid: 2) now has the home Home(i=3, t=home3Title, r=600).
Comparing new value: 100 with the current value 100
Rpc: The player 'Player' (netid: 2) now has the job Job(i=5, t=job5Title, s=600).
Comparing new value: 100 with the current value 100
Rpc: Adding a talent: Talent(i=5, t=talent5Title, d=talent5Description, ty=talent5Type, tags=[Food]) (json: {"title":"talent5Title","description":"talent5Description","id":5,"type":"talent5Type","tags":["Food"]})
Comparing new value: 100 with the current value 100
Rpc: Market ab3f10d0-975b-4c4f-af24-b0c7c17a48fa has a new seller: Player.
Rpc: The player Player now owns the marketplace ab3f10d0-975b-4c4f-af24-b0c7c17a48fa.
Loading the character model for player 'Player' (netid: 2, mayor: False).
started for player
Panel animation complete
Closing the panel is complete
Panel animation complete
Opening the panel is complete
Panel animation complete
Opening the panel is complete
Panel animation complete
Closing the panel is complete
OnApplicationFocus(False) started
OnApplicationFocus(False) called on a client
Received message from client: NSM(source=CLIENT, event=FOCUS, status=False) (from: hostId: -1 connectionId: 0 isReady: True channel count: 0)
All clients are available; the game may unpause.
Received message from server: NSM(source=SERVER, event=BLOCK_SCREEN, status=False)
The block-screen status for this client has changed to False
Game unpaused
OnApplicationFocus(True) started
OnApplicationFocus(True) called on a client
Received message from client: NSM(source=CLIENT, event=FOCUS, status=True) (from: hostId: -1 connectionId: 0 isReady: True channel count: 0)
Closing the panel
Starting panel animation
Panel animation complete
Closing the panel is complete
Opening the panel
Starting panel animation
Panel animation complete
Opening the panel is complete
Closing the panel
Starting panel animation
Panel animation complete
Closing the panel is complete
Server: A player has completed their turn
Server: All players have completed their turn
Exit flow state to: FlowPhase(0x4, PLAYER_INTRODUCTION)
Server: Resetting the end-turn flow condition
Opening the panel
Starting panel animation
Panel animation complete
Opening the panel is complete
Closing the panel
Starting panel animation
Panel animation complete
Closing the panel is complete
Opening the panel
Starting panel animation
Panel animation complete
Opening the panel is complete
Closing the panel
Starting panel animation
Panel animation complete
Closing the panel is complete
Opening the panel
Starting panel animation
Server: A player has completed their turn
Server: All players have completed their turn
Exit flow state to: FlowPhase(0x2000, MOVEMENT_TUTO)
Server: Resetting the end-turn flow condition
Closing the panel
Starting panel animation
movement start
Opening the panel
Starting panel animation
Panel animation complete
Closing the panel is complete
Panel animation complete
Opening the panel is complete
Closing the panel
Starting panel animation
Panel animation complete
Closing the panel is complete
check movement
Opening the panel
Starting panel animation
Panel animation complete
Opening the panel is complete
Closing the panel
Starting panel animation
Panel animation complete
Closing the panel is complete
Opening the panel
Starting panel animation
Panel animation complete
Opening the panel is complete
Closing the panel
Starting panel animation
Panel animation complete
Closing the panel is complete
Server: A player has completed their turn
Server: All players have completed their turn
Exit flow state to: FlowPhase(0x8, BEGIN_MONTH)
Server: Adding recurrent incidents to each player
Added value due to flat tax: 60 at a 10
The new tax value is : 160
Server: Resetting the end-turn flow condition
movement end
good incidents start
Rpc: Adding an incident: Incident(id=3, title='incident3Title', state=UNTOUCHED, instanceId=0dfd12e9-78fe-4ba7-97e4-21a0982c60d0) (json: {"instanceId":{"Value":"0dfd12e9-78fe-4ba7-97e4-21a0982c60d0"},"id":3,"title":"incident3Title","description":"incident3Description","state":0,"ignorable":false,"immediate":false,"influenceable":true,"pickPoolSize":0,"month":0,"type":"Recurrent","tags":["Taxes"],"addSerializedOffer":"{\"_guid\":{\"Value\":\"af7feb4e-56a0-4289-a035-1f40e2e7f625\"},\"_persistent\":false,\"_essential\":false,\"_visibleToMayor\":true,\"_tags\":[\"Taxes\"],\"_creationCost\":{\"expenses\":[],\"breakBuilding\":4294967295,\"time\":0},\"_creationBenefit\":{\"removeIncident\":[],\"addTalent\":[],\"fairyDust\":0,\"income\":[],\"repairBuilding\":4294967295},\"_sellingCost\":{\"expenses\":[],\"breakBuilding\":4294967295,\"time\":0},\"_buyingCost\":{\"expenses\":[],\"breakBuilding\":4294967295,\"time\":0},\"_buyingBenefit\":{\"removeIncident\":[],\"addTalent\":[],\"fairyDust\":0,\"income\":[{\"currency\":\"FIAT\",\"value\":160}],\"repairBuilding\":4294967295},\"_sellingBenefit\":{\"removeIncident\":[],\"addTalent\":[],\"fairyDust\":0,\"income\":[],\"repairBuilding\":4294967295},\"_itemTitle\":\"Taxes\",\"_itemDescription\":\"You can collect taxes from this player.\"}","applicationCost":{"expenses":[{"currency":"FIAT","value":160}],"breakBuilding":4294967295,"time":0},"applicationBenefit":{"removeIncident":[],"addTalent":[],"fairyDust":0,"income":[],"repairBuilding":4294967295},"ignoranceCost":{"expenses":[],"breakBuilding":4294967295,"time":0}})
Comparing new value: 100 with the current value 100
Rpc: Adding an incident: Incident(id=4, title='incident4Title', state=UNTOUCHED, instanceId=e312b918-c8cc-4370-9380-4099704e12ff) (json: {"instanceId":{"Value":"e312b918-c8cc-4370-9380-4099704e12ff"},"id":4,"title":"incident4Title","description":"incident4Description","state":0,"ignorable":false,"immediate":false,"influenceable":true,"pickPoolSize":0,"month":0,"type":"Recurrent","tags":["Food"],"addSerializedOffer":"","applicationCost":{"expenses":[{"currency":"FIAT","value":200}],"breakBuilding":4294967295,"time":0},"applicationBenefit":{"removeIncident":[],"addTalent":[],"fairyDust":0,"income":[],"repairBuilding":4294967295},"ignoranceCost":{"expenses":[],"breakBuilding":4294967295,"time":0}})
Comparing new value: 100 with the current value 100
Rpc: Adding an incident: Incident(id=5, title='incident5Title', state=UNTOUCHED, instanceId=e3019165-de91-43c3-a4d7-2af9d14452d1) (json: {"instanceId":{"Value":"e3019165-de91-43c3-a4d7-2af9d14452d1"},"id":5,"title":"incident5Title","description":"incident5Description","state":0,"ignorable":false,"immediate":false,"influenceable":false,"pickPoolSize":0,"month":0,"type":"Recurrent","tags":["Salary"],"addSerializedOffer":"","applicationCost":{"expenses":[],"breakBuilding":4294967295,"time":0},"applicationBenefit":{"removeIncident":[],"addTalent":[],"fairyDust":0,"income":[{"currency":"FIAT","value":600}],"repairBuilding":4294967295},"ignoranceCost":{"expenses":[],"breakBuilding":4294967295,"time":0}})
Comparing new value: 100 with the current value 100
Rpc: Adding an incident: Incident(id=6, title='incident6Title', state=UNTOUCHED, instanceId=c2166876-4c0c-4242-a995-cae8af2b0e7b) (json: {"instanceId":{"Value":"c2166876-4c0c-4242-a995-cae8af2b0e7b"},"id":6,"title":"incident6Title","description":"incident6Description","state":0,"ignorable":false,"immediate":false,"influenceable":false,"pickPoolSize":0,"month":0,"type":"Recurrent","tags":["Rent"],"addSerializedOffer":"","applicationCost":{"expenses":[{"currency":"FIAT","value":600}],"breakBuilding":4294967295,"time":0},"applicationBenefit":{"removeIncident":[],"addTalent":[],"fairyDust":0,"income":[],"repairBuilding":4294967295},"ignoranceCost":{"expenses":[],"breakBuilding":4294967295,"time":0}})
Comparing new value: 100 with the current value 100
Exit flow state to: FlowPhase(0x10, PLAYER_EVENTS)
Opening the panel
Starting panel animation
Server: Resetting the end-turn flow condition
Panel animation complete
Opening the panel is complete
Cmd: The player Player requests to add an incident.
Opening the panel
Starting panel animation
Rpc: Adding an incident: Incident(id=7, title='incident7Title', state=UNTOUCHED, instanceId=f6a9d6f2-1dca-4e1e-bf16-76b39f1e0584) (json: {"instanceId":{"Value":"f6a9d6f2-1dca-4e1e-bf16-76b39f1e0584"},"id":7,"title":"incident7Title","description":"incident7Description","state":0,"ignorable":false,"immediate":false,"influenceable":false,"pickPoolSize":1,"month":0,"type":"Luck","tags":["Gift"],"addSerializedOffer":"","applicationCost":{"expenses":[],"breakBuilding":4294967295,"time":0},"applicationBenefit":{"removeIncident":[],"addTalent":[],"fairyDust":0,"income":[{"currency":"FIAT","value":100}],"repairBuilding":4294967295},"ignoranceCost":{"expenses":[],"breakBuilding":4294967295,"time":0}})
Comparing new value: 100 with the current value 100
Panel animation complete
Opening the panel is complete
Closing the panel
Starting panel animation
Panel animation complete
Closing the panel is complete
Cmd: The player Player requests to add an incident.
Opening the panel
Starting panel animation
Rpc: Adding an incident: Incident(id=1, title='incident1Title', state=UNTOUCHED, instanceId=c36a3685-d528-4670-bea5-56dcc5f8bbf3) (json: {"instanceId":{"Value":"c36a3685-d528-4670-bea5-56dcc5f8bbf3"},"id":1,"title":"incident1Title","description":"incident1Description","state":0,"ignorable":false,"immediate":false,"influenceable":false,"pickPoolSize":1,"month":0,"type":"Luck","tags":["Gift"],"addSerializedOffer":"","applicationCost":{"expenses":[],"breakBuilding":4294967295,"time":0},"applicationBenefit":{"removeIncident":[],"addTalent":[],"fairyDust":0,"income":[{"currency":"FIAT","value":250}],"repairBuilding":4294967295},"ignoranceCost":{"expenses":[],"breakBuilding":4294967295,"time":0}})
Comparing new value: 100 with the current value 100
Panel animation complete
Opening the panel is complete
Closing the panel
Starting panel animation
The player has seen all wheel incidents and thus completes their turn.
Server: A player has completed their turn
Server: All players have completed their turn
Exit flow state to: FlowPhase(0x20, PLAYER_TRADE)
Closing the panel
Starting panel animation
Server: Resetting the end-turn flow condition
Opening the panel
Starting panel animation
Closing the panel
Starting panel animation
Panel animation complete
Closing the panel is complete
good incidents end
endturn start
Opening the panel
Starting panel animation
Panel animation complete
Closing the panel is complete
Closing the panel
Starting panel animation
Panel animation complete
Closing the panel is complete
Opening the panel
Starting panel animation
Panel animation complete
Opening the panel is complete
Closing the panel
Starting panel animation
Panel animation complete
Closing the panel is complete
OnApplicationFocus(False) started
OnApplicationFocus(False) called on a client
Received message from client: NSM(source=CLIENT, event=FOCUS, status=False) (from: hostId: -1 connectionId: 0 isReady: True channel count: 0)
OnApplicationQuit() called
OnApplicationQuit() called on a client
Received message from client: NSM(source=CLIENT, event=QUIT, status=True) (from: hostId: -1 connectionId: 0 isReady: True channel count: 0)
