Logfile created: 2019/11/19 14:52:07
Setting the device to never fall asleep.
Opening the panel
Starting panel animation
OnApplicationFocus(True) started
Reading XML file at 'C:/Users/cup2f/OneDrive/Documents/Polymoney/Assets/StreamingAssets\lang/eng.xml'
Panel animation complete
Opening the panel is complete
OnApplicationFocus(False) started
OnApplicationFocus(True) started
OnApplicationFocus(False) started
OnApplicationFocus(False) started
OnApplicationFocus(True) started
OnApplicationFocus(True) started
OnApplicationFocus(True) started
OnApplicationFocus(False) started
OnApplicationFocus(True) started
OnApplicationFocus(True) started
OnApplicationFocus(False) started
OnApplicationFocus(True) started
OnApplicationFocus(True) started
Closing the panel
Starting panel animation
Opening the panel
Starting panel animation
Panel animation complete
Closing the panel is complete
Panel animation complete
Opening the panel is complete
Opening the panel
Starting panel animation
Closing the panel
Starting panel animation
Panel animation complete
Opening the panel is complete
Panel animation complete
Closing the panel is complete
OnApplicationFocus(False) started
OnApplicationQuit() called
