Logfile created: 2019/11/21 11:19:06
Setting the device to never fall asleep.
Searching for localised text data in 'lang'
Reading XML file at 'C:/Users/cup2f/OneDrive/Documents/Polymoney/Assets/StreamingAssets\lang/languages.xml'
Opening the panel
Starting panel animation
Reading XML file at 'C:/Users/cup2f/OneDrive/Documents/Polymoney/Assets/StreamingAssets\lang/eng.xml'
Reading XML file at 'C:/Users/cup2f/OneDrive/Documents/Polymoney/Assets/StreamingAssets\lang/deu.xml'
Panel animation complete
Opening the panel is complete
Closing the panel
Starting panel animation
Opening the panel
Starting panel animation
Panel animation complete
Closing the panel is complete
Panel animation complete
Opening the panel is complete
OnStartHost()
Server: Setting broadcast data to 'PolymoneyGame::192.168.1.11:20120'
OnLobbyStartHost()
OnStartServer()
OnLobbyStartServer()
Server: A new client has connected.
OnStartClient(client=UnityEngine.Networking.LocalClient) for server at 
OnLobbyStartClient(client=UnityEngine.Networking.LocalClient)
OnClientConnect(conn=hostId: -1 connectionId: 0 isReady: False channel count: 0)
OnLobbyClientConnect(conn=hostId: -1 connectionId: 0 isReady: False channel count: 0) with address localServer)
Opening the panel
Starting panel animation
Closing the panel
Starting panel animation
Server: A player was added.
OnLobbyServerCreateLobbyPlayer(conn=hostId: -1 connectionId: 0 isReady: True channel count: 0, controllerId=0)
Panel animation complete
Opening the panel is complete
Panel animation complete
Closing the panel is complete
OnApplicationFocus(False) started
OnApplicationFocus(False) called on a client
Received message from client: NSM(source=CLIENT, event=FOCUS, status=False) (from: hostId: -1 connectionId: 0 isReady: True channel count: 0)
All clients are available; the game may unpause.
Received message from server: NSM(source=SERVER, event=BLOCK_SCREEN, status=False)
The block-screen status for this client has changed to False
OnApplicationFocus(True) started
OnApplicationFocus(True) called on a client
Received message from client: NSM(source=CLIENT, event=FOCUS, status=True) (from: hostId: -1 connectionId: 0 isReady: True channel count: 0)
OnApplicationFocus(False) started
OnApplicationFocus(False) called on a client
Received message from client: NSM(source=CLIENT, event=FOCUS, status=False) (from: hostId: -1 connectionId: 0 isReady: True channel count: 0)
OnApplicationFocus(True) started
OnApplicationFocus(True) called on a client
Received message from client: NSM(source=CLIENT, event=FOCUS, status=True) (from: hostId: -1 connectionId: 0 isReady: True channel count: 0)
OnApplicationFocus(False) started
OnApplicationFocus(False) called on a client
Received message from client: NSM(source=CLIENT, event=FOCUS, status=False) (from: hostId: -1 connectionId: 0 isReady: True channel count: 0)
OnApplicationFocus(True) started
OnApplicationFocus(True) called on a client
Received message from client: NSM(source=CLIENT, event=FOCUS, status=True) (from: hostId: -1 connectionId: 0 isReady: True channel count: 0)
OnApplicationFocus(False) started
OnApplicationFocus(False) called on a client
Received message from client: NSM(source=CLIENT, event=FOCUS, status=False) (from: hostId: -1 connectionId: 0 isReady: True channel count: 0)
OnApplicationFocus(True) started
OnApplicationFocus(True) called on a client
Received message from client: NSM(source=CLIENT, event=FOCUS, status=True) (from: hostId: -1 connectionId: 0 isReady: True channel count: 0)
OnApplicationFocus(False) started
OnApplicationFocus(False) called on a client
Received message from client: NSM(source=CLIENT, event=FOCUS, status=False) (from: hostId: -1 connectionId: 0 isReady: True channel count: 0)
OnApplicationFocus(True) started
OnApplicationFocus(True) called on a client
Received message from client: NSM(source=CLIENT, event=FOCUS, status=True) (from: hostId: -1 connectionId: 0 isReady: True channel count: 0)
OnApplicationFocus(False) started
OnApplicationFocus(False) called on a client
Received message from client: NSM(source=CLIENT, event=FOCUS, status=False) (from: hostId: -1 connectionId: 0 isReady: True channel count: 0)
OnApplicationFocus(True) started
OnApplicationFocus(True) called on a client
Received message from client: NSM(source=CLIENT, event=FOCUS, status=True) (from: hostId: -1 connectionId: 0 isReady: True channel count: 0)
OnLobbyServerPlayersReady()
OnClientNotReady(conn=hostId: -1 connectionId: 0 isReady: True channel count: 0)
The initial state will be 'FlowPhase(0x1, INTRO_WORLD)'
OnLobbyServerCreateGamePlayer(conn=hostId: -1 connectionId: 0 isReady: False channel count: 0, controllerId=0)
The player GGGGG would like to run for mayor.
Game unpaused
Player 'GGGGG' (netid: 2) was registered
The authoritative player's name is 'GGGGG'
Closing the panel
Starting panel animation
Building 'Industrial' (netid: 3) was registered
The luminance was changed to 1
Building 'Lake' (netid: 4) was registered
The luminance was changed to 1
Building 'Building (7)' (netid: 5) was registered
The luminance was changed to 1
Building 'Tree' (netid: 6) was registered
The luminance was changed to 1
Building 'Administration' (netid: 8) was registered
The luminance was changed to 1
Building 'Garden' (netid: 9) was registered
The luminance was changed to 1
Building 'Building (9)' (netid: 10) was registered
The luminance was changed to 1
Building 'Villa' (netid: 11) was registered
The luminance was changed to 1
Building 'Park' (netid: 12) was registered
The luminance was changed to 1
Building 'School' (netid: 13) was registered
The luminance was changed to 1
Building 'Building (5)' (netid: 14) was registered
The luminance was changed to 1
Building 'Offices' (netid: 15) was registered
The luminance was changed to 1
Building 'Building (2)' (netid: 16) was registered
The luminance was changed to 1
Building 'City Hall' (netid: 17) was registered
The luminance was changed to 0.1
Building 'Building (3)' (netid: 18) was registered
The luminance was changed to 1
Building 'Building (4)' (netid: 19) was registered
The luminance was changed to 1
Server: Adding myself as exit condition to the state 'PLAYER_EVENTS'
Server: Adding myself as exit condition to the state 'INTRO_WORLD'
Server: Adding myself as exit condition to the state 'PLAYER_TRADE'
Server: Adding myself as exit condition to the state 'END_MONTH_DISPLAY'
Server: Adding myself as exit condition to the state 'Q_INTRODUCTION'
Server: Adding myself as exit condition to the state 'MOVEMENT_TUTO'
Server: Adding myself as exit condition to the state 'Q_MARKET'
Server: Adding myself as exit condition to the state 'PLAYER_INTRODUCTION'
Server: Adding myself as exit condition to the state 'END'
Server: Adding myself as exit condition to the state 'GAMEOVER'
Server: Adding myself as exit condition to the state 'SUMMARY'
Opening the panel
Starting panel animation
Loaded level data from leveldata.json
Rpc: Set Guid of Offer 'IndustrialBuildingDeed' to 'fb7c87c4-f7ba-48ca-907c-3dd9fabbc520'
Rpc: Set Guid of Offer 'VillaDeed' to '8468deee-24f9-4399-9671-28cf121903a7'
Rpc: Set Guid of Offer 'ParkDeed' to '83bb12b4-e1c4-4336-b88b-27ee0c317c32'
Rpc: Set Guid of Offer 'LakeDeed' to '36147ff4-0794-4de7-8b52-e901ab0098f0'
Rpc: Set Guid of Offer 'TreeDeed' to '6a8dd13f-5538-410d-bdd4-7ad3a21f4de9'
Rpc: Set Guid of Offer 'GardenDeed' to '1ea49acc-88fd-4c29-9b96-c782bf0f37fe'
All player objects are initialized on this client and the level data is available
Cmd: A client has completed loading the player objects.
Rpc: All clients have completed loading their player objects.
Server: Running character generation
Closing the panel
Starting panel animation
Found NetworkIdentity NLobbyPlayer(Clone) - 1
Found NetworkIdentity GGGGG - 2
Found NetworkIdentity Industrial - 3
Found NetworkIdentity Lake - 4
Found NetworkIdentity Building (7) - 5
Found NetworkIdentity Tree - 6
Found NetworkIdentity Summary - 7
Found NetworkIdentity Administration - 8
Found NetworkIdentity Garden - 9
Found NetworkIdentity Building (9) - 10
Found NetworkIdentity Villa - 11
Found NetworkIdentity Park - 12
Found NetworkIdentity School - 13
Found NetworkIdentity Building (5) - 14
Found NetworkIdentity Offices - 15
Found NetworkIdentity Building (2) - 16
Found NetworkIdentity City Hall - 17
Found NetworkIdentity Building (3) - 18
Found NetworkIdentity Building (4) - 19
Found NetworkIdentity NLevel - 20
Rpc: The player (netid: 2) is now called 'GGGGG'.
Rpc: The player (netid: 2) is now mayor: True
Rpc: The player 'GGGGG' (netid: 2) now has the person Person(i=0, t=mayorPerson0Name).
Rpc: The player 'GGGGG' (netid: 2) now has the home Home(i=0, t=mayorHome0Title, r=0).
Rpc: The player 'GGGGG' (netid: 2) now has the job Job(i=0, t=mayorJob0Title, s=0).
Rpc: Adding a talent: Talent(i=0, t=mayorTalent0Title, d=mayorTalent0Description, ty=mayorTalent0Type, tags=[Infrastructure]) (json: {"title":"mayorTalent0Title","description":"mayorTalent0Description","id":0,"type":"mayorTalent0Type","tags":["Infrastructure"]})
Rpc: Market b9efc290-3932-441d-af2e-2f58c2e8b7bf has a new seller: GGGGG.
Rpc: The player GGGGG now owns the marketplace b9efc290-3932-441d-af2e-2f58c2e8b7bf.
Rpc: Market 06d02a6c-8a04-42cd-b4e1-3b6e40c0d0bf has a new seller: GGGGG.
Loading the character model for player 'GGGGG' (netid: 2, mayor: True).
started for major
Panel animation complete
Closing the panel is complete
Panel animation complete
Opening the panel is complete
Panel animation complete
Closing the panel is complete
Opening the panel
Starting panel animation
OnApplicationFocus(False) started
OnApplicationFocus(False) called on a client
Received message from client: NSM(source=CLIENT, event=FOCUS, status=False) (from: hostId: -1 connectionId: 0 isReady: True channel count: 0)
Panel animation complete
Opening the panel is complete
OnApplicationFocus(True) started
OnApplicationFocus(True) called on a client
Received message from client: NSM(source=CLIENT, event=FOCUS, status=True) (from: hostId: -1 connectionId: 0 isReady: True channel count: 0)
OnApplicationFocus(False) started
OnApplicationFocus(False) called on a client
Received message from client: NSM(source=CLIENT, event=FOCUS, status=False) (from: hostId: -1 connectionId: 0 isReady: True channel count: 0)
OnApplicationFocus(True) started
OnApplicationFocus(True) called on a client
Received message from client: NSM(source=CLIENT, event=FOCUS, status=True) (from: hostId: -1 connectionId: 0 isReady: True channel count: 0)
Closing the panel
Starting panel animation
Panel animation complete
Closing the panel is complete
Opening the panel
Starting panel animation
Panel animation complete
Opening the panel is complete
Closing the panel
Starting panel animation
Panel animation complete
Closing the panel is complete
Server: A player has completed their turn
Server: All players have completed their turn
Exit flow state to: FlowPhase(0x4, PLAYER_INTRODUCTION)
Server: Resetting the end-turn flow condition
Opening the panel
Starting panel animation
Panel animation complete
Opening the panel is complete
Closing the panel
Starting panel animation
Panel animation complete
Closing the panel is complete
Opening the panel
Starting panel animation
Panel animation complete
Opening the panel is complete
Closing the panel
Starting panel animation
Panel animation complete
Closing the panel is complete
Opening the panel
Starting panel animation
Panel animation complete
Opening the panel is complete
Closing the panel
Starting panel animation
Panel animation complete
Closing the panel is complete
Server: A player has completed their turn
Server: All players have completed their turn
Exit flow state to: FlowPhase(0x2000, MOVEMENT_TUTO)
Server: Resetting the end-turn flow condition
movement start
Opening the panel
Starting panel animation
Panel animation complete
Opening the panel is complete
OnApplicationFocus(False) started
OnApplicationFocus(False) called on a client
Received message from client: NSM(source=CLIENT, event=FOCUS, status=False) (from: hostId: -1 connectionId: 0 isReady: True channel count: 0)
OnApplicationFocus(True) started
OnApplicationFocus(True) called on a client
Received message from client: NSM(source=CLIENT, event=FOCUS, status=True) (from: hostId: -1 connectionId: 0 isReady: True channel count: 0)
Closing the panel
Starting panel animation
Panel animation complete
Closing the panel is complete
check movement
OnApplicationFocus(False) started
OnApplicationFocus(False) called on a client
Received message from client: NSM(source=CLIENT, event=FOCUS, status=False) (from: hostId: -1 connectionId: 0 isReady: True channel count: 0)
OnApplicationFocus(True) started
OnApplicationFocus(True) called on a client
Received message from client: NSM(source=CLIENT, event=FOCUS, status=True) (from: hostId: -1 connectionId: 0 isReady: True channel count: 0)
OnApplicationFocus(True) started
OnApplicationFocus(True) called on a client
Received message from client: NSM(source=CLIENT, event=FOCUS, status=True) (from: hostId: -1 connectionId: 0 isReady: True channel count: 0)
Opening the panel
Starting panel animation
Panel animation complete
Opening the panel is complete
Opening the panel
Closing the panel
Starting panel animation
Starting panel animation
Panel animation complete
Closing the panel is complete
Panel animation complete
Opening the panel is complete
Opening the panel
Closing the panel
Starting panel animation
Starting panel animation
Panel animation complete
Closing the panel is complete
Panel animation complete
Opening the panel is complete
OnApplicationFocus(False) started
OnApplicationFocus(False) called on a client
Received message from client: NSM(source=CLIENT, event=FOCUS, status=False) (from: hostId: -1 connectionId: 0 isReady: True channel count: 0)
OnApplicationQuit() called
OnApplicationQuit() called on a client
Received message from client: NSM(source=CLIENT, event=QUIT, status=True) (from: hostId: -1 connectionId: 0 isReady: True channel count: 0)
